mode: set
github.com/kubernetes-sigs/aws-efs-csi-driver/pkg/driver/config_dir.go:52.72,55.49 1 0
github.com/kubernetes-sigs/aws-efs-csi-driver/pkg/driver/config_dir.go:55.49,58.3 2 0
github.com/kubernetes-sigs/aws-efs-csi-driver/pkg/driver/config_dir.go:61.2,61.49 1 0
github.com/kubernetes-sigs/aws-efs-csi-driver/pkg/driver/config_dir.go:61.49,62.47 1 0
github.com/kubernetes-sigs/aws-efs-csi-driver/pkg/driver/config_dir.go:62.47,64.58 2 0
github.com/kubernetes-sigs/aws-efs-csi-driver/pkg/driver/config_dir.go:64.58,69.5 1 0
github.com/kubernetes-sigs/aws-efs-csi-driver/pkg/driver/config_dir.go:70.4,70.14 1 0
github.com/kubernetes-sigs/aws-efs-csi-driver/pkg/driver/config_dir.go:75.2,76.53 2 0
github.com/kubernetes-sigs/aws-efs-csi-driver/pkg/driver/config_dir.go:76.53,77.60 1 0
github.com/kubernetes-sigs/aws-efs-csi-driver/pkg/driver/config_dir.go:77.60,83.4 1 0
github.com/kubernetes-sigs/aws-efs-csi-driver/pkg/driver/config_dir.go:84.3,85.13 2 0
github.com/kubernetes-sigs/aws-efs-csi-driver/pkg/driver/config_dir.go:88.2,91.63 2 0
github.com/kubernetes-sigs/aws-efs-csi-driver/pkg/driver/config_dir.go:91.63,97.3 1 0
github.com/kubernetes-sigs/aws-efs-csi-driver/pkg/driver/config_dir.go:99.2,99.12 1 0
github.com/kubernetes-sigs/aws-efs-csi-driver/pkg/driver/controller.go:83.117,94.70 7 0
github.com/kubernetes-sigs/aws-efs-csi-driver/pkg/driver/controller.go:94.70,96.17 2 0
github.com/kubernetes-sigs/aws-efs-csi-driver/pkg/driver/controller.go:96.17,98.4 1 0
github.com/kubernetes-sigs/aws-efs-csi-driver/pkg/driver/controller.go:99.3,99.23 1 0
github.com/kubernetes-sigs/aws-efs-csi-driver/pkg/driver/controller.go:99.23,102.4 2 0
github.com/kubernetes-sigs/aws-efs-csi-driver/pkg/driver/controller.go:104.2,104.19 1 0
github.com/kubernetes-sigs/aws-efs-csi-driver/pkg/driver/controller.go:104.19,106.3 1 0
github.com/kubernetes-sigs/aws-efs-csi-driver/pkg/driver/controller.go:110.2,113.23 3 0
github.com/kubernetes-sigs/aws-efs-csi-driver/pkg/driver/controller.go:113.23,115.3 1 0
github.com/kubernetes-sigs/aws-efs-csi-driver/pkg/driver/controller.go:117.2,117.61 1 0
github.com/kubernetes-sigs/aws-efs-csi-driver/pkg/driver/controller.go:117.61,119.3 1 0
github.com/kubernetes-sigs/aws-efs-csi-driver/pkg/driver/controller.go:120.2,120.50 1 0
github.com/kubernetes-sigs/aws-efs-csi-driver/pkg/driver/controller.go:120.50,122.3 1 0
github.com/kubernetes-sigs/aws-efs-csi-driver/pkg/driver/controller.go:124.2,138.53 2 0
github.com/kubernetes-sigs/aws-efs-csi-driver/pkg/driver/controller.go:138.53,141.42 2 0
github.com/kubernetes-sigs/aws-efs-csi-driver/pkg/driver/controller.go:141.42,144.4 2 0
github.com/kubernetes-sigs/aws-efs-csi-driver/pkg/driver/controller.go:145.8,147.3 1 0
github.com/kubernetes-sigs/aws-efs-csi-driver/pkg/driver/controller.go:149.2,153.41 2 0
github.com/kubernetes-sigs/aws-efs-csi-driver/pkg/driver/controller.go:153.41,154.37 1 0
github.com/kubernetes-sigs/aws-efs-csi-driver/pkg/driver/controller.go:154.37,156.4 1 0
github.com/kubernetes-sigs/aws-efs-csi-driver/pkg/driver/controller.go:157.3,157.43 1 0
github.com/kubernetes-sigs/aws-efs-csi-driver/pkg/driver/controller.go:158.8,160.3 1 0
github.com/kubernetes-sigs/aws-efs-csi-driver/pkg/driver/controller.go:162.2,163.16 2 0
github.com/kubernetes-sigs/aws-efs-csi-driver/pkg/driver/controller.go:163.16,165.3 1 0
github.com/kubernetes-sigs/aws-efs-csi-driver/pkg/driver/controller.go:167.2,170.22 2 0
github.com/kubernetes-sigs/aws-efs-csi-driver/pkg/driver/controller.go:170.22,172.17 2 0
github.com/kubernetes-sigs/aws-efs-csi-driver/pkg/driver/controller.go:172.17,174.4 1 0
github.com/kubernetes-sigs/aws-efs-csi-driver/pkg/driver/controller.go:175.3,175.24 1 0
github.com/kubernetes-sigs/aws-efs-csi-driver/pkg/driver/controller.go:175.24,185.89 3 0
github.com/kubernetes-sigs/aws-efs-csi-driver/pkg/driver/controller.go:185.89,187.5 1 0
github.com/kubernetes-sigs/aws-efs-csi-driver/pkg/driver/controller.go:187.10,189.5 1 0
github.com/kubernetes-sigs/aws-efs-csi-driver/pkg/driver/controller.go:193.2,193.24 1 0
github.com/kubernetes-sigs/aws-efs-csi-driver/pkg/driver/controller.go:193.24,200.23 2 0
github.com/kubernetes-sigs/aws-efs-csi-driver/pkg/driver/controller.go:200.23,201.29 1 0
github.com/kubernetes-sigs/aws-efs-csi-driver/pkg/driver/controller.go:201.29,203.5 1 0
github.com/kubernetes-sigs/aws-efs-csi-driver/pkg/driver/controller.go:206.3,209.41 3 0
github.com/kubernetes-sigs/aws-efs-csi-driver/pkg/driver/controller.go:209.41,211.18 2 0
github.com/kubernetes-sigs/aws-efs-csi-driver/pkg/driver/controller.go:211.18,213.5 1 0
github.com/kubernetes-sigs/aws-efs-csi-driver/pkg/driver/controller.go:214.4,214.15 1 0
github.com/kubernetes-sigs/aws-efs-csi-driver/pkg/driver/controller.go:214.15,216.5 1 0
github.com/kubernetes-sigs/aws-efs-csi-driver/pkg/driver/controller.go:219.3,220.41 2 0
github.com/kubernetes-sigs/aws-efs-csi-driver/pkg/driver/controller.go:220.41,222.18 2 0
github.com/kubernetes-sigs/aws-efs-csi-driver/pkg/driver/controller.go:222.18,224.5 1 0
github.com/kubernetes-sigs/aws-efs-csi-driver/pkg/driver/controller.go:225.4,225.15 1 0
github.com/kubernetes-sigs/aws-efs-csi-driver/pkg/driver/controller.go:225.15,227.5 1 0
github.com/kubernetes-sigs/aws-efs-csi-driver/pkg/driver/controller.go:230.3,230.44 1 0
github.com/kubernetes-sigs/aws-efs-csi-driver/pkg/driver/controller.go:230.44,232.18 2 0
github.com/kubernetes-sigs/aws-efs-csi-driver/pkg/driver/controller.go:232.18,234.5 1 0
github.com/kubernetes-sigs/aws-efs-csi-driver/pkg/driver/controller.go:235.4,235.19 1 0
github.com/kubernetes-sigs/aws-efs-csi-driver/pkg/driver/controller.go:235.19,237.5 1 0
github.com/kubernetes-sigs/aws-efs-csi-driver/pkg/driver/controller.go:240.3,240.44 1 0
github.com/kubernetes-sigs/aws-efs-csi-driver/pkg/driver/controller.go:240.44,242.19 1 0
github.com/kubernetes-sigs/aws-efs-csi-driver/pkg/driver/controller.go:242.19,244.5 1 0
github.com/kubernetes-sigs/aws-efs-csi-driver/pkg/driver/controller.go:245.4,246.18 2 0
github.com/kubernetes-sigs/aws-efs-csi-driver/pkg/driver/controller.go:246.18,248.5 1 0
github.com/kubernetes-sigs/aws-efs-csi-driver/pkg/driver/controller.go:249.4,249.24 1 0
github.com/kubernetes-sigs/aws-efs-csi-driver/pkg/driver/controller.go:249.24,251.5 1 0
github.com/kubernetes-sigs/aws-efs-csi-driver/pkg/driver/controller.go:252.9,254.19 1 0
github.com/kubernetes-sigs/aws-efs-csi-driver/pkg/driver/controller.go:254.19,256.5 1 0
github.com/kubernetes-sigs/aws-efs-csi-driver/pkg/driver/controller.go:260.3,260.33 1 0
github.com/kubernetes-sigs/aws-efs-csi-driver/pkg/driver/controller.go:260.33,263.4 2 0
github.com/kubernetes-sigs/aws-efs-csi-driver/pkg/driver/controller.go:265.3,265.52 1 0
github.com/kubernetes-sigs/aws-efs-csi-driver/pkg/driver/controller.go:265.52,267.4 1 0
github.com/kubernetes-sigs/aws-efs-csi-driver/pkg/driver/controller.go:274.3,274.44 1 0
github.com/kubernetes-sigs/aws-efs-csi-driver/pkg/driver/controller.go:274.44,276.4 1 0
github.com/kubernetes-sigs/aws-efs-csi-driver/pkg/driver/controller.go:280.3,281.29 2 0
github.com/kubernetes-sigs/aws-efs-csi-driver/pkg/driver/controller.go:281.29,283.4 1 0
github.com/kubernetes-sigs/aws-efs-csi-driver/pkg/driver/controller.go:283.9,285.4 1 0
github.com/kubernetes-sigs/aws-efs-csi-driver/pkg/driver/controller.go:286.3,286.17 1 0
github.com/kubernetes-sigs/aws-efs-csi-driver/pkg/driver/controller.go:286.17,287.36 1 0
github.com/kubernetes-sigs/aws-efs-csi-driver/pkg/driver/controller.go:287.36,289.5 1 0
github.com/kubernetes-sigs/aws-efs-csi-driver/pkg/driver/controller.go:290.4,290.32 1 0
github.com/kubernetes-sigs/aws-efs-csi-driver/pkg/driver/controller.go:290.32,292.5 1 0
github.com/kubernetes-sigs/aws-efs-csi-driver/pkg/driver/controller.go:293.4,293.111 1 0
github.com/kubernetes-sigs/aws-efs-csi-driver/pkg/driver/controller.go:296.3,297.29 2 0
github.com/kubernetes-sigs/aws-efs-csi-driver/pkg/driver/controller.go:297.29,299.18 2 0
github.com/kubernetes-sigs/aws-efs-csi-driver/pkg/driver/controller.go:299.18,301.5 1 0
github.com/kubernetes-sigs/aws-efs-csi-driver/pkg/driver/controller.go:303.3,303.16 1 0
github.com/kubernetes-sigs/aws-efs-csi-driver/pkg/driver/controller.go:303.16,305.4 1 0
github.com/kubernetes-sigs/aws-efs-csi-driver/pkg/driver/controller.go:306.3,306.16 1 0
github.com/kubernetes-sigs/aws-efs-csi-driver/pkg/driver/controller.go:306.16,308.4 1 0
github.com/kubernetes-sigs/aws-efs-csi-driver/pkg/driver/controller.go:310.3,310.46 1 0
github.com/kubernetes-sigs/aws-efs-csi-driver/pkg/driver/controller.go:310.46,312.4 1 0
github.com/kubernetes-sigs/aws-efs-csi-driver/pkg/driver/controller.go:314.3,316.52 2 0
github.com/kubernetes-sigs/aws-efs-csi-driver/pkg/driver/controller.go:316.52,319.18 2 0
github.com/kubernetes-sigs/aws-efs-csi-driver/pkg/driver/controller.go:319.18,322.61 3 0
github.com/kubernetes-sigs/aws-efs-csi-driver/pkg/driver/controller.go:322.61,323.102 1 0
github.com/kubernetes-sigs/aws-efs-csi-driver/pkg/driver/controller.go:323.102,325.7 1 0
github.com/kubernetes-sigs/aws-efs-csi-driver/pkg/driver/controller.go:325.12,328.7 2 0
github.com/kubernetes-sigs/aws-efs-csi-driver/pkg/driver/controller.go:329.11,332.6 2 0
github.com/kubernetes-sigs/aws-efs-csi-driver/pkg/driver/controller.go:333.10,335.5 1 0
github.com/kubernetes-sigs/aws-efs-csi-driver/pkg/driver/controller.go:336.9,338.4 1 0
github.com/kubernetes-sigs/aws-efs-csi-driver/pkg/driver/controller.go:340.3,341.59 2 0
github.com/kubernetes-sigs/aws-efs-csi-driver/pkg/driver/controller.go:341.59,343.4 1 0
github.com/kubernetes-sigs/aws-efs-csi-driver/pkg/driver/controller.go:344.3,351.17 6 0
github.com/kubernetes-sigs/aws-efs-csi-driver/pkg/driver/controller.go:351.17,352.36 1 0
github.com/kubernetes-sigs/aws-efs-csi-driver/pkg/driver/controller.go:352.36,354.5 1 0
github.com/kubernetes-sigs/aws-efs-csi-driver/pkg/driver/controller.go:354.10,354.44 1 0
github.com/kubernetes-sigs/aws-efs-csi-driver/pkg/driver/controller.go:354.44,357.19 3 0
github.com/kubernetes-sigs/aws-efs-csi-driver/pkg/driver/controller.go:357.19,359.6 1 0
github.com/kubernetes-sigs/aws-efs-csi-driver/pkg/driver/controller.go:360.5,360.35 1 0
github.com/kubernetes-sigs/aws-efs-csi-driver/pkg/driver/controller.go:360.35,362.6 1 0
github.com/kubernetes-sigs/aws-efs-csi-driver/pkg/driver/controller.go:363.5,364.19 2 0
github.com/kubernetes-sigs/aws-efs-csi-driver/pkg/driver/controller.go:364.19,366.6 1 0
github.com/kubernetes-sigs/aws-efs-csi-driver/pkg/driver/controller.go:367.5,367.38 1 0
github.com/kubernetes-sigs/aws-efs-csi-driver/pkg/driver/controller.go:368.10,370.5 1 0
github.com/kubernetes-sigs/aws-efs-csi-driver/pkg/driver/controller.go:374.3,374.88 1 0
github.com/kubernetes-sigs/aws-efs-csi-driver/pkg/driver/controller.go:374.88,376.4 1 0
github.com/kubernetes-sigs/aws-efs-csi-driver/pkg/driver/controller.go:376.9,378.4 1 0
github.com/kubernetes-sigs/aws-efs-csi-driver/pkg/driver/controller.go:381.2,384.19 2 0
github.com/kubernetes-sigs/aws-efs-csi-driver/pkg/driver/controller.go:384.19,385.29 1 0
github.com/kubernetes-sigs/aws-efs-csi-driver/pkg/driver/controller.go:385.29,391.4 1 0
github.com/kubernetes-sigs/aws-efs-csi-driver/pkg/driver/controller.go:391.9,393.18 2 0
github.com/kubernetes-sigs/aws-efs-csi-driver/pkg/driver/controller.go:393.18,395.5 1 0
github.com/kubernetes-sigs/aws-efs-csi-driver/pkg/driver/controller.go:395.10,397.5 1 0
github.com/kubernetes-sigs/aws-efs-csi-driver/pkg/driver/controller.go:402.2,408.8 1 0
github.com/kubernetes-sigs/aws-efs-csi-driver/pkg/driver/controller.go:411.117,420.16 3 0
github.com/kubernetes-sigs/aws-efs-csi-driver/pkg/driver/controller.go:420.16,422.3 1 0
github.com/kubernetes-sigs/aws-efs-csi-driver/pkg/driver/controller.go:424.2,426.17 3 0
github.com/kubernetes-sigs/aws-efs-csi-driver/pkg/driver/controller.go:426.17,428.3 1 0
github.com/kubernetes-sigs/aws-efs-csi-driver/pkg/driver/controller.go:430.2,431.16 2 0
github.com/kubernetes-sigs/aws-efs-csi-driver/pkg/driver/controller.go:431.16,435.3 2 0
github.com/kubernetes-sigs/aws-efs-csi-driver/pkg/driver/controller.go:437.2,437.25 1 0
github.com/kubernetes-sigs/aws-efs-csi-driver/pkg/driver/controller.go:437.25,440.3 2 0
github.com/kubernetes-sigs/aws-efs-csi-driver/pkg/driver/controller.go:443.2,443.75 1 0
github.com/kubernetes-sigs/aws-efs-csi-driver/pkg/driver/controller.go:443.75,445.3 1 0
github.com/kubernetes-sigs/aws-efs-csi-driver/pkg/driver/controller.go:445.8,447.3 1 0
github.com/kubernetes-sigs/aws-efs-csi-driver/pkg/driver/controller.go:451.2,451.32 1 0
github.com/kubernetes-sigs/aws-efs-csi-driver/pkg/driver/controller.go:451.32,456.16 3 0
github.com/kubernetes-sigs/aws-efs-csi-driver/pkg/driver/controller.go:456.16,457.24 1 0
github.com/kubernetes-sigs/aws-efs-csi-driver/pkg/driver/controller.go:457.24,460.19 2 0
github.com/kubernetes-sigs/aws-efs-csi-driver/pkg/driver/controller.go:460.19,462.6 1 0
github.com/kubernetes-sigs/aws-efs-csi-driver/pkg/driver/controller.go:464.5,464.22 1 0
github.com/kubernetes-sigs/aws-efs-csi-driver/pkg/driver/controller.go:464.22,465.54 1 0
github.com/kubernetes-sigs/aws-efs-csi-driver/pkg/driver/controller.go:465.54,468.7 2 0
github.com/kubernetes-sigs/aws-efs-csi-driver/pkg/driver/controller.go:473.5,473.68 1 0
github.com/kubernetes-sigs/aws-efs-csi-driver/pkg/driver/controller.go:473.68,475.6 1 0
github.com/kubernetes-sigs/aws-efs-csi-driver/pkg/driver/controller.go:481.3,482.17 2 0
github.com/kubernetes-sigs/aws-efs-csi-driver/pkg/driver/controller.go:482.17,483.36 1 0
github.com/kubernetes-sigs/aws-efs-csi-driver/pkg/driver/controller.go:483.36,485.5 1 0
github.com/kubernetes-sigs/aws-efs-csi-driver/pkg/driver/controller.go:486.4,486.32 1 0
github.com/kubernetes-sigs/aws-efs-csi-driver/pkg/driver/controller.go:486.32,489.5 2 0
github.com/kubernetes-sigs/aws-efs-csi-driver/pkg/driver/controller.go:490.4,490.120 1 0
github.com/kubernetes-sigs/aws-efs-csi-driver/pkg/driver/controller.go:494.3,495.20 2 0
github.com/kubernetes-sigs/aws-efs-csi-driver/pkg/driver/controller.go:495.20,496.30 1 0
github.com/kubernetes-sigs/aws-efs-csi-driver/pkg/driver/controller.go:496.30,499.5 1 0
github.com/kubernetes-sigs/aws-efs-csi-driver/pkg/driver/controller.go:499.10,501.19 2 0
github.com/kubernetes-sigs/aws-efs-csi-driver/pkg/driver/controller.go:501.19,503.6 1 0
github.com/kubernetes-sigs/aws-efs-csi-driver/pkg/driver/controller.go:503.11,505.6 1 0
github.com/kubernetes-sigs/aws-efs-csi-driver/pkg/driver/controller.go:510.3,510.51 1 0
github.com/kubernetes-sigs/aws-efs-csi-driver/pkg/driver/controller.go:510.51,512.4 1 0
github.com/kubernetes-sigs/aws-efs-csi-driver/pkg/driver/controller.go:515.3,516.17 2 0
github.com/kubernetes-sigs/aws-efs-csi-driver/pkg/driver/controller.go:516.17,518.4 1 0
github.com/kubernetes-sigs/aws-efs-csi-driver/pkg/driver/controller.go:519.3,519.19 1 0
github.com/kubernetes-sigs/aws-efs-csi-driver/pkg/driver/controller.go:519.19,520.85 1 0
github.com/kubernetes-sigs/aws-efs-csi-driver/pkg/driver/controller.go:520.85,522.5 1 0
github.com/kubernetes-sigs/aws-efs-csi-driver/pkg/driver/controller.go:526.3,527.105 2 0
github.com/kubernetes-sigs/aws-efs-csi-driver/pkg/driver/controller.go:527.105,529.4 1 0
github.com/kubernetes-sigs/aws-efs-csi-driver/pkg/driver/controller.go:530.3,530.17 1 0
github.com/kubernetes-sigs/aws-efs-csi-driver/pkg/driver/controller.go:530.17,532.4 1 0
github.com/kubernetes-sigs/aws-efs-csi-driver/pkg/driver/controller.go:533.3,534.17 2 0
github.com/kubernetes-sigs/aws-efs-csi-driver/pkg/driver/controller.go:534.17,536.4 1 0
github.com/kubernetes-sigs/aws-efs-csi-driver/pkg/driver/controller.go:537.3,538.40 2 0
github.com/kubernetes-sigs/aws-efs-csi-driver/pkg/driver/controller.go:538.40,540.4 1 0
github.com/kubernetes-sigs/aws-efs-csi-driver/pkg/driver/controller.go:543.3,543.25 1 0
github.com/kubernetes-sigs/aws-efs-csi-driver/pkg/driver/controller.go:547.2,547.72 1 0
github.com/kubernetes-sigs/aws-efs-csi-driver/pkg/driver/controller.go:547.72,548.35 1 0
github.com/kubernetes-sigs/aws-efs-csi-driver/pkg/driver/controller.go:548.35,550.4 1 0
github.com/kubernetes-sigs/aws-efs-csi-driver/pkg/driver/controller.go:551.3,551.31 1 0
github.com/kubernetes-sigs/aws-efs-csi-driver/pkg/driver/controller.go:551.31,554.4 2 0
github.com/kubernetes-sigs/aws-efs-csi-driver/pkg/driver/controller.go:555.3,555.90 1 0
github.com/kubernetes-sigs/aws-efs-csi-driver/pkg/driver/controller.go:558.2,558.41 1 0
github.com/kubernetes-sigs/aws-efs-csi-driver/pkg/driver/controller.go:561.150,563.2 1 0
github.com/kubernetes-sigs/aws-efs-csi-driver/pkg/driver/controller.go:565.156,567.2 1 0
github.com/kubernetes-sigs/aws-efs-csi-driver/pkg/driver/controller.go:569.159,572.17 3 0
github.com/kubernetes-sigs/aws-efs-csi-driver/pkg/driver/controller.go:572.17,574.3 1 0
github.com/kubernetes-sigs/aws-efs-csi-driver/pkg/driver/controller.go:576.2,577.23 2 0
github.com/kubernetes-sigs/aws-efs-csi-driver/pkg/driver/controller.go:577.23,579.3 1 0
github.com/kubernetes-sigs/aws-efs-csi-driver/pkg/driver/controller.go:581.2,582.16 2 0
github.com/kubernetes-sigs/aws-efs-csi-driver/pkg/driver/controller.go:582.16,584.3 1 0
github.com/kubernetes-sigs/aws-efs-csi-driver/pkg/driver/controller.go:586.2,587.61 2 0
github.com/kubernetes-sigs/aws-efs-csi-driver/pkg/driver/controller.go:587.61,589.3 1 0
github.com/kubernetes-sigs/aws-efs-csi-driver/pkg/driver/controller.go:590.2,592.8 1 0
github.com/kubernetes-sigs/aws-efs-csi-driver/pkg/driver/controller.go:595.114,597.2 1 0
github.com/kubernetes-sigs/aws-efs-csi-driver/pkg/driver/controller.go:599.114,601.2 1 0
github.com/kubernetes-sigs/aws-efs-csi-driver/pkg/driver/controller.go:603.156,606.37 3 0
github.com/kubernetes-sigs/aws-efs-csi-driver/pkg/driver/controller.go:606.37,615.3 2 0
github.com/kubernetes-sigs/aws-efs-csi-driver/pkg/driver/controller.go:616.2,616.72 1 0
github.com/kubernetes-sigs/aws-efs-csi-driver/pkg/driver/controller.go:619.123,621.2 1 0
github.com/kubernetes-sigs/aws-efs-csi-driver/pkg/driver/controller.go:623.123,625.2 1 0
github.com/kubernetes-sigs/aws-efs-csi-driver/pkg/driver/controller.go:627.120,629.2 1 0
github.com/kubernetes-sigs/aws-efs-csi-driver/pkg/driver/controller.go:631.147,633.2 1 0
github.com/kubernetes-sigs/aws-efs-csi-driver/pkg/driver/controller.go:635.138,637.2 1 0
github.com/kubernetes-sigs/aws-efs-csi-driver/pkg/driver/controller.go:639.147,641.2 1 0
github.com/kubernetes-sigs/aws-efs-csi-driver/pkg/driver/controller.go:643.93,652.39 5 0
github.com/kubernetes-sigs/aws-efs-csi-driver/pkg/driver/controller.go:652.39,654.3 1 0
github.com/kubernetes-sigs/aws-efs-csi-driver/pkg/driver/controller.go:655.2,655.44 1 0
github.com/kubernetes-sigs/aws-efs-csi-driver/pkg/driver/controller.go:655.44,657.17 2 0
github.com/kubernetes-sigs/aws-efs-csi-driver/pkg/driver/controller.go:657.17,659.4 1 0
github.com/kubernetes-sigs/aws-efs-csi-driver/pkg/driver/controller.go:660.8,662.3 1 0
github.com/kubernetes-sigs/aws-efs-csi-driver/pkg/driver/controller.go:664.2,664.19 1 0
github.com/kubernetes-sigs/aws-efs-csi-driver/pkg/driver/controller.go:664.19,666.17 2 0
github.com/kubernetes-sigs/aws-efs-csi-driver/pkg/driver/controller.go:666.17,668.4 1 0
github.com/kubernetes-sigs/aws-efs-csi-driver/pkg/driver/controller.go:669.8,671.3 1 0
github.com/kubernetes-sigs/aws-efs-csi-driver/pkg/driver/controller.go:673.2,673.57 1 0
github.com/kubernetes-sigs/aws-efs-csi-driver/pkg/driver/controller.go:676.109,681.69 3 0
github.com/kubernetes-sigs/aws-efs-csi-driver/pkg/driver/controller.go:681.69,685.3 1 0
github.com/kubernetes-sigs/aws-efs-csi-driver/pkg/driver/controller.go:686.2,686.20 1 0
github.com/kubernetes-sigs/aws-efs-csi-driver/pkg/driver/controller.go:689.81,692.61 3 0
github.com/kubernetes-sigs/aws-efs-csi-driver/pkg/driver/controller.go:692.61,696.3 3 0
github.com/kubernetes-sigs/aws-efs-csi-driver/pkg/driver/controller.go:697.2,697.30 1 0
github.com/kubernetes-sigs/aws-efs-csi-driver/pkg/driver/controller.go:700.44,704.44 3 0
github.com/kubernetes-sigs/aws-efs-csi-driver/pkg/driver/controller.go:704.44,707.3 2 0
github.com/kubernetes-sigs/aws-efs-csi-driver/pkg/driver/controller.go:708.2,709.13 2 0
github.com/kubernetes-sigs/aws-efs-csi-driver/pkg/driver/controller.go:712.69,713.29 1 0
github.com/kubernetes-sigs/aws-efs-csi-driver/pkg/driver/controller.go:713.29,716.3 1 0
github.com/kubernetes-sigs/aws-efs-csi-driver/pkg/driver/controller.go:716.8,716.49 1 0
github.com/kubernetes-sigs/aws-efs-csi-driver/pkg/driver/controller.go:716.49,719.3 1 0
github.com/kubernetes-sigs/aws-efs-csi-driver/pkg/driver/controller.go:719.8,721.3 1 0
github.com/kubernetes-sigs/aws-efs-csi-driver/pkg/driver/controller.go:724.39,728.2 3 0
github.com/kubernetes-sigs/aws-efs-csi-driver/pkg/driver/controller.go:730.125,734.71 3 0
github.com/kubernetes-sigs/aws-efs-csi-driver/pkg/driver/controller.go:734.71,736.3 1 0
github.com/kubernetes-sigs/aws-efs-csi-driver/pkg/driver/controller.go:738.2,738.42 1 0
github.com/kubernetes-sigs/aws-efs-csi-driver/pkg/driver/controller.go:738.42,740.3 1 0
github.com/kubernetes-sigs/aws-efs-csi-driver/pkg/driver/controller.go:742.2,742.94 1 0
github.com/kubernetes-sigs/aws-efs-csi-driver/pkg/driver/controller.go:742.94,744.3 1 0
github.com/kubernetes-sigs/aws-efs-csi-driver/pkg/driver/controller.go:746.2,746.94 1 0
github.com/kubernetes-sigs/aws-efs-csi-driver/pkg/driver/controller.go:746.94,748.3 1 0
github.com/kubernetes-sigs/aws-efs-csi-driver/pkg/driver/controller.go:750.2,750.12 1 0
github.com/kubernetes-sigs/aws-efs-csi-driver/pkg/driver/driver.go:59.226,61.16 2 0
github.com/kubernetes-sigs/aws-efs-csi-driver/pkg/driver/driver.go:61.16,63.3 1 0
github.com/kubernetes-sigs/aws-efs-csi-driver/pkg/driver/driver.go:65.2,83.3 3 0
github.com/kubernetes-sigs/aws-efs-csi-driver/pkg/driver/driver.go:86.89,88.21 2 0
github.com/kubernetes-sigs/aws-efs-csi-driver/pkg/driver/driver.go:88.21,91.3 2 0
github.com/kubernetes-sigs/aws-efs-csi-driver/pkg/driver/driver.go:91.8,93.3 1 0
github.com/kubernetes-sigs/aws-efs-csi-driver/pkg/driver/driver.go:94.2,94.14 1 0
github.com/kubernetes-sigs/aws-efs-csi-driver/pkg/driver/driver.go:97.30,99.16 2 0
github.com/kubernetes-sigs/aws-efs-csi-driver/pkg/driver/driver.go:99.16,101.3 1 0
github.com/kubernetes-sigs/aws-efs-csi-driver/pkg/driver/driver.go:103.2,104.16 2 0
github.com/kubernetes-sigs/aws-efs-csi-driver/pkg/driver/driver.go:104.16,106.3 1 0
github.com/kubernetes-sigs/aws-efs-csi-driver/pkg/driver/driver.go:108.2,108.131 1 0
github.com/kubernetes-sigs/aws-efs-csi-driver/pkg/driver/driver.go:108.131,110.17 2 0
github.com/kubernetes-sigs/aws-efs-csi-driver/pkg/driver/driver.go:110.17,112.4 1 0
github.com/kubernetes-sigs/aws-efs-csi-driver/pkg/driver/driver.go:113.3,113.19 1 0
github.com/kubernetes-sigs/aws-efs-csi-driver/pkg/driver/driver.go:115.2,127.46 9 0
github.com/kubernetes-sigs/aws-efs-csi-driver/pkg/driver/driver.go:127.46,129.3 1 0
github.com/kubernetes-sigs/aws-efs-csi-driver/pkg/driver/driver.go:131.2,137.66 4 0
github.com/kubernetes-sigs/aws-efs-csi-driver/pkg/driver/driver.go:137.66,139.3 1 0
github.com/kubernetes-sigs/aws-efs-csi-driver/pkg/driver/driver.go:141.2,142.30 2 0
github.com/kubernetes-sigs/aws-efs-csi-driver/pkg/driver/driver.go:145.56,146.15 1 0
github.com/kubernetes-sigs/aws-efs-csi-driver/pkg/driver/driver.go:146.15,147.31 1 0
github.com/kubernetes-sigs/aws-efs-csi-driver/pkg/driver/driver.go:147.31,149.4 1 0
github.com/kubernetes-sigs/aws-efs-csi-driver/pkg/driver/driver.go:152.2,153.18 2 0
github.com/kubernetes-sigs/aws-efs-csi-driver/pkg/driver/driver.go:153.18,156.3 2 0
github.com/kubernetes-sigs/aws-efs-csi-driver/pkg/driver/driver.go:157.2,158.33 2 0
github.com/kubernetes-sigs/aws-efs-csi-driver/pkg/driver/driver.go:158.33,161.3 2 0
github.com/kubernetes-sigs/aws-efs-csi-driver/pkg/driver/driver.go:162.2,162.10 1 0
github.com/kubernetes-sigs/aws-efs-csi-driver/pkg/driver/efs_watch_dog.go:190.100,198.2 1 1
github.com/kubernetes-sigs/aws-efs-csi-driver/pkg/driver/efs_watch_dog.go:200.38,201.62 1 0
github.com/kubernetes-sigs/aws-efs-csi-driver/pkg/driver/efs_watch_dog.go:201.62,203.3 1 0
github.com/kubernetes-sigs/aws-efs-csi-driver/pkg/driver/efs_watch_dog.go:205.2,205.59 1 0
github.com/kubernetes-sigs/aws-efs-csi-driver/pkg/driver/efs_watch_dog.go:205.59,207.3 1 0
github.com/kubernetes-sigs/aws-efs-csi-driver/pkg/driver/efs_watch_dog.go:209.2,211.12 2 0
github.com/kubernetes-sigs/aws-efs-csi-driver/pkg/driver/efs_watch_dog.go:214.60,215.47 1 1
github.com/kubernetes-sigs/aws-efs-csi-driver/pkg/driver/efs_watch_dog.go:215.47,217.3 1 1
github.com/kubernetes-sigs/aws-efs-csi-driver/pkg/driver/efs_watch_dog.go:219.2,219.56 1 1
github.com/kubernetes-sigs/aws-efs-csi-driver/pkg/driver/efs_watch_dog.go:219.56,221.3 1 0
github.com/kubernetes-sigs/aws-efs-csi-driver/pkg/driver/efs_watch_dog.go:222.2,222.12 1 1
github.com/kubernetes-sigs/aws-efs-csi-driver/pkg/driver/efs_watch_dog.go:232.51,234.2 1 1
github.com/kubernetes-sigs/aws-efs-csi-driver/pkg/driver/efs_watch_dog.go:236.58,237.43 1 1
github.com/kubernetes-sigs/aws-efs-csi-driver/pkg/driver/efs_watch_dog.go:237.43,239.3 1 1
github.com/kubernetes-sigs/aws-efs-csi-driver/pkg/driver/efs_watch_dog.go:241.2,242.16 2 1
github.com/kubernetes-sigs/aws-efs-csi-driver/pkg/driver/efs_watch_dog.go:242.16,244.3 1 1
github.com/kubernetes-sigs/aws-efs-csi-driver/pkg/driver/efs_watch_dog.go:245.2,245.32 1 1
github.com/kubernetes-sigs/aws-efs-csi-driver/pkg/driver/efs_watch_dog.go:245.32,249.49 3 1
github.com/kubernetes-sigs/aws-efs-csi-driver/pkg/driver/efs_watch_dog.go:249.49,251.45 2 1
github.com/kubernetes-sigs/aws-efs-csi-driver/pkg/driver/efs_watch_dog.go:251.45,253.5 1 1
github.com/kubernetes-sigs/aws-efs-csi-driver/pkg/driver/efs_watch_dog.go:254.9,254.51 1 1
github.com/kubernetes-sigs/aws-efs-csi-driver/pkg/driver/efs_watch_dog.go:254.51,256.45 2 0
github.com/kubernetes-sigs/aws-efs-csi-driver/pkg/driver/efs_watch_dog.go:256.45,258.5 1 0
github.com/kubernetes-sigs/aws-efs-csi-driver/pkg/driver/efs_watch_dog.go:259.9,261.4 1 1
github.com/kubernetes-sigs/aws-efs-csi-driver/pkg/driver/efs_watch_dog.go:263.2,263.12 1 1
github.com/kubernetes-sigs/aws-efs-csi-driver/pkg/driver/efs_watch_dog.go:266.38,268.16 2 1
github.com/kubernetes-sigs/aws-efs-csi-driver/pkg/driver/efs_watch_dog.go:268.16,270.3 1 0
github.com/kubernetes-sigs/aws-efs-csi-driver/pkg/driver/efs_watch_dog.go:271.2,274.16 3 1
github.com/kubernetes-sigs/aws-efs-csi-driver/pkg/driver/efs_watch_dog.go:274.16,276.3 1 0
github.com/kubernetes-sigs/aws-efs-csi-driver/pkg/driver/efs_watch_dog.go:277.2,280.12 3 1
github.com/kubernetes-sigs/aws-efs-csi-driver/pkg/driver/efs_watch_dog.go:283.67,286.16 3 1
github.com/kubernetes-sigs/aws-efs-csi-driver/pkg/driver/efs_watch_dog.go:286.16,288.3 1 0
github.com/kubernetes-sigs/aws-efs-csi-driver/pkg/driver/efs_watch_dog.go:289.2,295.31 6 1
github.com/kubernetes-sigs/aws-efs-csi-driver/pkg/driver/efs_watch_dog.go:295.31,297.3 1 1
github.com/kubernetes-sigs/aws-efs-csi-driver/pkg/driver/efs_watch_dog.go:298.2,299.57 2 1
github.com/kubernetes-sigs/aws-efs-csi-driver/pkg/driver/efs_watch_dog.go:299.57,301.3 1 0
github.com/kubernetes-sigs/aws-efs-csi-driver/pkg/driver/efs_watch_dog.go:302.2,302.12 1 1
github.com/kubernetes-sigs/aws-efs-csi-driver/pkg/driver/efs_watch_dog.go:306.31,310.26 3 0
github.com/kubernetes-sigs/aws-efs-csi-driver/pkg/driver/efs_watch_dog.go:310.26,313.17 3 0
github.com/kubernetes-sigs/aws-efs-csi-driver/pkg/driver/efs_watch_dog.go:313.17,315.4 1 0
github.com/kubernetes-sigs/aws-efs-csi-driver/pkg/driver/efs_watch_dog.go:317.2,317.15 1 0
github.com/kubernetes-sigs/aws-efs-csi-driver/pkg/driver/efs_watch_dog.go:321.56,322.6 1 0
github.com/kubernetes-sigs/aws-efs-csi-driver/pkg/driver/efs_watch_dog.go:322.6,323.10 1 0
github.com/kubernetes-sigs/aws-efs-csi-driver/pkg/driver/efs_watch_dog.go:324.17,326.9 2 0
github.com/kubernetes-sigs/aws-efs-csi-driver/pkg/driver/efs_watch_dog.go:327.11,329.18 2 0
github.com/kubernetes-sigs/aws-efs-csi-driver/pkg/driver/efs_watch_dog.go:329.18,331.5 1 0
github.com/kubernetes-sigs/aws-efs-csi-driver/pkg/driver/efs_watch_dog.go:336.37,345.16 7 0
github.com/kubernetes-sigs/aws-efs-csi-driver/pkg/driver/efs_watch_dog.go:345.16,347.3 1 0
github.com/kubernetes-sigs/aws-efs-csi-driver/pkg/driver/efs_watch_dog.go:348.2,350.19 2 0
github.com/kubernetes-sigs/aws-efs-csi-driver/pkg/driver/efs_watch_dog.go:360.67,362.16 2 0
github.com/kubernetes-sigs/aws-efs-csi-driver/pkg/driver/efs_watch_dog.go:362.16,364.3 1 0
github.com/kubernetes-sigs/aws-efs-csi-driver/pkg/driver/efs_watch_dog.go:366.2,366.36 1 0
github.com/kubernetes-sigs/aws-efs-csi-driver/pkg/driver/efs_watch_dog.go:366.36,367.56 1 0
github.com/kubernetes-sigs/aws-efs-csi-driver/pkg/driver/efs_watch_dog.go:367.56,369.58 2 0
github.com/kubernetes-sigs/aws-efs-csi-driver/pkg/driver/efs_watch_dog.go:369.58,371.5 1 0
github.com/kubernetes-sigs/aws-efs-csi-driver/pkg/driver/efs_watch_dog.go:374.2,374.12 1 0
github.com/kubernetes-sigs/aws-efs-csi-driver/pkg/driver/efs_watch_dog.go:377.53,379.16 2 0
github.com/kubernetes-sigs/aws-efs-csi-driver/pkg/driver/efs_watch_dog.go:379.16,381.3 1 0
github.com/kubernetes-sigs/aws-efs-csi-driver/pkg/driver/efs_watch_dog.go:383.2,386.16 3 0
github.com/kubernetes-sigs/aws-efs-csi-driver/pkg/driver/efs_watch_dog.go:386.16,388.3 1 0
github.com/kubernetes-sigs/aws-efs-csi-driver/pkg/driver/efs_watch_dog.go:390.2,390.12 1 0
github.com/kubernetes-sigs/aws-efs-csi-driver/pkg/driver/efs_watch_dog.go:399.48,405.2 1 0
github.com/kubernetes-sigs/aws-efs-csi-driver/pkg/driver/efs_watch_dog.go:407.47,413.2 1 0
github.com/kubernetes-sigs/aws-efs-csi-driver/pkg/driver/efs_watch_dog.go:414.58,418.2 3 0
github.com/kubernetes-sigs/aws-efs-csi-driver/pkg/driver/gid_allocator.go:23.37,25.2 1 0
github.com/kubernetes-sigs/aws-efs-csi-driver/pkg/driver/gid_allocator.go:28.120,35.16 5 0
github.com/kubernetes-sigs/aws-efs-csi-driver/pkg/driver/gid_allocator.go:35.16,37.3 1 0
github.com/kubernetes-sigs/aws-efs-csi-driver/pkg/driver/gid_allocator.go:39.2,41.16 2 0
github.com/kubernetes-sigs/aws-efs-csi-driver/pkg/driver/gid_allocator.go:41.16,44.3 1 0
github.com/kubernetes-sigs/aws-efs-csi-driver/pkg/driver/gid_allocator.go:46.2,46.17 1 0
github.com/kubernetes-sigs/aws-efs-csi-driver/pkg/driver/gid_allocator.go:49.110,51.28 2 0
github.com/kubernetes-sigs/aws-efs-csi-driver/pkg/driver/gid_allocator.go:51.28,53.3 1 0
github.com/kubernetes-sigs/aws-efs-csi-driver/pkg/driver/gid_allocator.go:54.2,54.34 1 0
github.com/kubernetes-sigs/aws-efs-csi-driver/pkg/driver/gid_allocator.go:54.34,56.16 1 0
github.com/kubernetes-sigs/aws-efs-csi-driver/pkg/driver/gid_allocator.go:56.16,57.12 1 0
github.com/kubernetes-sigs/aws-efs-csi-driver/pkg/driver/gid_allocator.go:59.3,59.26 1 0
github.com/kubernetes-sigs/aws-efs-csi-driver/pkg/driver/gid_allocator.go:59.26,61.4 1 0
github.com/kubernetes-sigs/aws-efs-csi-driver/pkg/driver/gid_allocator.go:63.2,64.8 2 0
github.com/kubernetes-sigs/aws-efs-csi-driver/pkg/driver/gid_allocator.go:67.90,70.50 2 0
github.com/kubernetes-sigs/aws-efs-csi-driver/pkg/driver/gid_allocator.go:70.50,74.3 3 0
github.com/kubernetes-sigs/aws-efs-csi-driver/pkg/driver/gid_allocator.go:76.2,77.34 2 0
github.com/kubernetes-sigs/aws-efs-csi-driver/pkg/driver/gid_allocator.go:77.34,78.43 1 0
github.com/kubernetes-sigs/aws-efs-csi-driver/pkg/driver/gid_allocator.go:78.43,79.39 1 0
github.com/kubernetes-sigs/aws-efs-csi-driver/pkg/driver/gid_allocator.go:79.39,82.5 2 0
github.com/kubernetes-sigs/aws-efs-csi-driver/pkg/driver/gid_allocator.go:83.4,83.93 1 0
github.com/kubernetes-sigs/aws-efs-csi-driver/pkg/driver/gid_allocator.go:85.3,85.9 1 0
github.com/kubernetes-sigs/aws-efs-csi-driver/pkg/driver/gid_allocator.go:88.2,90.19 3 0
github.com/kubernetes-sigs/aws-efs-csi-driver/pkg/driver/gid_allocator.go:90.19,93.3 2 0
github.com/kubernetes-sigs/aws-efs-csi-driver/pkg/driver/gid_allocator.go:95.2,96.8 2 0
github.com/kubernetes-sigs/aws-efs-csi-driver/pkg/driver/identity.go:28.120,35.2 2 0
github.com/kubernetes-sigs/aws-efs-csi-driver/pkg/driver/identity.go:37.144,52.2 3 0
github.com/kubernetes-sigs/aws-efs-csi-driver/pkg/driver/identity.go:54.96,56.2 1 0
github.com/kubernetes-sigs/aws-efs-csi-driver/pkg/driver/lock_manager.go:21.41,25.2 1 0
github.com/kubernetes-sigs/aws-efs-csi-driver/pkg/driver/lock_manager.go:30.80,34.30 3 0
github.com/kubernetes-sigs/aws-efs-csi-driver/pkg/driver/lock_manager.go:34.30,41.22 4 0
github.com/kubernetes-sigs/aws-efs-csi-driver/pkg/driver/lock_manager.go:41.22,42.48 1 0
github.com/kubernetes-sigs/aws-efs-csi-driver/pkg/driver/lock_manager.go:42.48,46.13 3 0
github.com/kubernetes-sigs/aws-efs-csi-driver/pkg/driver/lock_manager.go:51.3,51.23 1 0
github.com/kubernetes-sigs/aws-efs-csi-driver/pkg/driver/lock_manager.go:51.23,56.14 4 0
github.com/kubernetes-sigs/aws-efs-csi-driver/pkg/driver/lock_manager.go:56.14,60.5 3 0
github.com/kubernetes-sigs/aws-efs-csi-driver/pkg/driver/lock_manager.go:62.4,62.11 1 0
github.com/kubernetes-sigs/aws-efs-csi-driver/pkg/driver/lock_manager.go:63.22,65.16 1 0
github.com/kubernetes-sigs/aws-efs-csi-driver/pkg/driver/lock_manager.go:66.19,68.36 1 0
github.com/kubernetes-sigs/aws-efs-csi-driver/pkg/driver/lock_manager.go:68.36,70.6 1 0
github.com/kubernetes-sigs/aws-efs-csi-driver/pkg/driver/lock_manager.go:71.5,71.17 1 0
github.com/kubernetes-sigs/aws-efs-csi-driver/pkg/driver/lock_manager.go:75.3,77.14 3 0
github.com/kubernetes-sigs/aws-efs-csi-driver/pkg/driver/lock_manager.go:81.2,81.14 1 0
github.com/kubernetes-sigs/aws-efs-csi-driver/pkg/driver/lock_manager.go:85.51,87.9 2 0
github.com/kubernetes-sigs/aws-efs-csi-driver/pkg/driver/lock_manager.go:87.9,90.3 2 0
github.com/kubernetes-sigs/aws-efs-csi-driver/pkg/driver/lock_manager.go:91.2,97.32 3 0
github.com/kubernetes-sigs/aws-efs-csi-driver/pkg/driver/lock_manager.go:97.32,99.3 1 0
github.com/kubernetes-sigs/aws-efs-csi-driver/pkg/driver/lock_manager.go:102.2,102.19 1 0
github.com/kubernetes-sigs/aws-efs-csi-driver/pkg/driver/lock_manager.go:102.19,104.3 1 0
github.com/kubernetes-sigs/aws-efs-csi-driver/pkg/driver/lock_manager.go:109.67,113.52 3 0
github.com/kubernetes-sigs/aws-efs-csi-driver/pkg/driver/lock_manager.go:113.52,118.3 4 0
github.com/kubernetes-sigs/aws-efs-csi-driver/pkg/driver/lock_manager.go:120.2,120.25 1 0
github.com/kubernetes-sigs/aws-efs-csi-driver/pkg/driver/mounter.go:35.31,39.2 1 0
github.com/kubernetes-sigs/aws-efs-csi-driver/pkg/driver/mounter.go:41.54,43.16 2 0
github.com/kubernetes-sigs/aws-efs-csi-driver/pkg/driver/mounter.go:43.16,44.23 1 0
github.com/kubernetes-sigs/aws-efs-csi-driver/pkg/driver/mounter.go:44.23,46.4 1 0
github.com/kubernetes-sigs/aws-efs-csi-driver/pkg/driver/mounter.go:48.2,48.12 1 0
github.com/kubernetes-sigs/aws-efs-csi-driver/pkg/driver/mounter.go:51.66,53.2 1 0
github.com/kubernetes-sigs/aws-efs-csi-driver/pkg/driver/mounter.go:55.76,57.2 1 0
github.com/kubernetes-sigs/aws-efs-csi-driver/pkg/driver/mounter.go:59.74,61.16 2 0
github.com/kubernetes-sigs/aws-efs-csi-driver/pkg/driver/mounter.go:61.16,62.25 1 0
github.com/kubernetes-sigs/aws-efs-csi-driver/pkg/driver/mounter.go:62.25,64.4 1 0
github.com/kubernetes-sigs/aws-efs-csi-driver/pkg/driver/mounter.go:65.3,65.20 1 0
github.com/kubernetes-sigs/aws-efs-csi-driver/pkg/driver/mounter.go:67.2,67.20 1 0
github.com/kubernetes-sigs/aws-efs-csi-driver/pkg/driver/namespace_efs_mapper.go:99.135,100.22 1 0
github.com/kubernetes-sigs/aws-efs-csi-driver/pkg/driver/namespace_efs_mapper.go:100.22,102.3 1 0
github.com/kubernetes-sigs/aws-efs-csi-driver/pkg/driver/namespace_efs_mapper.go:103.2,103.19 1 0
github.com/kubernetes-sigs/aws-efs-csi-driver/pkg/driver/namespace_efs_mapper.go:103.19,105.3 1 0
github.com/kubernetes-sigs/aws-efs-csi-driver/pkg/driver/namespace_efs_mapper.go:106.2,106.24 1 0
github.com/kubernetes-sigs/aws-efs-csi-driver/pkg/driver/namespace_efs_mapper.go:106.24,108.3 1 0
github.com/kubernetes-sigs/aws-efs-csi-driver/pkg/driver/namespace_efs_mapper.go:111.2,112.16 2 0
github.com/kubernetes-sigs/aws-efs-csi-driver/pkg/driver/namespace_efs_mapper.go:112.16,114.3 1 0
github.com/kubernetes-sigs/aws-efs-csi-driver/pkg/driver/namespace_efs_mapper.go:116.2,126.20 2 0
github.com/kubernetes-sigs/aws-efs-csi-driver/pkg/driver/namespace_efs_mapper.go:130.63,134.19 3 0
github.com/kubernetes-sigs/aws-efs-csi-driver/pkg/driver/namespace_efs_mapper.go:134.19,136.3 1 0
github.com/kubernetes-sigs/aws-efs-csi-driver/pkg/driver/namespace_efs_mapper.go:138.2,145.34 3 0
github.com/kubernetes-sigs/aws-efs-csi-driver/pkg/driver/namespace_efs_mapper.go:145.34,146.63 1 0
github.com/kubernetes-sigs/aws-efs-csi-driver/pkg/driver/namespace_efs_mapper.go:146.63,148.5 1 0
github.com/kubernetes-sigs/aws-efs-csi-driver/pkg/driver/namespace_efs_mapper.go:150.48,151.66 1 0
github.com/kubernetes-sigs/aws-efs-csi-driver/pkg/driver/namespace_efs_mapper.go:151.66,153.5 1 0
github.com/kubernetes-sigs/aws-efs-csi-driver/pkg/driver/namespace_efs_mapper.go:155.37,156.63 1 0
github.com/kubernetes-sigs/aws-efs-csi-driver/pkg/driver/namespace_efs_mapper.go:156.63,158.5 1 0
github.com/kubernetes-sigs/aws-efs-csi-driver/pkg/driver/namespace_efs_mapper.go:163.2,166.63 2 0
github.com/kubernetes-sigs/aws-efs-csi-driver/pkg/driver/namespace_efs_mapper.go:166.63,168.3 1 0
github.com/kubernetes-sigs/aws-efs-csi-driver/pkg/driver/namespace_efs_mapper.go:171.2,171.48 1 0
github.com/kubernetes-sigs/aws-efs-csi-driver/pkg/driver/namespace_efs_mapper.go:171.48,173.3 1 0
github.com/kubernetes-sigs/aws-efs-csi-driver/pkg/driver/namespace_efs_mapper.go:175.2,177.12 3 0
github.com/kubernetes-sigs/aws-efs-csi-driver/pkg/driver/namespace_efs_mapper.go:181.37,185.20 3 1
github.com/kubernetes-sigs/aws-efs-csi-driver/pkg/driver/namespace_efs_mapper.go:185.20,187.3 1 1
github.com/kubernetes-sigs/aws-efs-csi-driver/pkg/driver/namespace_efs_mapper.go:189.2,192.47 4 1
github.com/kubernetes-sigs/aws-efs-csi-driver/pkg/driver/namespace_efs_mapper.go:196.158,197.59 1 1
github.com/kubernetes-sigs/aws-efs-csi-driver/pkg/driver/namespace_efs_mapper.go:197.59,199.3 1 1
github.com/kubernetes-sigs/aws-efs-csi-driver/pkg/driver/namespace_efs_mapper.go:201.2,224.49 6 1
github.com/kubernetes-sigs/aws-efs-csi-driver/pkg/driver/namespace_efs_mapper.go:224.49,226.3 1 1
github.com/kubernetes-sigs/aws-efs-csi-driver/pkg/driver/namespace_efs_mapper.go:228.2,228.31 1 1
github.com/kubernetes-sigs/aws-efs-csi-driver/pkg/driver/namespace_efs_mapper.go:228.31,231.17 2 1
github.com/kubernetes-sigs/aws-efs-csi-driver/pkg/driver/namespace_efs_mapper.go:231.17,233.4 1 1
github.com/kubernetes-sigs/aws-efs-csi-driver/pkg/driver/namespace_efs_mapper.go:234.3,234.104 1 1
github.com/kubernetes-sigs/aws-efs-csi-driver/pkg/driver/namespace_efs_mapper.go:235.8,242.17 5 1
github.com/kubernetes-sigs/aws-efs-csi-driver/pkg/driver/namespace_efs_mapper.go:242.17,244.4 1 1
github.com/kubernetes-sigs/aws-efs-csi-driver/pkg/driver/namespace_efs_mapper.go:245.3,245.109 1 1
github.com/kubernetes-sigs/aws-efs-csi-driver/pkg/driver/namespace_efs_mapper.go:249.2,261.21 3 1
github.com/kubernetes-sigs/aws-efs-csi-driver/pkg/driver/namespace_efs_mapper.go:265.110,266.21 1 1
github.com/kubernetes-sigs/aws-efs-csi-driver/pkg/driver/namespace_efs_mapper.go:266.21,268.3 1 1
github.com/kubernetes-sigs/aws-efs-csi-driver/pkg/driver/namespace_efs_mapper.go:270.2,273.62 2 1
github.com/kubernetes-sigs/aws-efs-csi-driver/pkg/driver/namespace_efs_mapper.go:273.62,279.3 4 1
github.com/kubernetes-sigs/aws-efs-csi-driver/pkg/driver/namespace_efs_mapper.go:282.2,283.16 2 1
github.com/kubernetes-sigs/aws-efs-csi-driver/pkg/driver/namespace_efs_mapper.go:283.16,284.29 1 1
github.com/kubernetes-sigs/aws-efs-csi-driver/pkg/driver/namespace_efs_mapper.go:284.29,287.4 2 1
github.com/kubernetes-sigs/aws-efs-csi-driver/pkg/driver/namespace_efs_mapper.go:288.3,288.68 1 1
github.com/kubernetes-sigs/aws-efs-csi-driver/pkg/driver/namespace_efs_mapper.go:292.2,305.21 4 1
github.com/kubernetes-sigs/aws-efs-csi-driver/pkg/driver/namespace_efs_mapper.go:309.89,310.21 1 1
github.com/kubernetes-sigs/aws-efs-csi-driver/pkg/driver/namespace_efs_mapper.go:310.21,312.3 1 1
github.com/kubernetes-sigs/aws-efs-csi-driver/pkg/driver/namespace_efs_mapper.go:314.2,318.43 3 1
github.com/kubernetes-sigs/aws-efs-csi-driver/pkg/driver/namespace_efs_mapper.go:318.43,320.3 1 1
github.com/kubernetes-sigs/aws-efs-csi-driver/pkg/driver/namespace_efs_mapper.go:323.2,326.12 3 1
github.com/kubernetes-sigs/aws-efs-csi-driver/pkg/driver/namespace_efs_mapper.go:330.95,335.16 3 1
github.com/kubernetes-sigs/aws-efs-csi-driver/pkg/driver/namespace_efs_mapper.go:335.16,337.3 1 1
github.com/kubernetes-sigs/aws-efs-csi-driver/pkg/driver/namespace_efs_mapper.go:339.2,340.54 2 1
github.com/kubernetes-sigs/aws-efs-csi-driver/pkg/driver/namespace_efs_mapper.go:340.54,353.3 3 1
github.com/kubernetes-sigs/aws-efs-csi-driver/pkg/driver/namespace_efs_mapper.go:355.2,356.22 2 1
github.com/kubernetes-sigs/aws-efs-csi-driver/pkg/driver/namespace_efs_mapper.go:360.64,362.2 1 1
github.com/kubernetes-sigs/aws-efs-csi-driver/pkg/driver/namespace_efs_mapper.go:365.43,371.2 4 1
github.com/kubernetes-sigs/aws-efs-csi-driver/pkg/driver/namespace_efs_mapper.go:375.86,379.51 3 1
github.com/kubernetes-sigs/aws-efs-csi-driver/pkg/driver/namespace_efs_mapper.go:379.51,383.3 2 1
github.com/kubernetes-sigs/aws-efs-csi-driver/pkg/driver/namespace_efs_mapper.go:384.2,384.12 1 1
github.com/kubernetes-sigs/aws-efs-csi-driver/pkg/driver/namespace_efs_mapper.go:387.90,394.2 4 1
github.com/kubernetes-sigs/aws-efs-csi-driver/pkg/driver/namespace_efs_mapper.go:396.64,402.2 4 1
github.com/kubernetes-sigs/aws-efs-csi-driver/pkg/driver/namespace_efs_mapper.go:404.74,408.16 3 0
github.com/kubernetes-sigs/aws-efs-csi-driver/pkg/driver/namespace_efs_mapper.go:408.16,410.3 1 0
github.com/kubernetes-sigs/aws-efs-csi-driver/pkg/driver/namespace_efs_mapper.go:412.2,413.12 2 0
github.com/kubernetes-sigs/aws-efs-csi-driver/pkg/driver/namespace_efs_mapper.go:418.88,431.2 3 1
github.com/kubernetes-sigs/aws-efs-csi-driver/pkg/driver/namespace_efs_mapper.go:433.91,446.2 3 1
github.com/kubernetes-sigs/aws-efs-csi-driver/pkg/driver/namespace_efs_mapper.go:448.91,451.2 2 1
github.com/kubernetes-sigs/aws-efs-csi-driver/pkg/driver/namespace_efs_mapper.go:455.101,456.21 1 1
github.com/kubernetes-sigs/aws-efs-csi-driver/pkg/driver/namespace_efs_mapper.go:456.21,458.3 1 1
github.com/kubernetes-sigs/aws-efs-csi-driver/pkg/driver/namespace_efs_mapper.go:460.2,470.16 4 1
github.com/kubernetes-sigs/aws-efs-csi-driver/pkg/driver/namespace_efs_mapper.go:470.16,472.3 1 1
github.com/kubernetes-sigs/aws-efs-csi-driver/pkg/driver/namespace_efs_mapper.go:474.2,477.33 3 1
github.com/kubernetes-sigs/aws-efs-csi-driver/pkg/driver/namespace_efs_mapper.go:477.33,480.17 2 1
github.com/kubernetes-sigs/aws-efs-csi-driver/pkg/driver/namespace_efs_mapper.go:480.17,482.12 2 1
github.com/kubernetes-sigs/aws-efs-csi-driver/pkg/driver/namespace_efs_mapper.go:486.3,487.33 2 1
github.com/kubernetes-sigs/aws-efs-csi-driver/pkg/driver/namespace_efs_mapper.go:487.33,489.12 2 1
github.com/kubernetes-sigs/aws-efs-csi-driver/pkg/driver/namespace_efs_mapper.go:493.3,497.14 3 1
github.com/kubernetes-sigs/aws-efs-csi-driver/pkg/driver/namespace_efs_mapper.go:497.14,500.12 2 1
github.com/kubernetes-sigs/aws-efs-csi-driver/pkg/driver/namespace_efs_mapper.go:504.3,505.17 2 1
github.com/kubernetes-sigs/aws-efs-csi-driver/pkg/driver/namespace_efs_mapper.go:505.17,507.12 2 1
github.com/kubernetes-sigs/aws-efs-csi-driver/pkg/driver/namespace_efs_mapper.go:510.3,510.29 1 1
github.com/kubernetes-sigs/aws-efs-csi-driver/pkg/driver/namespace_efs_mapper.go:510.29,512.55 1 1
github.com/kubernetes-sigs/aws-efs-csi-driver/pkg/driver/namespace_efs_mapper.go:512.55,514.13 2 1
github.com/kubernetes-sigs/aws-efs-csi-driver/pkg/driver/namespace_efs_mapper.go:515.10,520.13 2 1
github.com/kubernetes-sigs/aws-efs-csi-driver/pkg/driver/namespace_efs_mapper.go:525.3,526.17 2 1
github.com/kubernetes-sigs/aws-efs-csi-driver/pkg/driver/namespace_efs_mapper.go:526.17,530.12 2 1
github.com/kubernetes-sigs/aws-efs-csi-driver/pkg/driver/namespace_efs_mapper.go:533.3,536.36 2 1
github.com/kubernetes-sigs/aws-efs-csi-driver/pkg/driver/namespace_efs_mapper.go:539.2,543.28 2 1
github.com/kubernetes-sigs/aws-efs-csi-driver/pkg/driver/namespace_efs_mapper.go:548.91,553.47 3 1
github.com/kubernetes-sigs/aws-efs-csi-driver/pkg/driver/namespace_efs_mapper.go:553.47,558.3 2 1
github.com/kubernetes-sigs/aws-efs-csi-driver/pkg/driver/namespace_efs_mapper.go:560.2,564.16 3 1
github.com/kubernetes-sigs/aws-efs-csi-driver/pkg/driver/namespace_efs_mapper.go:564.16,567.3 2 1
github.com/kubernetes-sigs/aws-efs-csi-driver/pkg/driver/namespace_efs_mapper.go:570.2,576.12 3 1
github.com/kubernetes-sigs/aws-efs-csi-driver/pkg/driver/namespace_efs_mapper.go:580.66,584.26 3 1
github.com/kubernetes-sigs/aws-efs-csi-driver/pkg/driver/namespace_efs_mapper.go:584.26,586.3 1 1
github.com/kubernetes-sigs/aws-efs-csi-driver/pkg/driver/namespace_efs_mapper.go:588.2,589.62 2 1
github.com/kubernetes-sigs/aws-efs-csi-driver/pkg/driver/node.go:50.126,52.2 1 0
github.com/kubernetes-sigs/aws-efs-csi-driver/pkg/driver/node.go:54.132,56.2 1 0
github.com/kubernetes-sigs/aws-efs-csi-driver/pkg/driver/node.go:58.132,63.22 4 0
github.com/kubernetes-sigs/aws-efs-csi-driver/pkg/driver/node.go:63.22,65.3 1 0
github.com/kubernetes-sigs/aws-efs-csi-driver/pkg/driver/node.go:67.2,68.19 2 0
github.com/kubernetes-sigs/aws-efs-csi-driver/pkg/driver/node.go:68.19,70.3 1 0
github.com/kubernetes-sigs/aws-efs-csi-driver/pkg/driver/node.go:72.2,72.85 1 0
github.com/kubernetes-sigs/aws-efs-csi-driver/pkg/driver/node.go:72.85,74.3 1 0
github.com/kubernetes-sigs/aws-efs-csi-driver/pkg/driver/node.go:76.2,76.30 1 0
github.com/kubernetes-sigs/aws-efs-csi-driver/pkg/driver/node.go:76.30,78.3 1 0
github.com/kubernetes-sigs/aws-efs-csi-driver/pkg/driver/node.go:81.2,85.31 5 0
github.com/kubernetes-sigs/aws-efs-csi-driver/pkg/driver/node.go:85.31,86.29 1 0
github.com/kubernetes-sigs/aws-efs-csi-driver/pkg/driver/node.go:88.15,90.26 2 0
github.com/kubernetes-sigs/aws-efs-csi-driver/pkg/driver/node.go:90.26,92.5 1 0
github.com/kubernetes-sigs/aws-efs-csi-driver/pkg/driver/node.go:93.4,93.39 1 0
github.com/kubernetes-sigs/aws-efs-csi-driver/pkg/driver/node.go:94.55,95.12 1 0
github.com/kubernetes-sigs/aws-efs-csi-driver/pkg/driver/node.go:96.27,99.18 3 0
github.com/kubernetes-sigs/aws-efs-csi-driver/pkg/driver/node.go:99.18,101.5 1 0
github.com/kubernetes-sigs/aws-efs-csi-driver/pkg/driver/node.go:102.22,104.65 2 0
github.com/kubernetes-sigs/aws-efs-csi-driver/pkg/driver/node.go:105.21,108.18 3 0
github.com/kubernetes-sigs/aws-efs-csi-driver/pkg/driver/node.go:108.18,110.5 1 0
github.com/kubernetes-sigs/aws-efs-csi-driver/pkg/driver/node.go:111.11,112.100 1 0
github.com/kubernetes-sigs/aws-efs-csi-driver/pkg/driver/node.go:116.2,117.16 2 0
github.com/kubernetes-sigs/aws-efs-csi-driver/pkg/driver/node.go:117.16,120.3 1 0
github.com/kubernetes-sigs/aws-efs-csi-driver/pkg/driver/node.go:123.2,123.17 1 0
github.com/kubernetes-sigs/aws-efs-csi-driver/pkg/driver/node.go:123.17,125.3 1 0
github.com/kubernetes-sigs/aws-efs-csi-driver/pkg/driver/node.go:126.2,133.16 2 0
github.com/kubernetes-sigs/aws-efs-csi-driver/pkg/driver/node.go:133.16,135.3 1 0
github.com/kubernetes-sigs/aws-efs-csi-driver/pkg/driver/node.go:137.2,137.22 1 0
github.com/kubernetes-sigs/aws-efs-csi-driver/pkg/driver/node.go:137.22,140.38 1 0
github.com/kubernetes-sigs/aws-efs-csi-driver/pkg/driver/node.go:140.38,142.4 1 0
github.com/kubernetes-sigs/aws-efs-csi-driver/pkg/driver/node.go:145.2,145.28 1 0
github.com/kubernetes-sigs/aws-efs-csi-driver/pkg/driver/node.go:145.28,147.3 1 0
github.com/kubernetes-sigs/aws-efs-csi-driver/pkg/driver/node.go:149.2,149.23 1 0
github.com/kubernetes-sigs/aws-efs-csi-driver/pkg/driver/node.go:149.23,151.3 1 0
github.com/kubernetes-sigs/aws-efs-csi-driver/pkg/driver/node.go:153.2,153.38 1 0
github.com/kubernetes-sigs/aws-efs-csi-driver/pkg/driver/node.go:153.38,154.34 1 0
github.com/kubernetes-sigs/aws-efs-csi-driver/pkg/driver/node.go:154.34,159.44 2 0
github.com/kubernetes-sigs/aws-efs-csi-driver/pkg/driver/node.go:159.44,168.37 3 0
github.com/kubernetes-sigs/aws-efs-csi-driver/pkg/driver/node.go:168.37,171.6 1 0
github.com/kubernetes-sigs/aws-efs-csi-driver/pkg/driver/node.go:175.4,175.18 1 0
github.com/kubernetes-sigs/aws-efs-csi-driver/pkg/driver/node.go:175.18,180.26 2 0
github.com/kubernetes-sigs/aws-efs-csi-driver/pkg/driver/node.go:180.26,183.6 1 0
github.com/kubernetes-sigs/aws-efs-csi-driver/pkg/driver/node.go:186.4,186.43 1 0
github.com/kubernetes-sigs/aws-efs-csi-driver/pkg/driver/node.go:186.43,188.13 2 0
github.com/kubernetes-sigs/aws-efs-csi-driver/pkg/driver/node.go:191.4,191.35 1 0
github.com/kubernetes-sigs/aws-efs-csi-driver/pkg/driver/node.go:191.35,193.5 1 0
github.com/kubernetes-sigs/aws-efs-csi-driver/pkg/driver/node.go:196.2,197.50 2 0
github.com/kubernetes-sigs/aws-efs-csi-driver/pkg/driver/node.go:197.50,199.3 1 0
github.com/kubernetes-sigs/aws-efs-csi-driver/pkg/driver/node.go:201.2,202.77 2 0
github.com/kubernetes-sigs/aws-efs-csi-driver/pkg/driver/node.go:202.77,205.3 2 0
github.com/kubernetes-sigs/aws-efs-csi-driver/pkg/driver/node.go:206.2,209.23 2 0
github.com/kubernetes-sigs/aws-efs-csi-driver/pkg/driver/node.go:209.23,210.58 1 0
github.com/kubernetes-sigs/aws-efs-csi-driver/pkg/driver/node.go:210.58,212.4 1 0
github.com/kubernetes-sigs/aws-efs-csi-driver/pkg/driver/node.go:212.9,214.4 1 0
github.com/kubernetes-sigs/aws-efs-csi-driver/pkg/driver/node.go:217.2,217.46 1 0
github.com/kubernetes-sigs/aws-efs-csi-driver/pkg/driver/node.go:220.138,224.22 3 0
github.com/kubernetes-sigs/aws-efs-csi-driver/pkg/driver/node.go:224.22,226.3 1 0
github.com/kubernetes-sigs/aws-efs-csi-driver/pkg/driver/node.go:231.2,232.16 2 0
github.com/kubernetes-sigs/aws-efs-csi-driver/pkg/driver/node.go:232.16,235.3 2 0
github.com/kubernetes-sigs/aws-efs-csi-driver/pkg/driver/node.go:240.2,240.19 1 0
github.com/kubernetes-sigs/aws-efs-csi-driver/pkg/driver/node.go:240.19,243.3 2 0
github.com/kubernetes-sigs/aws-efs-csi-driver/pkg/driver/node.go:245.2,247.16 3 0
github.com/kubernetes-sigs/aws-efs-csi-driver/pkg/driver/node.go:247.16,249.3 1 0
github.com/kubernetes-sigs/aws-efs-csi-driver/pkg/driver/node.go:250.2,254.23 2 0
github.com/kubernetes-sigs/aws-efs-csi-driver/pkg/driver/node.go:254.23,255.58 1 0
github.com/kubernetes-sigs/aws-efs-csi-driver/pkg/driver/node.go:255.58,257.17 2 0
github.com/kubernetes-sigs/aws-efs-csi-driver/pkg/driver/node.go:257.17,261.5 3 0
github.com/kubernetes-sigs/aws-efs-csi-driver/pkg/driver/node.go:261.10,263.5 1 0
github.com/kubernetes-sigs/aws-efs-csi-driver/pkg/driver/node.go:267.2,267.48 1 0
github.com/kubernetes-sigs/aws-efs-csi-driver/pkg/driver/node.go:270.135,274.17 3 0
github.com/kubernetes-sigs/aws-efs-csi-driver/pkg/driver/node.go:274.17,276.3 1 0
github.com/kubernetes-sigs/aws-efs-csi-driver/pkg/driver/node.go:278.2,279.18 2 0
github.com/kubernetes-sigs/aws-efs-csi-driver/pkg/driver/node.go:279.18,281.3 1 0
github.com/kubernetes-sigs/aws-efs-csi-driver/pkg/driver/node.go:283.2,284.16 2 0
github.com/kubernetes-sigs/aws-efs-csi-driver/pkg/driver/node.go:284.16,285.25 1 0
github.com/kubernetes-sigs/aws-efs-csi-driver/pkg/driver/node.go:285.25,287.4 1 0
github.com/kubernetes-sigs/aws-efs-csi-driver/pkg/driver/node.go:289.3,289.104 1 0
github.com/kubernetes-sigs/aws-efs-csi-driver/pkg/driver/node.go:292.2,294.16 2 0
github.com/kubernetes-sigs/aws-efs-csi-driver/pkg/driver/node.go:294.16,296.3 1 0
github.com/kubernetes-sigs/aws-efs-csi-driver/pkg/driver/node.go:298.2,300.8 1 0
github.com/kubernetes-sigs/aws-efs-csi-driver/pkg/driver/node.go:303.129,305.2 1 0
github.com/kubernetes-sigs/aws-efs-csi-driver/pkg/driver/node.go:307.138,310.33 3 0
github.com/kubernetes-sigs/aws-efs-csi-driver/pkg/driver/node.go:310.33,319.3 2 0
github.com/kubernetes-sigs/aws-efs-csi-driver/pkg/driver/node.go:320.2,320.66 1 0
github.com/kubernetes-sigs/aws-efs-csi-driver/pkg/driver/node.go:323.114,329.2 2 0
github.com/kubernetes-sigs/aws-efs-csi-driver/pkg/driver/node.go:331.83,332.54 1 0
github.com/kubernetes-sigs/aws-efs-csi-driver/pkg/driver/node.go:332.54,334.3 1 0
github.com/kubernetes-sigs/aws-efs-csi-driver/pkg/driver/node.go:336.2,336.54 1 0
github.com/kubernetes-sigs/aws-efs-csi-driver/pkg/driver/node.go:336.54,338.3 1 0
github.com/kubernetes-sigs/aws-efs-csi-driver/pkg/driver/node.go:340.2,340.12 1 0
github.com/kubernetes-sigs/aws-efs-csi-driver/pkg/driver/node.go:343.76,344.64 1 0
github.com/kubernetes-sigs/aws-efs-csi-driver/pkg/driver/node.go:344.64,345.42 1 0
github.com/kubernetes-sigs/aws-efs-csi-driver/pkg/driver/node.go:345.42,346.37 1 0
github.com/kubernetes-sigs/aws-efs-csi-driver/pkg/driver/node.go:346.37,348.5 1 0
github.com/kubernetes-sigs/aws-efs-csi-driver/pkg/driver/node.go:350.3,350.15 1 0
github.com/kubernetes-sigs/aws-efs-csi-driver/pkg/driver/node.go:353.2,354.28 2 0
github.com/kubernetes-sigs/aws-efs-csi-driver/pkg/driver/node.go:354.28,355.32 1 0
github.com/kubernetes-sigs/aws-efs-csi-driver/pkg/driver/node.go:355.32,357.4 1 0
github.com/kubernetes-sigs/aws-efs-csi-driver/pkg/driver/node.go:359.2,359.28 1 0
github.com/kubernetes-sigs/aws-efs-csi-driver/pkg/driver/node.go:359.28,361.3 1 0
github.com/kubernetes-sigs/aws-efs-csi-driver/pkg/driver/node.go:362.2,362.12 1 0
github.com/kubernetes-sigs/aws-efs-csi-driver/pkg/driver/node.go:365.76,366.28 1 0
github.com/kubernetes-sigs/aws-efs-csi-driver/pkg/driver/node.go:366.28,367.26 1 0
github.com/kubernetes-sigs/aws-efs-csi-driver/pkg/driver/node.go:367.26,369.4 1 0
github.com/kubernetes-sigs/aws-efs-csi-driver/pkg/driver/node.go:371.2,371.12 1 0
github.com/kubernetes-sigs/aws-efs-csi-driver/pkg/driver/node.go:374.72,375.60 1 0
github.com/kubernetes-sigs/aws-efs-csi-driver/pkg/driver/node.go:375.60,376.38 1 0
github.com/kubernetes-sigs/aws-efs-csi-driver/pkg/driver/node.go:376.38,377.34 1 0
github.com/kubernetes-sigs/aws-efs-csi-driver/pkg/driver/node.go:377.34,379.5 1 0
github.com/kubernetes-sigs/aws-efs-csi-driver/pkg/driver/node.go:381.3,381.15 1 0
github.com/kubernetes-sigs/aws-efs-csi-driver/pkg/driver/node.go:384.2,385.28 2 0
github.com/kubernetes-sigs/aws-efs-csi-driver/pkg/driver/node.go:385.28,386.28 1 0
github.com/kubernetes-sigs/aws-efs-csi-driver/pkg/driver/node.go:386.28,388.4 1 0
github.com/kubernetes-sigs/aws-efs-csi-driver/pkg/driver/node.go:390.2,390.30 1 0
github.com/kubernetes-sigs/aws-efs-csi-driver/pkg/driver/node.go:390.30,392.3 1 0
github.com/kubernetes-sigs/aws-efs-csi-driver/pkg/driver/node.go:393.2,393.12 1 0
github.com/kubernetes-sigs/aws-efs-csi-driver/pkg/driver/node.go:410.77,412.36 1 0
github.com/kubernetes-sigs/aws-efs-csi-driver/pkg/driver/node.go:412.36,415.3 2 0
github.com/kubernetes-sigs/aws-efs-csi-driver/pkg/driver/node.go:417.2,418.21 2 0
github.com/kubernetes-sigs/aws-efs-csi-driver/pkg/driver/node.go:418.21,421.3 2 0
github.com/kubernetes-sigs/aws-efs-csi-driver/pkg/driver/node.go:424.2,427.41 2 0
github.com/kubernetes-sigs/aws-efs-csi-driver/pkg/driver/node.go:427.41,429.3 1 0
github.com/kubernetes-sigs/aws-efs-csi-driver/pkg/driver/node.go:432.2,432.41 1 0
github.com/kubernetes-sigs/aws-efs-csi-driver/pkg/driver/node.go:432.41,434.34 2 0
github.com/kubernetes-sigs/aws-efs-csi-driver/pkg/driver/node.go:434.34,437.4 2 0
github.com/kubernetes-sigs/aws-efs-csi-driver/pkg/driver/node.go:440.2,440.8 1 0
github.com/kubernetes-sigs/aws-efs-csi-driver/pkg/driver/node.go:444.51,445.28 1 0
github.com/kubernetes-sigs/aws-efs-csi-driver/pkg/driver/node.go:445.28,446.15 1 0
github.com/kubernetes-sigs/aws-efs-csi-driver/pkg/driver/node.go:446.15,448.4 1 0
github.com/kubernetes-sigs/aws-efs-csi-driver/pkg/driver/node.go:450.2,450.14 1 0
github.com/kubernetes-sigs/aws-efs-csi-driver/pkg/driver/node.go:453.52,455.2 1 0
github.com/kubernetes-sigs/aws-efs-csi-driver/pkg/driver/node.go:457.54,459.2 1 0
github.com/kubernetes-sigs/aws-efs-csi-driver/pkg/driver/node.go:471.69,473.20 2 0
github.com/kubernetes-sigs/aws-efs-csi-driver/pkg/driver/node.go:473.20,476.3 2 0
github.com/kubernetes-sigs/aws-efs-csi-driver/pkg/driver/node.go:478.2,479.16 2 0
github.com/kubernetes-sigs/aws-efs-csi-driver/pkg/driver/node.go:479.16,482.3 2 0
github.com/kubernetes-sigs/aws-efs-csi-driver/pkg/driver/node.go:484.2,485.16 2 0
github.com/kubernetes-sigs/aws-efs-csi-driver/pkg/driver/node.go:485.16,487.3 1 0
github.com/kubernetes-sigs/aws-efs-csi-driver/pkg/driver/node.go:489.2,490.41 2 0
github.com/kubernetes-sigs/aws-efs-csi-driver/pkg/driver/node.go:490.41,491.45 1 0
github.com/kubernetes-sigs/aws-efs-csi-driver/pkg/driver/node.go:491.45,493.4 1 0
github.com/kubernetes-sigs/aws-efs-csi-driver/pkg/driver/node.go:493.9,495.4 1 0
github.com/kubernetes-sigs/aws-efs-csi-driver/pkg/driver/node.go:498.2,498.48 1 0
github.com/kubernetes-sigs/aws-efs-csi-driver/pkg/driver/node.go:498.48,501.3 2 0
github.com/kubernetes-sigs/aws-efs-csi-driver/pkg/driver/node.go:503.2,517.16 3 0
github.com/kubernetes-sigs/aws-efs-csi-driver/pkg/driver/node.go:517.16,519.3 1 0
github.com/kubernetes-sigs/aws-efs-csi-driver/pkg/driver/node.go:521.2,522.16 2 0
github.com/kubernetes-sigs/aws-efs-csi-driver/pkg/driver/node.go:522.16,524.3 1 0
github.com/kubernetes-sigs/aws-efs-csi-driver/pkg/driver/node.go:525.2,526.12 2 0
github.com/kubernetes-sigs/aws-efs-csi-driver/pkg/driver/node.go:530.88,531.6 1 0
github.com/kubernetes-sigs/aws-efs-csi-driver/pkg/driver/node.go:531.6,533.17 2 0
github.com/kubernetes-sigs/aws-efs-csi-driver/pkg/driver/node.go:533.17,535.4 1 0
github.com/kubernetes-sigs/aws-efs-csi-driver/pkg/driver/node.go:537.3,538.23 2 0
github.com/kubernetes-sigs/aws-efs-csi-driver/pkg/driver/reaper.go:35.26,44.2 4 0
github.com/kubernetes-sigs/aws-efs-csi-driver/pkg/driver/reaper.go:47.26,49.2 1 0
github.com/kubernetes-sigs/aws-efs-csi-driver/pkg/driver/reaper.go:56.28,57.6 1 0
github.com/kubernetes-sigs/aws-efs-csi-driver/pkg/driver/reaper.go:57.6,58.10 1 0
github.com/kubernetes-sigs/aws-efs-csi-driver/pkg/driver/reaper.go:59.17,61.18 2 0
github.com/kubernetes-sigs/aws-efs-csi-driver/pkg/driver/reaper.go:61.18,63.5 1 0
github.com/kubernetes-sigs/aws-efs-csi-driver/pkg/driver/reaper.go:63.10,64.29 1 0
github.com/kubernetes-sigs/aws-efs-csi-driver/pkg/driver/reaper.go:64.29,66.16 2 0
github.com/kubernetes-sigs/aws-efs-csi-driver/pkg/driver/reaper.go:66.16,71.12 1 0
github.com/kubernetes-sigs/aws-efs-csi-driver/pkg/driver/reaper.go:75.19,76.9 1 0
github.com/kubernetes-sigs/aws-efs-csi-driver/pkg/driver/reaper.go:82.25,84.2 1 0
github.com/kubernetes-sigs/aws-efs-csi-driver/pkg/driver/reaper.go:86.45,87.100 1 0
github.com/kubernetes-sigs/aws-efs-csi-driver/pkg/driver/reaper.go:87.100,89.3 1 0
github.com/kubernetes-sigs/aws-efs-csi-driver/pkg/driver/reaper.go:90.2,91.16 2 0
github.com/kubernetes-sigs/aws-efs-csi-driver/pkg/driver/reaper.go:91.16,94.3 2 0
github.com/kubernetes-sigs/aws-efs-csi-driver/pkg/driver/reaper.go:96.2,97.29 2 0
github.com/kubernetes-sigs/aws-efs-csi-driver/pkg/driver/reaper.go:97.29,98.39 1 0
github.com/kubernetes-sigs/aws-efs-csi-driver/pkg/driver/reaper.go:98.39,99.40 1 0
github.com/kubernetes-sigs/aws-efs-csi-driver/pkg/driver/reaper.go:99.40,103.19 4 0
github.com/kubernetes-sigs/aws-efs-csi-driver/pkg/driver/reaper.go:103.19,105.6 1 0
github.com/kubernetes-sigs/aws-efs-csi-driver/pkg/driver/reaper.go:106.5,107.16 2 0
github.com/kubernetes-sigs/aws-efs-csi-driver/pkg/driver/reaper.go:108.10,110.5 1 0
github.com/kubernetes-sigs/aws-efs-csi-driver/pkg/driver/reaper.go:114.2,114.14 1 0
github.com/kubernetes-sigs/aws-efs-csi-driver/pkg/driver/version.go:40.31,50.2 1 0
github.com/kubernetes-sigs/aws-efs-csi-driver/pkg/driver/version.go:51.39,54.16 3 0
github.com/kubernetes-sigs/aws-efs-csi-driver/pkg/driver/version.go:54.16,56.3 1 0
github.com/kubernetes-sigs/aws-efs-csi-driver/pkg/driver/version.go:57.2,57.32 1 0
github.com/kubernetes-sigs/aws-efs-csi-driver/pkg/driver/vol_statter.go:49.33,51.2 1 0
github.com/kubernetes-sigs/aws-efs-csi-driver/pkg/driver/vol_statter.go:53.128,54.49 1 0
github.com/kubernetes-sigs/aws-efs-csi-driver/pkg/driver/vol_statter.go:54.49,55.58 1 0
github.com/kubernetes-sigs/aws-efs-csi-driver/pkg/driver/vol_statter.go:55.58,58.4 1 0
github.com/kubernetes-sigs/aws-efs-csi-driver/pkg/driver/vol_statter.go:59.3,59.20 1 0
github.com/kubernetes-sigs/aws-efs-csi-driver/pkg/driver/vol_statter.go:60.8,62.3 1 0
github.com/kubernetes-sigs/aws-efs-csi-driver/pkg/driver/vol_statter.go:64.2,76.8 3 0
github.com/kubernetes-sigs/aws-efs-csi-driver/pkg/driver/vol_statter.go:79.77,82.43 3 0
github.com/kubernetes-sigs/aws-efs-csi-driver/pkg/driver/vol_statter.go:82.43,84.3 1 0
github.com/kubernetes-sigs/aws-efs-csi-driver/pkg/driver/vol_statter.go:84.8,86.3 1 0
github.com/kubernetes-sigs/aws-efs-csi-driver/pkg/driver/vol_statter.go:89.55,93.2 3 0
github.com/kubernetes-sigs/aws-efs-csi-driver/pkg/driver/vol_statter.go:95.87,97.16 2 0
github.com/kubernetes-sigs/aws-efs-csi-driver/pkg/driver/vol_statter.go:97.16,100.3 2 0
github.com/kubernetes-sigs/aws-efs-csi-driver/pkg/driver/vol_statter.go:102.2,103.46 2 0
github.com/kubernetes-sigs/aws-efs-csi-driver/pkg/driver/vol_statter.go:103.46,105.3 1 0
github.com/kubernetes-sigs/aws-efs-csi-driver/pkg/driver/vol_statter.go:105.8,106.45 1 0
github.com/kubernetes-sigs/aws-efs-csi-driver/pkg/driver/vol_statter.go:106.45,109.4 2 0
github.com/kubernetes-sigs/aws-efs-csi-driver/pkg/driver/vol_statter.go:109.9,111.4 1 0
github.com/kubernetes-sigs/aws-efs-csi-driver/pkg/driver/vol_statter.go:113.2,113.13 1 0
github.com/kubernetes-sigs/aws-efs-csi-driver/pkg/driver/vol_statter.go:116.71,124.16 5 0
github.com/kubernetes-sigs/aws-efs-csi-driver/pkg/driver/vol_statter.go:124.16,127.3 2 0
github.com/kubernetes-sigs/aws-efs-csi-driver/pkg/driver/vol_statter.go:129.2,132.16 3 0
github.com/kubernetes-sigs/aws-efs-csi-driver/pkg/driver/vol_statter.go:132.16,135.3 2 0
github.com/kubernetes-sigs/aws-efs-csi-driver/pkg/driver/vol_statter.go:137.2,154.55 6 0
github.com/kubernetes-sigs/aws-efs-csi-driver/pkg/driver/vol_statter.go:154.55,156.3 1 0
github.com/kubernetes-sigs/aws-efs-csi-driver/pkg/driver/vol_statter.go:157.2,158.8 2 0
github.com/kubernetes-sigs/aws-efs-csi-driver/pkg/driver/vol_statter.go:161.51,162.42 1 0
github.com/kubernetes-sigs/aws-efs-csi-driver/pkg/driver/vol_statter.go:162.42,163.26 1 0
github.com/kubernetes-sigs/aws-efs-csi-driver/pkg/driver/vol_statter.go:163.26,165.4 1 0
github.com/kubernetes-sigs/aws-efs-csi-driver/pkg/driver/vol_statter.go:165.9,167.4 1 0
github.com/kubernetes-sigs/aws-efs-csi-driver/pkg/driver/vol_statter.go:168.8,170.3 1 0
github.com/kubernetes-sigs/aws-efs-csi-driver/pkg/driver/vol_statter.go:172.2,172.13 1 0
