mode: atomic
github.com/kubernetes-sigs/aws-efs-csi-driver/pkg/driver/efs-ns/cache.go:62.39,63.16 1 2057
github.com/kubernetes-sigs/aws-efs-csi-driver/pkg/driver/efs-ns/cache.go:63.16,65.3 1 3
github.com/kubernetes-sigs/aws-efs-csi-driver/pkg/driver/efs-ns/cache.go:66.2,66.40 1 2054
github.com/kubernetes-sigs/aws-efs-csi-driver/pkg/driver/efs-ns/cache.go:94.70,108.2 5 26
github.com/kubernetes-sigs/aws-efs-csi-driver/pkg/driver/efs-ns/cache.go:111.69,112.21 1 2016
github.com/kubernetes-sigs/aws-efs-csi-driver/pkg/driver/efs-ns/cache.go:112.21,115.3 2 1
github.com/kubernetes-sigs/aws-efs-csi-driver/pkg/driver/efs-ns/cache.go:117.2,121.13 4 2015
github.com/kubernetes-sigs/aws-efs-csi-driver/pkg/driver/efs-ns/cache.go:121.13,124.3 2 8
github.com/kubernetes-sigs/aws-efs-csi-driver/pkg/driver/efs-ns/cache.go:126.2,126.23 1 2007
github.com/kubernetes-sigs/aws-efs-csi-driver/pkg/driver/efs-ns/cache.go:126.23,129.3 2 1
github.com/kubernetes-sigs/aws-efs-csi-driver/pkg/driver/efs-ns/cache.go:131.2,132.25 2 2006
github.com/kubernetes-sigs/aws-efs-csi-driver/pkg/driver/efs-ns/cache.go:136.69,137.21 1 2054
github.com/kubernetes-sigs/aws-efs-csi-driver/pkg/driver/efs-ns/cache.go:137.21,140.3 2 1
github.com/kubernetes-sigs/aws-efs-csi-driver/pkg/driver/efs-ns/cache.go:142.2,142.19 1 2053
github.com/kubernetes-sigs/aws-efs-csi-driver/pkg/driver/efs-ns/cache.go:142.19,145.3 2 1
github.com/kubernetes-sigs/aws-efs-csi-driver/pkg/driver/efs-ns/cache.go:147.2,156.128 4 2052
github.com/kubernetes-sigs/aws-efs-csi-driver/pkg/driver/efs-ns/cache.go:160.48,161.21 1 521
github.com/kubernetes-sigs/aws-efs-csi-driver/pkg/driver/efs-ns/cache.go:161.21,164.3 2 1
github.com/kubernetes-sigs/aws-efs-csi-driver/pkg/driver/efs-ns/cache.go:166.2,169.44 3 520
github.com/kubernetes-sigs/aws-efs-csi-driver/pkg/driver/efs-ns/cache.go:169.44,172.3 2 509
github.com/kubernetes-sigs/aws-efs-csi-driver/pkg/driver/efs-ns/cache.go:172.8,174.3 1 11
github.com/kubernetes-sigs/aws-efs-csi-driver/pkg/driver/efs-ns/cache.go:178.57,185.39 5 20
github.com/kubernetes-sigs/aws-efs-csi-driver/pkg/driver/efs-ns/cache.go:185.39,186.25 1 44
github.com/kubernetes-sigs/aws-efs-csi-driver/pkg/driver/efs-ns/cache.go:186.25,188.4 1 43
github.com/kubernetes-sigs/aws-efs-csi-driver/pkg/driver/efs-ns/cache.go:188.9,190.4 1 1
github.com/kubernetes-sigs/aws-efs-csi-driver/pkg/driver/efs-ns/cache.go:193.2,194.15 2 20
github.com/kubernetes-sigs/aws-efs-csi-driver/pkg/driver/efs-ns/cache.go:198.76,199.21 1 25
github.com/kubernetes-sigs/aws-efs-csi-driver/pkg/driver/efs-ns/cache.go:199.21,201.3 1 1
github.com/kubernetes-sigs/aws-efs-csi-driver/pkg/driver/efs-ns/cache.go:203.2,203.26 1 24
github.com/kubernetes-sigs/aws-efs-csi-driver/pkg/driver/efs-ns/cache.go:203.26,205.3 1 1
github.com/kubernetes-sigs/aws-efs-csi-driver/pkg/driver/efs-ns/cache.go:207.2,210.16 3 23
github.com/kubernetes-sigs/aws-efs-csi-driver/pkg/driver/efs-ns/cache.go:210.16,212.3 1 1
github.com/kubernetes-sigs/aws-efs-csi-driver/pkg/driver/efs-ns/cache.go:214.2,214.19 1 22
github.com/kubernetes-sigs/aws-efs-csi-driver/pkg/driver/efs-ns/cache.go:214.19,217.3 2 21
github.com/kubernetes-sigs/aws-efs-csi-driver/pkg/driver/efs-ns/cache.go:217.8,221.3 2 1
github.com/kubernetes-sigs/aws-efs-csi-driver/pkg/driver/efs-ns/cache.go:223.2,223.12 1 22
github.com/kubernetes-sigs/aws-efs-csi-driver/pkg/driver/efs-ns/cache.go:227.54,235.2 5 3
github.com/kubernetes-sigs/aws-efs-csi-driver/pkg/driver/efs-ns/cache.go:238.31,246.2 5 1
github.com/kubernetes-sigs/aws-efs-csi-driver/pkg/driver/efs-ns/cache.go:249.37,254.2 3 13
github.com/kubernetes-sigs/aws-efs-csi-driver/pkg/driver/efs-ns/cache.go:257.40,258.6 1 26
github.com/kubernetes-sigs/aws-efs-csi-driver/pkg/driver/efs-ns/cache.go:258.6,259.10 1 26
github.com/kubernetes-sigs/aws-efs-csi-driver/pkg/driver/efs-ns/cache.go:260.28,261.29 1 0
github.com/kubernetes-sigs/aws-efs-csi-driver/pkg/driver/efs-ns/cache.go:262.24,265.10 3 18
github.com/kubernetes-sigs/aws-efs-csi-driver/pkg/driver/efs-ns/cache.go:271.47,276.39 4 1
github.com/kubernetes-sigs/aws-efs-csi-driver/pkg/driver/efs-ns/cache.go:276.39,277.24 1 2
github.com/kubernetes-sigs/aws-efs-csi-driver/pkg/driver/efs-ns/cache.go:277.24,280.4 2 2
github.com/kubernetes-sigs/aws-efs-csi-driver/pkg/driver/efs-ns/cache.go:283.2,283.22 1 1
github.com/kubernetes-sigs/aws-efs-csi-driver/pkg/driver/efs-ns/cache.go:283.22,285.3 1 1
github.com/kubernetes-sigs/aws-efs-csi-driver/pkg/driver/efs-ns/cache.go:289.31,291.2 1 18
github.com/kubernetes-sigs/aws-efs-csi-driver/pkg/driver/efs-ns/enhanced_manager.go:55.30,71.2 3 0
github.com/kubernetes-sigs/aws-efs-csi-driver/pkg/driver/efs-ns/enhanced_manager.go:78.28,79.21 1 0
github.com/kubernetes-sigs/aws-efs-csi-driver/pkg/driver/efs-ns/enhanced_manager.go:79.21,81.3 1 0
github.com/kubernetes-sigs/aws-efs-csi-driver/pkg/driver/efs-ns/enhanced_manager.go:83.2,83.20 1 0
github.com/kubernetes-sigs/aws-efs-csi-driver/pkg/driver/efs-ns/enhanced_manager.go:83.20,85.3 1 0
github.com/kubernetes-sigs/aws-efs-csi-driver/pkg/driver/efs-ns/enhanced_manager.go:87.2,87.43 1 0
github.com/kubernetes-sigs/aws-efs-csi-driver/pkg/driver/efs-ns/enhanced_manager.go:87.43,89.3 1 0
github.com/kubernetes-sigs/aws-efs-csi-driver/pkg/driver/efs-ns/enhanced_manager.go:91.2,94.125 2 0
github.com/kubernetes-sigs/aws-efs-csi-driver/pkg/driver/efs-ns/enhanced_manager.go:94.125,96.3 1 0
github.com/kubernetes-sigs/aws-efs-csi-driver/pkg/driver/efs-ns/enhanced_manager.go:104.28,106.52 1 0
github.com/kubernetes-sigs/aws-efs-csi-driver/pkg/driver/efs-ns/enhanced_manager.go:106.52,110.65 2 0
github.com/kubernetes-sigs/aws-efs-csi-driver/pkg/driver/efs-ns/enhanced_manager.go:110.65,113.4 2 0
github.com/kubernetes-sigs/aws-efs-csi-driver/pkg/driver/efs-ns/enhanced_manager.go:113.9,115.4 1 0
github.com/kubernetes-sigs/aws-efs-csi-driver/pkg/driver/efs-ns/enhanced_manager.go:119.2,123.52 3 0
github.com/kubernetes-sigs/aws-efs-csi-driver/pkg/driver/efs-ns/enhanced_manager.go:123.52,126.3 2 0
github.com/kubernetes-sigs/aws-efs-csi-driver/pkg/driver/efs-ns/enhanced_manager.go:129.2,130.104 2 0
github.com/kubernetes-sigs/aws-efs-csi-driver/pkg/driver/efs-ns/enhanced_manager.go:130.104,134.3 3 0
github.com/kubernetes-sigs/aws-efs-csi-driver/pkg/driver/efs-ns/enhanced_manager.go:135.2,135.16 1 0
github.com/kubernetes-sigs/aws-efs-csi-driver/pkg/driver/efs-ns/enhanced_manager.go:135.16,138.3 1 0
github.com/kubernetes-sigs/aws-efs-csi-driver/pkg/driver/efs-ns/enhanced_manager.go:140.2,140.23 1 0
github.com/kubernetes-sigs/aws-efs-csi-driver/pkg/driver/efs-ns/enhanced_manager.go:140.23,144.3 3 0
github.com/kubernetes-sigs/aws-efs-csi-driver/pkg/driver/efs-ns/enhanced_manager.go:147.2,149.16 3 0
github.com/kubernetes-sigs/aws-efs-csi-driver/pkg/driver/efs-ns/enhanced_manager.go:149.16,152.3 1 0
github.com/kubernetes-sigs/aws-efs-csi-driver/pkg/driver/efs-ns/enhanced_manager.go:155.2,158.20 3 0
github.com/kubernetes-sigs/aws-efs-csi-driver/pkg/driver/efs-ns/enhanced_manager.go:166.28,174.98 3 0
github.com/kubernetes-sigs/aws-efs-csi-driver/pkg/driver/efs-ns/enhanced_manager.go:174.98,177.17 3 0
github.com/kubernetes-sigs/aws-efs-csi-driver/pkg/driver/efs-ns/enhanced_manager.go:177.17,179.4 1 0
github.com/kubernetes-sigs/aws-efs-csi-driver/pkg/driver/efs-ns/enhanced_manager.go:180.3,182.13 3 0
github.com/kubernetes-sigs/aws-efs-csi-driver/pkg/driver/efs-ns/enhanced_manager.go:184.2,184.16 1 0
github.com/kubernetes-sigs/aws-efs-csi-driver/pkg/driver/efs-ns/enhanced_manager.go:184.16,187.3 1 0
github.com/kubernetes-sigs/aws-efs-csi-driver/pkg/driver/efs-ns/enhanced_manager.go:190.2,191.16 2 0
github.com/kubernetes-sigs/aws-efs-csi-driver/pkg/driver/efs-ns/enhanced_manager.go:191.16,194.115 2 0
github.com/kubernetes-sigs/aws-efs-csi-driver/pkg/driver/efs-ns/enhanced_manager.go:194.115,196.4 1 0
github.com/kubernetes-sigs/aws-efs-csi-driver/pkg/driver/efs-ns/enhanced_manager.go:197.3,197.77 1 0
github.com/kubernetes-sigs/aws-efs-csi-driver/pkg/driver/efs-ns/enhanced_manager.go:201.2,202.100 2 0
github.com/kubernetes-sigs/aws-efs-csi-driver/pkg/driver/efs-ns/enhanced_manager.go:202.100,205.17 3 0
github.com/kubernetes-sigs/aws-efs-csi-driver/pkg/driver/efs-ns/enhanced_manager.go:205.17,207.4 1 0
github.com/kubernetes-sigs/aws-efs-csi-driver/pkg/driver/efs-ns/enhanced_manager.go:208.3,209.13 2 0
github.com/kubernetes-sigs/aws-efs-csi-driver/pkg/driver/efs-ns/enhanced_manager.go:211.2,211.16 1 0
github.com/kubernetes-sigs/aws-efs-csi-driver/pkg/driver/efs-ns/enhanced_manager.go:211.16,214.115 2 0
github.com/kubernetes-sigs/aws-efs-csi-driver/pkg/driver/efs-ns/enhanced_manager.go:214.115,216.4 1 0
github.com/kubernetes-sigs/aws-efs-csi-driver/pkg/driver/efs-ns/enhanced_manager.go:217.3,217.68 1 0
github.com/kubernetes-sigs/aws-efs-csi-driver/pkg/driver/efs-ns/enhanced_manager.go:221.2,222.99 2 0
github.com/kubernetes-sigs/aws-efs-csi-driver/pkg/driver/efs-ns/enhanced_manager.go:222.99,225.17 3 0
github.com/kubernetes-sigs/aws-efs-csi-driver/pkg/driver/efs-ns/enhanced_manager.go:225.17,227.4 1 0
github.com/kubernetes-sigs/aws-efs-csi-driver/pkg/driver/efs-ns/enhanced_manager.go:228.3,229.13 2 0
github.com/kubernetes-sigs/aws-efs-csi-driver/pkg/driver/efs-ns/enhanced_manager.go:231.2,231.16 1 0
github.com/kubernetes-sigs/aws-efs-csi-driver/pkg/driver/efs-ns/enhanced_manager.go:231.16,234.115 2 0
github.com/kubernetes-sigs/aws-efs-csi-driver/pkg/driver/efs-ns/enhanced_manager.go:234.115,236.4 1 0
github.com/kubernetes-sigs/aws-efs-csi-driver/pkg/driver/efs-ns/enhanced_manager.go:237.3,237.67 1 0
github.com/kubernetes-sigs/aws-efs-csi-driver/pkg/driver/efs-ns/enhanced_manager.go:241.2,242.16 2 0
github.com/kubernetes-sigs/aws-efs-csi-driver/pkg/driver/efs-ns/enhanced_manager.go:242.16,245.115 2 0
github.com/kubernetes-sigs/aws-efs-csi-driver/pkg/driver/efs-ns/enhanced_manager.go:245.115,247.4 1 0
github.com/kubernetes-sigs/aws-efs-csi-driver/pkg/driver/efs-ns/enhanced_manager.go:248.3,248.80 1 0
github.com/kubernetes-sigs/aws-efs-csi-driver/pkg/driver/efs-ns/enhanced_manager.go:252.2,252.91 1 0
github.com/kubernetes-sigs/aws-efs-csi-driver/pkg/driver/efs-ns/enhanced_manager.go:252.91,254.3 1 0
github.com/kubernetes-sigs/aws-efs-csi-driver/pkg/driver/efs-ns/enhanced_manager.go:255.2,255.16 1 0
github.com/kubernetes-sigs/aws-efs-csi-driver/pkg/driver/efs-ns/enhanced_manager.go:255.16,258.3 1 0
github.com/kubernetes-sigs/aws-efs-csi-driver/pkg/driver/efs-ns/enhanced_manager.go:261.2,274.16 3 0
github.com/kubernetes-sigs/aws-efs-csi-driver/pkg/driver/efs-ns/enhanced_manager.go:274.16,276.3 1 0
github.com/kubernetes-sigs/aws-efs-csi-driver/pkg/driver/efs-ns/enhanced_manager.go:276.8,278.3 1 0
github.com/kubernetes-sigs/aws-efs-csi-driver/pkg/driver/efs-ns/enhanced_manager.go:280.2,280.20 1 0
github.com/kubernetes-sigs/aws-efs-csi-driver/pkg/driver/efs-ns/enhanced_manager.go:288.9,289.21 1 0
github.com/kubernetes-sigs/aws-efs-csi-driver/pkg/driver/efs-ns/enhanced_manager.go:289.21,291.3 1 0
github.com/kubernetes-sigs/aws-efs-csi-driver/pkg/driver/efs-ns/enhanced_manager.go:293.2,293.20 1 0
github.com/kubernetes-sigs/aws-efs-csi-driver/pkg/driver/efs-ns/enhanced_manager.go:293.20,295.3 1 0
github.com/kubernetes-sigs/aws-efs-csi-driver/pkg/driver/efs-ns/enhanced_manager.go:297.2,300.106 2 0
github.com/kubernetes-sigs/aws-efs-csi-driver/pkg/driver/efs-ns/enhanced_manager.go:300.106,302.3 1 0
github.com/kubernetes-sigs/aws-efs-csi-driver/pkg/driver/efs-ns/enhanced_manager.go:310.9,313.16 2 0
github.com/kubernetes-sigs/aws-efs-csi-driver/pkg/driver/efs-ns/enhanced_manager.go:313.16,316.3 1 0
github.com/kubernetes-sigs/aws-efs-csi-driver/pkg/driver/efs-ns/enhanced_manager.go:319.2,320.81 2 0
github.com/kubernetes-sigs/aws-efs-csi-driver/pkg/driver/efs-ns/enhanced_manager.go:320.81,324.3 3 0
github.com/kubernetes-sigs/aws-efs-csi-driver/pkg/driver/efs-ns/enhanced_manager.go:325.2,325.16 1 0
github.com/kubernetes-sigs/aws-efs-csi-driver/pkg/driver/efs-ns/enhanced_manager.go:325.16,328.3 1 0
github.com/kubernetes-sigs/aws-efs-csi-driver/pkg/driver/efs-ns/enhanced_manager.go:330.2,330.18 1 0
github.com/kubernetes-sigs/aws-efs-csi-driver/pkg/driver/efs-ns/enhanced_manager.go:330.18,334.3 2 0
github.com/kubernetes-sigs/aws-efs-csi-driver/pkg/driver/efs-ns/enhanced_manager.go:337.2,338.98 2 0
github.com/kubernetes-sigs/aws-efs-csi-driver/pkg/driver/efs-ns/enhanced_manager.go:338.98,342.3 3 0
github.com/kubernetes-sigs/aws-efs-csi-driver/pkg/driver/efs-ns/enhanced_manager.go:343.2,343.16 1 0
github.com/kubernetes-sigs/aws-efs-csi-driver/pkg/driver/efs-ns/enhanced_manager.go:343.16,345.47 1 0
github.com/kubernetes-sigs/aws-efs-csi-driver/pkg/driver/efs-ns/enhanced_manager.go:345.47,349.4 3 0
github.com/kubernetes-sigs/aws-efs-csi-driver/pkg/driver/efs-ns/enhanced_manager.go:350.3,351.41 1 0
github.com/kubernetes-sigs/aws-efs-csi-driver/pkg/driver/efs-ns/enhanced_manager.go:354.2,354.28 1 0
github.com/kubernetes-sigs/aws-efs-csi-driver/pkg/driver/efs-ns/enhanced_manager.go:354.28,357.3 1 0
github.com/kubernetes-sigs/aws-efs-csi-driver/pkg/driver/efs-ns/enhanced_manager.go:359.2,362.99 2 0
github.com/kubernetes-sigs/aws-efs-csi-driver/pkg/driver/efs-ns/enhanced_manager.go:362.99,364.3 1 0
github.com/kubernetes-sigs/aws-efs-csi-driver/pkg/driver/efs-ns/enhanced_manager.go:365.2,365.16 1 0
github.com/kubernetes-sigs/aws-efs-csi-driver/pkg/driver/efs-ns/enhanced_manager.go:365.16,368.3 1 0
github.com/kubernetes-sigs/aws-efs-csi-driver/pkg/driver/efs-ns/enhanced_manager.go:371.2,371.34 1 0
github.com/kubernetes-sigs/aws-efs-csi-driver/pkg/driver/efs-ns/enhanced_manager.go:371.34,372.101 1 0
github.com/kubernetes-sigs/aws-efs-csi-driver/pkg/driver/efs-ns/enhanced_manager.go:372.101,374.4 1 0
github.com/kubernetes-sigs/aws-efs-csi-driver/pkg/driver/efs-ns/enhanced_manager.go:375.3,375.17 1 0
github.com/kubernetes-sigs/aws-efs-csi-driver/pkg/driver/efs-ns/enhanced_manager.go:375.17,378.4 1 0
github.com/kubernetes-sigs/aws-efs-csi-driver/pkg/driver/efs-ns/enhanced_manager.go:382.2,382.97 1 0
github.com/kubernetes-sigs/aws-efs-csi-driver/pkg/driver/efs-ns/enhanced_manager.go:382.97,384.3 1 0
github.com/kubernetes-sigs/aws-efs-csi-driver/pkg/driver/efs-ns/enhanced_manager.go:385.2,385.16 1 0
github.com/kubernetes-sigs/aws-efs-csi-driver/pkg/driver/efs-ns/enhanced_manager.go:385.16,388.3 1 0
github.com/kubernetes-sigs/aws-efs-csi-driver/pkg/driver/efs-ns/enhanced_manager.go:391.2,394.12 3 0
github.com/kubernetes-sigs/aws-efs-csi-driver/pkg/driver/efs-ns/enhanced_manager.go:404.28,406.2 1 0
github.com/kubernetes-sigs/aws-efs-csi-driver/pkg/driver/efs-ns/enhanced_manager.go:413.9,415.2 1 0
github.com/kubernetes-sigs/aws-efs-csi-driver/pkg/driver/efs-ns/enhanced_manager.go:421.9,422.113 1 0
github.com/kubernetes-sigs/aws-efs-csi-driver/pkg/driver/efs-ns/enhanced_manager.go:422.113,424.17 2 0
github.com/kubernetes-sigs/aws-efs-csi-driver/pkg/driver/efs-ns/enhanced_manager.go:424.17,426.4 1 0
github.com/kubernetes-sigs/aws-efs-csi-driver/pkg/driver/efs-ns/enhanced_manager.go:427.3,427.22 1 0
github.com/kubernetes-sigs/aws-efs-csi-driver/pkg/driver/efs-ns/enhanced_manager.go:427.22,430.4 1 0
github.com/kubernetes-sigs/aws-efs-csi-driver/pkg/driver/efs-ns/enhanced_manager.go:431.3,431.13 1 0
github.com/kubernetes-sigs/aws-efs-csi-driver/pkg/driver/efs-ns/enhanced_manager.go:439.9,440.112 1 0
github.com/kubernetes-sigs/aws-efs-csi-driver/pkg/driver/efs-ns/enhanced_manager.go:440.112,441.7 1 0
github.com/kubernetes-sigs/aws-efs-csi-driver/pkg/driver/efs-ns/enhanced_manager.go:441.7,442.11 1 0
github.com/kubernetes-sigs/aws-efs-csi-driver/pkg/driver/efs-ns/enhanced_manager.go:443.22,444.21 1 0
github.com/kubernetes-sigs/aws-efs-csi-driver/pkg/driver/efs-ns/enhanced_manager.go:445.40,447.19 2 0
github.com/kubernetes-sigs/aws-efs-csi-driver/pkg/driver/efs-ns/enhanced_manager.go:447.19,449.6 1 0
github.com/kubernetes-sigs/aws-efs-csi-driver/pkg/driver/efs-ns/enhanced_manager.go:450.5,450.66 1 0
github.com/kubernetes-sigs/aws-efs-csi-driver/pkg/driver/efs-ns/enhanced_manager.go:450.66,452.6 1 0
github.com/kubernetes-sigs/aws-efs-csi-driver/pkg/driver/efs-ns/enhanced_manager.go:463.9,464.114 1 0
github.com/kubernetes-sigs/aws-efs-csi-driver/pkg/driver/efs-ns/enhanced_manager.go:464.114,465.7 1 0
github.com/kubernetes-sigs/aws-efs-csi-driver/pkg/driver/efs-ns/enhanced_manager.go:465.7,466.11 1 0
github.com/kubernetes-sigs/aws-efs-csi-driver/pkg/driver/efs-ns/enhanced_manager.go:467.22,468.21 1 0
github.com/kubernetes-sigs/aws-efs-csi-driver/pkg/driver/efs-ns/enhanced_manager.go:469.40,471.41 2 0
github.com/kubernetes-sigs/aws-efs-csi-driver/pkg/driver/efs-ns/enhanced_manager.go:471.41,473.20 2 0
github.com/kubernetes-sigs/aws-efs-csi-driver/pkg/driver/efs-ns/enhanced_manager.go:473.20,475.7 1 0
github.com/kubernetes-sigs/aws-efs-csi-driver/pkg/driver/efs-ns/enhanced_manager.go:476.6,476.20 1 0
github.com/kubernetes-sigs/aws-efs-csi-driver/pkg/driver/efs-ns/enhanced_manager.go:476.20,478.12 2 0
github.com/kubernetes-sigs/aws-efs-csi-driver/pkg/driver/efs-ns/enhanced_manager.go:481.5,481.21 1 0
github.com/kubernetes-sigs/aws-efs-csi-driver/pkg/driver/efs-ns/enhanced_manager.go:481.21,483.6 1 0
github.com/kubernetes-sigs/aws-efs-csi-driver/pkg/driver/efs-ns/enhanced_manager.go:491.128,494.2 1 0
github.com/kubernetes-sigs/aws-efs-csi-driver/pkg/driver/efs-ns/enhanced_manager.go:496.140,499.2 1 0
github.com/kubernetes-sigs/aws-efs-csi-driver/pkg/driver/efs-ns/enhanced_manager.go:501.85,504.2 1 0
github.com/kubernetes-sigs/aws-efs-csi-driver/pkg/driver/efs-ns/enhanced_manager.go:507.133,509.2 1 0
github.com/kubernetes-sigs/aws-efs-csi-driver/pkg/driver/efs-ns/enhanced_manager.go:511.174,513.2 1 0
github.com/kubernetes-sigs/aws-efs-csi-driver/pkg/driver/efs-ns/enhanced_manager.go:515.135,517.2 1 0
github.com/kubernetes-sigs/aws-efs-csi-driver/pkg/driver/efs-ns/enhanced_manager.go:519.142,521.2 1 0
github.com/kubernetes-sigs/aws-efs-csi-driver/pkg/driver/efs-ns/enhanced_manager.go:523.113,525.2 1 0
github.com/kubernetes-sigs/aws-efs-csi-driver/pkg/driver/efs-ns/enhanced_manager.go:527.117,529.2 1 0
github.com/kubernetes-sigs/aws-efs-csi-driver/pkg/driver/efs-ns/enhanced_manager.go:531.111,533.2 1 0
github.com/kubernetes-sigs/aws-efs-csi-driver/pkg/driver/efs-ns/enhanced_manager.go:535.153,537.2 1 0
github.com/kubernetes-sigs/aws-efs-csi-driver/pkg/driver/efs-ns/enhanced_manager.go:539.130,541.2 1 0
github.com/kubernetes-sigs/aws-efs-csi-driver/pkg/driver/efs-ns/enhanced_manager.go:543.147,545.2 1 0
github.com/kubernetes-sigs/aws-efs-csi-driver/pkg/driver/efs-ns/enhanced_manager.go:547.134,549.2 1 0
github.com/kubernetes-sigs/aws-efs-csi-driver/pkg/driver/efs-ns/enhanced_manager.go:551.126,553.2 1 0
github.com/kubernetes-sigs/aws-efs-csi-driver/pkg/driver/efs-ns/enhanced_manager.go:556.150,566.12 5 0
github.com/kubernetes-sigs/aws-efs-csi-driver/pkg/driver/efs-ns/enhanced_manager.go:566.12,569.3 2 0
github.com/kubernetes-sigs/aws-efs-csi-driver/pkg/driver/efs-ns/enhanced_manager.go:571.2,571.9 1 0
github.com/kubernetes-sigs/aws-efs-csi-driver/pkg/driver/efs-ns/enhanced_manager.go:572.21,573.28 1 0
github.com/kubernetes-sigs/aws-efs-csi-driver/pkg/driver/efs-ns/enhanced_manager.go:574.27,577.75 2 0
github.com/kubernetes-sigs/aws-efs-csi-driver/pkg/driver/efs-ns/errors.go:93.37,94.23 1 14
github.com/kubernetes-sigs/aws-efs-csi-driver/pkg/driver/efs-ns/errors.go:94.23,95.21 1 9
github.com/kubernetes-sigs/aws-efs-csi-driver/pkg/driver/efs-ns/errors.go:95.21,98.4 1 2
github.com/kubernetes-sigs/aws-efs-csi-driver/pkg/driver/efs-ns/errors.go:99.3,100.48 1 7
github.com/kubernetes-sigs/aws-efs-csi-driver/pkg/driver/efs-ns/errors.go:103.2,103.20 1 5
github.com/kubernetes-sigs/aws-efs-csi-driver/pkg/driver/efs-ns/errors.go:103.20,106.3 1 2
github.com/kubernetes-sigs/aws-efs-csi-driver/pkg/driver/efs-ns/errors.go:107.2,108.34 1 3
github.com/kubernetes-sigs/aws-efs-csi-driver/pkg/driver/efs-ns/errors.go:112.37,114.2 1 15
github.com/kubernetes-sigs/aws-efs-csi-driver/pkg/driver/efs-ns/errors.go:117.44,118.47 1 3
github.com/kubernetes-sigs/aws-efs-csi-driver/pkg/driver/efs-ns/errors.go:118.47,120.3 1 2
github.com/kubernetes-sigs/aws-efs-csi-driver/pkg/driver/efs-ns/errors.go:121.2,121.14 1 1
github.com/kubernetes-sigs/aws-efs-csi-driver/pkg/driver/efs-ns/errors.go:125.107,133.2 1 110
github.com/kubernetes-sigs/aws-efs-csi-driver/pkg/driver/efs-ns/errors.go:145.43,148.2 2 4
github.com/kubernetes-sigs/aws-efs-csi-driver/pkg/driver/efs-ns/errors.go:151.50,153.31 2 2
github.com/kubernetes-sigs/aws-efs-csi-driver/pkg/driver/efs-ns/errors.go:153.31,155.3 1 2
github.com/kubernetes-sigs/aws-efs-csi-driver/pkg/driver/efs-ns/errors.go:156.2,156.11 1 0
github.com/kubernetes-sigs/aws-efs-csi-driver/pkg/driver/efs-ns/errors.go:160.49,163.2 2 3
github.com/kubernetes-sigs/aws-efs-csi-driver/pkg/driver/efs-ns/errors.go:166.49,169.2 2 3
github.com/kubernetes-sigs/aws-efs-csi-driver/pkg/driver/efs-ns/errors.go:172.40,175.2 2 10
github.com/kubernetes-sigs/aws-efs-csi-driver/pkg/driver/efs-ns/errors.go:178.41,181.2 2 12
github.com/kubernetes-sigs/aws-efs-csi-driver/pkg/driver/efs-ns/errors.go:184.45,187.2 2 3
github.com/kubernetes-sigs/aws-efs-csi-driver/pkg/driver/efs-ns/errors.go:190.47,193.2 2 3
github.com/kubernetes-sigs/aws-efs-csi-driver/pkg/driver/efs-ns/errors.go:196.37,199.2 2 3
github.com/kubernetes-sigs/aws-efs-csi-driver/pkg/driver/efs-ns/errors.go:202.44,205.2 2 3
github.com/kubernetes-sigs/aws-efs-csi-driver/pkg/driver/efs-ns/errors.go:208.34,210.32 2 20
github.com/kubernetes-sigs/aws-efs-csi-driver/pkg/driver/efs-ns/errors.go:210.32,212.3 1 1
github.com/kubernetes-sigs/aws-efs-csi-driver/pkg/driver/efs-ns/errors.go:214.2,214.23 1 19
github.com/kubernetes-sigs/aws-efs-csi-driver/pkg/driver/efs-ns/errors.go:215.80,216.14 1 4
github.com/kubernetes-sigs/aws-efs-csi-driver/pkg/driver/efs-ns/errors.go:217.99,218.14 1 12
github.com/kubernetes-sigs/aws-efs-csi-driver/pkg/driver/efs-ns/errors.go:219.10,220.15 1 3
github.com/kubernetes-sigs/aws-efs-csi-driver/pkg/driver/efs-ns/errors.go:225.34,227.32 2 7
github.com/kubernetes-sigs/aws-efs-csi-driver/pkg/driver/efs-ns/errors.go:227.32,229.3 1 1
github.com/kubernetes-sigs/aws-efs-csi-driver/pkg/driver/efs-ns/errors.go:231.2,231.23 1 6
github.com/kubernetes-sigs/aws-efs-csi-driver/pkg/driver/efs-ns/errors.go:232.80,233.14 1 4
github.com/kubernetes-sigs/aws-efs-csi-driver/pkg/driver/efs-ns/errors.go:234.10,235.15 1 2
github.com/kubernetes-sigs/aws-efs-csi-driver/pkg/driver/efs-ns/errors.go:240.61,243.2 2 23
github.com/kubernetes-sigs/aws-efs-csi-driver/pkg/driver/efs-ns/finalizer.go:78.30,79.19 1 31
github.com/kubernetes-sigs/aws-efs-csi-driver/pkg/driver/efs-ns/finalizer.go:79.19,80.43 1 1
github.com/kubernetes-sigs/aws-efs-csi-driver/pkg/driver/efs-ns/finalizer.go:82.2,82.21 1 30
github.com/kubernetes-sigs/aws-efs-csi-driver/pkg/driver/efs-ns/finalizer.go:82.21,83.38 1 1
github.com/kubernetes-sigs/aws-efs-csi-driver/pkg/driver/efs-ns/finalizer.go:85.2,85.23 1 29
github.com/kubernetes-sigs/aws-efs-csi-driver/pkg/driver/efs-ns/finalizer.go:85.23,86.37 1 1
github.com/kubernetes-sigs/aws-efs-csi-driver/pkg/driver/efs-ns/finalizer.go:88.2,88.26 1 28
github.com/kubernetes-sigs/aws-efs-csi-driver/pkg/driver/efs-ns/finalizer.go:88.26,89.44 1 1
github.com/kubernetes-sigs/aws-efs-csi-driver/pkg/driver/efs-ns/finalizer.go:92.2,97.3 1 27
github.com/kubernetes-sigs/aws-efs-csi-driver/pkg/driver/efs-ns/finalizer.go:101.112,105.16 3 5
github.com/kubernetes-sigs/aws-efs-csi-driver/pkg/driver/efs-ns/finalizer.go:105.16,107.3 1 1
github.com/kubernetes-sigs/aws-efs-csi-driver/pkg/driver/efs-ns/finalizer.go:109.2,112.43 2 4
github.com/kubernetes-sigs/aws-efs-csi-driver/pkg/driver/efs-ns/finalizer.go:112.43,113.38 1 1
github.com/kubernetes-sigs/aws-efs-csi-driver/pkg/driver/efs-ns/finalizer.go:113.38,116.4 2 1
github.com/kubernetes-sigs/aws-efs-csi-driver/pkg/driver/efs-ns/finalizer.go:120.2,120.44 1 3
github.com/kubernetes-sigs/aws-efs-csi-driver/pkg/driver/efs-ns/finalizer.go:120.44,124.17 2 7
github.com/kubernetes-sigs/aws-efs-csi-driver/pkg/driver/efs-ns/finalizer.go:124.17,125.30 1 1
github.com/kubernetes-sigs/aws-efs-csi-driver/pkg/driver/efs-ns/finalizer.go:125.30,128.5 2 1
github.com/kubernetes-sigs/aws-efs-csi-driver/pkg/driver/efs-ns/finalizer.go:129.4,130.65 1 0
github.com/kubernetes-sigs/aws-efs-csi-driver/pkg/driver/efs-ns/finalizer.go:134.3,134.50 1 6
github.com/kubernetes-sigs/aws-efs-csi-driver/pkg/driver/efs-ns/finalizer.go:134.50,135.39 1 0
github.com/kubernetes-sigs/aws-efs-csi-driver/pkg/driver/efs-ns/finalizer.go:135.39,137.5 1 0
github.com/kubernetes-sigs/aws-efs-csi-driver/pkg/driver/efs-ns/finalizer.go:141.3,145.17 3 6
github.com/kubernetes-sigs/aws-efs-csi-driver/pkg/driver/efs-ns/finalizer.go:145.17,148.4 1 5
github.com/kubernetes-sigs/aws-efs-csi-driver/pkg/driver/efs-ns/finalizer.go:150.3,151.13 2 1
github.com/kubernetes-sigs/aws-efs-csi-driver/pkg/driver/efs-ns/finalizer.go:156.115,160.16 3 7
github.com/kubernetes-sigs/aws-efs-csi-driver/pkg/driver/efs-ns/finalizer.go:160.16,162.3 1 1
github.com/kubernetes-sigs/aws-efs-csi-driver/pkg/driver/efs-ns/finalizer.go:164.2,167.44 2 6
github.com/kubernetes-sigs/aws-efs-csi-driver/pkg/driver/efs-ns/finalizer.go:167.44,171.17 2 6
github.com/kubernetes-sigs/aws-efs-csi-driver/pkg/driver/efs-ns/finalizer.go:171.17,172.30 1 1
github.com/kubernetes-sigs/aws-efs-csi-driver/pkg/driver/efs-ns/finalizer.go:172.30,175.5 2 1
github.com/kubernetes-sigs/aws-efs-csi-driver/pkg/driver/efs-ns/finalizer.go:176.4,177.65 1 0
github.com/kubernetes-sigs/aws-efs-csi-driver/pkg/driver/efs-ns/finalizer.go:181.3,183.50 3 5
github.com/kubernetes-sigs/aws-efs-csi-driver/pkg/driver/efs-ns/finalizer.go:183.50,184.39 1 5
github.com/kubernetes-sigs/aws-efs-csi-driver/pkg/driver/efs-ns/finalizer.go:184.39,186.5 1 1
github.com/kubernetes-sigs/aws-efs-csi-driver/pkg/driver/efs-ns/finalizer.go:186.10,188.5 1 4
github.com/kubernetes-sigs/aws-efs-csi-driver/pkg/driver/efs-ns/finalizer.go:191.3,191.22 1 5
github.com/kubernetes-sigs/aws-efs-csi-driver/pkg/driver/efs-ns/finalizer.go:191.22,194.4 2 1
github.com/kubernetes-sigs/aws-efs-csi-driver/pkg/driver/efs-ns/finalizer.go:197.3,201.17 3 4
github.com/kubernetes-sigs/aws-efs-csi-driver/pkg/driver/efs-ns/finalizer.go:201.17,204.4 1 0
github.com/kubernetes-sigs/aws-efs-csi-driver/pkg/driver/efs-ns/finalizer.go:206.3,207.13 2 4
github.com/kubernetes-sigs/aws-efs-csi-driver/pkg/driver/efs-ns/finalizer.go:212.104,216.21 3 4
github.com/kubernetes-sigs/aws-efs-csi-driver/pkg/driver/efs-ns/finalizer.go:216.21,218.3 1 1
github.com/kubernetes-sigs/aws-efs-csi-driver/pkg/driver/efs-ns/finalizer.go:220.2,223.44 2 3
github.com/kubernetes-sigs/aws-efs-csi-driver/pkg/driver/efs-ns/finalizer.go:223.44,226.17 2 3
github.com/kubernetes-sigs/aws-efs-csi-driver/pkg/driver/efs-ns/finalizer.go:226.17,227.30 1 1
github.com/kubernetes-sigs/aws-efs-csi-driver/pkg/driver/efs-ns/finalizer.go:227.30,230.5 2 1
github.com/kubernetes-sigs/aws-efs-csi-driver/pkg/driver/efs-ns/finalizer.go:231.4,232.58 1 0
github.com/kubernetes-sigs/aws-efs-csi-driver/pkg/driver/efs-ns/finalizer.go:236.3,236.43 1 2
github.com/kubernetes-sigs/aws-efs-csi-driver/pkg/driver/efs-ns/finalizer.go:236.43,237.48 1 1
github.com/kubernetes-sigs/aws-efs-csi-driver/pkg/driver/efs-ns/finalizer.go:237.48,240.5 2 1
github.com/kubernetes-sigs/aws-efs-csi-driver/pkg/driver/efs-ns/finalizer.go:244.3,248.17 3 1
github.com/kubernetes-sigs/aws-efs-csi-driver/pkg/driver/efs-ns/finalizer.go:248.17,251.4 1 0
github.com/kubernetes-sigs/aws-efs-csi-driver/pkg/driver/efs-ns/finalizer.go:253.3,254.13 2 1
github.com/kubernetes-sigs/aws-efs-csi-driver/pkg/driver/efs-ns/finalizer.go:259.107,263.21 3 5
github.com/kubernetes-sigs/aws-efs-csi-driver/pkg/driver/efs-ns/finalizer.go:263.21,265.3 1 1
github.com/kubernetes-sigs/aws-efs-csi-driver/pkg/driver/efs-ns/finalizer.go:267.2,270.44 2 4
github.com/kubernetes-sigs/aws-efs-csi-driver/pkg/driver/efs-ns/finalizer.go:270.44,273.17 2 4
github.com/kubernetes-sigs/aws-efs-csi-driver/pkg/driver/efs-ns/finalizer.go:273.17,274.30 1 1
github.com/kubernetes-sigs/aws-efs-csi-driver/pkg/driver/efs-ns/finalizer.go:274.30,277.5 2 1
github.com/kubernetes-sigs/aws-efs-csi-driver/pkg/driver/efs-ns/finalizer.go:278.4,279.58 1 0
github.com/kubernetes-sigs/aws-efs-csi-driver/pkg/driver/efs-ns/finalizer.go:283.3,285.43 3 3
github.com/kubernetes-sigs/aws-efs-csi-driver/pkg/driver/efs-ns/finalizer.go:285.43,286.48 1 3
github.com/kubernetes-sigs/aws-efs-csi-driver/pkg/driver/efs-ns/finalizer.go:286.48,288.5 1 1
github.com/kubernetes-sigs/aws-efs-csi-driver/pkg/driver/efs-ns/finalizer.go:288.10,290.5 1 2
github.com/kubernetes-sigs/aws-efs-csi-driver/pkg/driver/efs-ns/finalizer.go:293.3,293.22 1 3
github.com/kubernetes-sigs/aws-efs-csi-driver/pkg/driver/efs-ns/finalizer.go:293.22,296.4 2 1
github.com/kubernetes-sigs/aws-efs-csi-driver/pkg/driver/efs-ns/finalizer.go:299.3,303.17 3 2
github.com/kubernetes-sigs/aws-efs-csi-driver/pkg/driver/efs-ns/finalizer.go:303.17,306.4 1 0
github.com/kubernetes-sigs/aws-efs-csi-driver/pkg/driver/efs-ns/finalizer.go:308.3,309.13 2 2
github.com/kubernetes-sigs/aws-efs-csi-driver/pkg/driver/efs-ns/finalizer.go:314.104,315.19 1 4
github.com/kubernetes-sigs/aws-efs-csi-driver/pkg/driver/efs-ns/finalizer.go:315.19,317.3 1 1
github.com/kubernetes-sigs/aws-efs-csi-driver/pkg/driver/efs-ns/finalizer.go:320.2,323.30 3 3
github.com/kubernetes-sigs/aws-efs-csi-driver/pkg/driver/efs-ns/finalizer.go:324.37,325.51 1 1
github.com/kubernetes-sigs/aws-efs-csi-driver/pkg/driver/efs-ns/finalizer.go:326.25,327.57 1 1
github.com/kubernetes-sigs/aws-efs-csi-driver/pkg/driver/efs-ns/finalizer.go:328.10,330.60 1 1
github.com/kubernetes-sigs/aws-efs-csi-driver/pkg/driver/efs-ns/finalizer.go:335.122,340.43 3 5
github.com/kubernetes-sigs/aws-efs-csi-driver/pkg/driver/efs-ns/finalizer.go:340.43,341.38 1 4
github.com/kubernetes-sigs/aws-efs-csi-driver/pkg/driver/efs-ns/finalizer.go:341.38,343.9 2 3
github.com/kubernetes-sigs/aws-efs-csi-driver/pkg/driver/efs-ns/finalizer.go:347.2,347.22 1 5
github.com/kubernetes-sigs/aws-efs-csi-driver/pkg/driver/efs-ns/finalizer.go:347.22,350.3 2 2
github.com/kubernetes-sigs/aws-efs-csi-driver/pkg/driver/efs-ns/finalizer.go:353.2,354.49 2 3
github.com/kubernetes-sigs/aws-efs-csi-driver/pkg/driver/efs-ns/finalizer.go:354.49,357.17 2 0
github.com/kubernetes-sigs/aws-efs-csi-driver/pkg/driver/efs-ns/finalizer.go:357.17,359.4 1 0
github.com/kubernetes-sigs/aws-efs-csi-driver/pkg/driver/efs-ns/finalizer.go:359.9,359.32 1 0
github.com/kubernetes-sigs/aws-efs-csi-driver/pkg/driver/efs-ns/finalizer.go:359.32,361.4 1 0
github.com/kubernetes-sigs/aws-efs-csi-driver/pkg/driver/efs-ns/finalizer.go:365.2,365.20 1 3
github.com/kubernetes-sigs/aws-efs-csi-driver/pkg/driver/efs-ns/finalizer.go:365.20,367.17 2 3
github.com/kubernetes-sigs/aws-efs-csi-driver/pkg/driver/efs-ns/finalizer.go:367.17,370.4 1 0
github.com/kubernetes-sigs/aws-efs-csi-driver/pkg/driver/efs-ns/finalizer.go:370.9,374.24 2 3
github.com/kubernetes-sigs/aws-efs-csi-driver/pkg/driver/efs-ns/finalizer.go:374.24,378.19 3 2
github.com/kubernetes-sigs/aws-efs-csi-driver/pkg/driver/efs-ns/finalizer.go:378.19,382.6 1 1
github.com/kubernetes-sigs/aws-efs-csi-driver/pkg/driver/efs-ns/finalizer.go:388.2,389.16 2 3
github.com/kubernetes-sigs/aws-efs-csi-driver/pkg/driver/efs-ns/finalizer.go:389.16,392.3 1 0
github.com/kubernetes-sigs/aws-efs-csi-driver/pkg/driver/efs-ns/finalizer.go:394.2,395.12 2 3
github.com/kubernetes-sigs/aws-efs-csi-driver/pkg/driver/efs-ns/finalizer.go:399.122,404.49 3 4
github.com/kubernetes-sigs/aws-efs-csi-driver/pkg/driver/efs-ns/finalizer.go:404.49,405.47 1 3
github.com/kubernetes-sigs/aws-efs-csi-driver/pkg/driver/efs-ns/finalizer.go:405.47,407.9 2 2
github.com/kubernetes-sigs/aws-efs-csi-driver/pkg/driver/efs-ns/finalizer.go:411.2,411.22 1 4
github.com/kubernetes-sigs/aws-efs-csi-driver/pkg/driver/efs-ns/finalizer.go:411.22,414.3 2 2
github.com/kubernetes-sigs/aws-efs-csi-driver/pkg/driver/efs-ns/finalizer.go:417.2,418.16 2 2
github.com/kubernetes-sigs/aws-efs-csi-driver/pkg/driver/efs-ns/finalizer.go:418.16,420.3 1 0
github.com/kubernetes-sigs/aws-efs-csi-driver/pkg/driver/efs-ns/finalizer.go:422.2,422.18 1 2
github.com/kubernetes-sigs/aws-efs-csi-driver/pkg/driver/efs-ns/finalizer.go:422.18,426.3 2 1
github.com/kubernetes-sigs/aws-efs-csi-driver/pkg/driver/efs-ns/finalizer.go:429.2,433.61 3 1
github.com/kubernetes-sigs/aws-efs-csi-driver/pkg/driver/efs-ns/finalizer.go:433.61,435.3 1 0
github.com/kubernetes-sigs/aws-efs-csi-driver/pkg/driver/efs-ns/finalizer.go:437.2,437.19 1 1
github.com/kubernetes-sigs/aws-efs-csi-driver/pkg/driver/efs-ns/finalizer.go:437.19,446.17 3 1
github.com/kubernetes-sigs/aws-efs-csi-driver/pkg/driver/efs-ns/finalizer.go:446.17,449.4 1 0
github.com/kubernetes-sigs/aws-efs-csi-driver/pkg/driver/efs-ns/finalizer.go:453.2,454.16 2 1
github.com/kubernetes-sigs/aws-efs-csi-driver/pkg/driver/efs-ns/finalizer.go:454.16,457.3 1 0
github.com/kubernetes-sigs/aws-efs-csi-driver/pkg/driver/efs-ns/finalizer.go:459.2,460.12 2 1
github.com/kubernetes-sigs/aws-efs-csi-driver/pkg/driver/efs-ns/finalizer.go:464.103,467.58 2 20
github.com/kubernetes-sigs/aws-efs-csi-driver/pkg/driver/efs-ns/finalizer.go:467.58,469.10 1 26
github.com/kubernetes-sigs/aws-efs-csi-driver/pkg/driver/efs-ns/finalizer.go:470.21,472.58 1 0
github.com/kubernetes-sigs/aws-efs-csi-driver/pkg/driver/efs-ns/finalizer.go:473.11,473.11 0 26
github.com/kubernetes-sigs/aws-efs-csi-driver/pkg/driver/efs-ns/finalizer.go:476.3,477.21 2 26
github.com/kubernetes-sigs/aws-efs-csi-driver/pkg/driver/efs-ns/finalizer.go:477.21,479.4 1 17
github.com/kubernetes-sigs/aws-efs-csi-driver/pkg/driver/efs-ns/finalizer.go:482.3,482.82 1 9
github.com/kubernetes-sigs/aws-efs-csi-driver/pkg/driver/efs-ns/finalizer.go:482.82,483.36 1 8
github.com/kubernetes-sigs/aws-efs-csi-driver/pkg/driver/efs-ns/finalizer.go:483.36,488.12 2 7
github.com/kubernetes-sigs/aws-efs-csi-driver/pkg/driver/efs-ns/finalizer.go:489.23,491.55 1 1
github.com/kubernetes-sigs/aws-efs-csi-driver/pkg/driver/efs-ns/finalizer.go:492.38,492.38 0 6
github.com/kubernetes-sigs/aws-efs-csi-driver/pkg/driver/efs-ns/finalizer.go:494.5,494.13 1 6
github.com/kubernetes-sigs/aws-efs-csi-driver/pkg/driver/efs-ns/finalizer.go:496.9,498.9 1 1
github.com/kubernetes-sigs/aws-efs-csi-driver/pkg/driver/efs-ns/finalizer.go:502.2,503.93 1 2
github.com/kubernetes-sigs/aws-efs-csi-driver/pkg/driver/efs-ns/health_checks.go:55.71,61.2 1 0
github.com/kubernetes-sigs/aws-efs-csi-driver/pkg/driver/efs-ns/health_checks.go:64.64,79.16 7 0
github.com/kubernetes-sigs/aws-efs-csi-driver/pkg/driver/efs-ns/health_checks.go:79.16,83.3 2 0
github.com/kubernetes-sigs/aws-efs-csi-driver/pkg/driver/efs-ns/health_checks.go:85.2,86.12 2 0
github.com/kubernetes-sigs/aws-efs-csi-driver/pkg/driver/efs-ns/health_checks.go:90.45,92.2 1 0
github.com/kubernetes-sigs/aws-efs-csi-driver/pkg/driver/efs-ns/health_checks.go:95.65,97.2 1 0
github.com/kubernetes-sigs/aws-efs-csi-driver/pkg/driver/efs-ns/health_checks.go:107.93,113.2 1 0
github.com/kubernetes-sigs/aws-efs-csi-driver/pkg/driver/efs-ns/health_checks.go:116.71,117.21 1 0
github.com/kubernetes-sigs/aws-efs-csi-driver/pkg/driver/efs-ns/health_checks.go:117.21,120.3 1 0
github.com/kubernetes-sigs/aws-efs-csi-driver/pkg/driver/efs-ns/health_checks.go:122.2,128.16 4 0
github.com/kubernetes-sigs/aws-efs-csi-driver/pkg/driver/efs-ns/health_checks.go:128.16,132.3 2 0
github.com/kubernetes-sigs/aws-efs-csi-driver/pkg/driver/efs-ns/health_checks.go:134.2,135.12 2 0
github.com/kubernetes-sigs/aws-efs-csi-driver/pkg/driver/efs-ns/health_checks.go:139.52,141.2 1 0
github.com/kubernetes-sigs/aws-efs-csi-driver/pkg/driver/efs-ns/health_checks.go:144.72,146.2 1 0
github.com/kubernetes-sigs/aws-efs-csi-driver/pkg/driver/efs-ns/health_checks.go:156.71,162.2 1 0
github.com/kubernetes-sigs/aws-efs-csi-driver/pkg/driver/efs-ns/health_checks.go:165.63,166.20 1 0
github.com/kubernetes-sigs/aws-efs-csi-driver/pkg/driver/efs-ns/health_checks.go:166.20,169.3 1 0
github.com/kubernetes-sigs/aws-efs-csi-driver/pkg/driver/efs-ns/health_checks.go:171.2,193.12 8 0
github.com/kubernetes-sigs/aws-efs-csi-driver/pkg/driver/efs-ns/health_checks.go:193.12,197.3 2 0
github.com/kubernetes-sigs/aws-efs-csi-driver/pkg/driver/efs-ns/health_checks.go:199.2,199.59 1 0
github.com/kubernetes-sigs/aws-efs-csi-driver/pkg/driver/efs-ns/health_checks.go:199.59,203.3 2 0
github.com/kubernetes-sigs/aws-efs-csi-driver/pkg/driver/efs-ns/health_checks.go:206.2,210.16 3 0
github.com/kubernetes-sigs/aws-efs-csi-driver/pkg/driver/efs-ns/health_checks.go:210.16,213.3 1 0
github.com/kubernetes-sigs/aws-efs-csi-driver/pkg/driver/efs-ns/health_checks.go:215.2,221.9 3 0
github.com/kubernetes-sigs/aws-efs-csi-driver/pkg/driver/efs-ns/health_checks.go:222.25,224.51 1 0
github.com/kubernetes-sigs/aws-efs-csi-driver/pkg/driver/efs-ns/health_checks.go:225.10,226.13 1 0
github.com/kubernetes-sigs/aws-efs-csi-driver/pkg/driver/efs-ns/health_checks.go:231.44,233.2 1 0
github.com/kubernetes-sigs/aws-efs-csi-driver/pkg/driver/efs-ns/health_checks.go:236.64,238.2 1 0
github.com/kubernetes-sigs/aws-efs-csi-driver/pkg/driver/efs-ns/health_checks.go:248.98,254.2 1 0
github.com/kubernetes-sigs/aws-efs-csi-driver/pkg/driver/efs-ns/health_checks.go:257.74,258.24 1 0
github.com/kubernetes-sigs/aws-efs-csi-driver/pkg/driver/efs-ns/health_checks.go:258.24,261.3 1 0
github.com/kubernetes-sigs/aws-efs-csi-driver/pkg/driver/efs-ns/health_checks.go:263.2,292.9 15 0
github.com/kubernetes-sigs/aws-efs-csi-driver/pkg/driver/efs-ns/health_checks.go:293.25,295.63 1 0
github.com/kubernetes-sigs/aws-efs-csi-driver/pkg/driver/efs-ns/health_checks.go:296.10,297.13 1 0
github.com/kubernetes-sigs/aws-efs-csi-driver/pkg/driver/efs-ns/health_checks.go:302.55,304.2 1 0
github.com/kubernetes-sigs/aws-efs-csi-driver/pkg/driver/efs-ns/health_checks.go:307.75,309.2 1 0
github.com/kubernetes-sigs/aws-efs-csi-driver/pkg/driver/efs-ns/health_checks.go:319.114,325.2 1 0
github.com/kubernetes-sigs/aws-efs-csi-driver/pkg/driver/efs-ns/health_checks.go:328.79,329.22 1 0
github.com/kubernetes-sigs/aws-efs-csi-driver/pkg/driver/efs-ns/health_checks.go:329.22,332.3 2 0
github.com/kubernetes-sigs/aws-efs-csi-driver/pkg/driver/efs-ns/health_checks.go:335.2,340.16 4 0
github.com/kubernetes-sigs/aws-efs-csi-driver/pkg/driver/efs-ns/health_checks.go:340.16,343.3 2 0
github.com/kubernetes-sigs/aws-efs-csi-driver/pkg/driver/efs-ns/health_checks.go:345.2,346.13 2 0
github.com/kubernetes-sigs/aws-efs-csi-driver/pkg/driver/efs-ns/health_checks.go:350.59,352.2 1 0
github.com/kubernetes-sigs/aws-efs-csi-driver/pkg/driver/efs-ns/health_checks.go:355.79,357.2 1 0
github.com/kubernetes-sigs/aws-efs-csi-driver/pkg/driver/efs-ns/health_checks.go:367.84,373.2 1 0
github.com/kubernetes-sigs/aws-efs-csi-driver/pkg/driver/efs-ns/health_checks.go:376.72,377.22 1 0
github.com/kubernetes-sigs/aws-efs-csi-driver/pkg/driver/efs-ns/health_checks.go:377.22,380.3 2 0
github.com/kubernetes-sigs/aws-efs-csi-driver/pkg/driver/efs-ns/health_checks.go:383.2,388.16 4 0
github.com/kubernetes-sigs/aws-efs-csi-driver/pkg/driver/efs-ns/health_checks.go:388.16,391.3 2 0
github.com/kubernetes-sigs/aws-efs-csi-driver/pkg/driver/efs-ns/health_checks.go:393.2,394.13 2 0
github.com/kubernetes-sigs/aws-efs-csi-driver/pkg/driver/efs-ns/health_checks.go:398.52,400.2 1 0
github.com/kubernetes-sigs/aws-efs-csi-driver/pkg/driver/efs-ns/health_checks.go:403.72,405.2 1 0
github.com/kubernetes-sigs/aws-efs-csi-driver/pkg/driver/efs-ns/health_checks.go:417.71,418.18 1 11
github.com/kubernetes-sigs/aws-efs-csi-driver/pkg/driver/efs-ns/health_checks.go:418.18,420.3 1 2
github.com/kubernetes-sigs/aws-efs-csi-driver/pkg/driver/efs-ns/health_checks.go:422.2,428.3 1 11
github.com/kubernetes-sigs/aws-efs-csi-driver/pkg/driver/efs-ns/health_checks.go:432.70,433.20 1 6
github.com/kubernetes-sigs/aws-efs-csi-driver/pkg/driver/efs-ns/health_checks.go:433.20,435.3 1 1
github.com/kubernetes-sigs/aws-efs-csi-driver/pkg/driver/efs-ns/health_checks.go:437.2,441.73 4 5
github.com/kubernetes-sigs/aws-efs-csi-driver/pkg/driver/efs-ns/health_checks.go:445.76,446.20 1 6
github.com/kubernetes-sigs/aws-efs-csi-driver/pkg/driver/efs-ns/health_checks.go:446.20,448.3 1 1
github.com/kubernetes-sigs/aws-efs-csi-driver/pkg/driver/efs-ns/health_checks.go:450.2,454.76 4 5
github.com/kubernetes-sigs/aws-efs-csi-driver/pkg/driver/efs-ns/health_checks.go:458.66,465.2 5 2
github.com/kubernetes-sigs/aws-efs-csi-driver/pkg/driver/efs-ns/health_checks.go:468.72,475.2 5 2
github.com/kubernetes-sigs/aws-efs-csi-driver/pkg/driver/efs-ns/health_checks.go:478.77,484.24 5 3
github.com/kubernetes-sigs/aws-efs-csi-driver/pkg/driver/efs-ns/health_checks.go:484.24,487.3 2 1
github.com/kubernetes-sigs/aws-efs-csi-driver/pkg/driver/efs-ns/health_checks.go:489.2,489.35 1 2
github.com/kubernetes-sigs/aws-efs-csi-driver/pkg/driver/efs-ns/health_checks.go:489.35,490.44 1 4
github.com/kubernetes-sigs/aws-efs-csi-driver/pkg/driver/efs-ns/health_checks.go:490.44,493.4 2 1
github.com/kubernetes-sigs/aws-efs-csi-driver/pkg/driver/efs-ns/health_checks.go:496.2,497.18 2 1
github.com/kubernetes-sigs/aws-efs-csi-driver/pkg/driver/efs-ns/health_checks.go:501.71,507.24 5 3
github.com/kubernetes-sigs/aws-efs-csi-driver/pkg/driver/efs-ns/health_checks.go:507.24,510.3 2 1
github.com/kubernetes-sigs/aws-efs-csi-driver/pkg/driver/efs-ns/health_checks.go:512.2,512.35 1 2
github.com/kubernetes-sigs/aws-efs-csi-driver/pkg/driver/efs-ns/health_checks.go:512.35,513.28 1 4
github.com/kubernetes-sigs/aws-efs-csi-driver/pkg/driver/efs-ns/health_checks.go:513.28,516.4 2 1
github.com/kubernetes-sigs/aws-efs-csi-driver/pkg/driver/efs-ns/health_checks.go:519.2,520.13 2 1
github.com/kubernetes-sigs/aws-efs-csi-driver/pkg/driver/efs-ns/health_checks.go:531.3,535.22 2 0
github.com/kubernetes-sigs/aws-efs-csi-driver/pkg/driver/efs-ns/health_checks.go:535.22,537.3 1 0
github.com/kubernetes-sigs/aws-efs-csi-driver/pkg/driver/efs-ns/health_checks.go:539.2,539.29 1 0
github.com/kubernetes-sigs/aws-efs-csi-driver/pkg/driver/efs-ns/health_checks.go:539.29,541.3 1 0
github.com/kubernetes-sigs/aws-efs-csi-driver/pkg/driver/efs-ns/health_checks.go:543.2,543.18 1 0
github.com/kubernetes-sigs/aws-efs-csi-driver/pkg/driver/efs-ns/health_checks.go:543.18,545.3 1 0
github.com/kubernetes-sigs/aws-efs-csi-driver/pkg/driver/efs-ns/health_checks.go:547.2,547.29 1 0
github.com/kubernetes-sigs/aws-efs-csi-driver/pkg/driver/efs-ns/health_checks.go:547.29,549.3 1 0
github.com/kubernetes-sigs/aws-efs-csi-driver/pkg/driver/efs-ns/health_checks.go:552.2,552.22 1 0
github.com/kubernetes-sigs/aws-efs-csi-driver/pkg/driver/efs-ns/health_checks.go:552.22,554.3 1 0
github.com/kubernetes-sigs/aws-efs-csi-driver/pkg/driver/efs-ns/health_checks.go:556.2,556.23 1 0
github.com/kubernetes-sigs/aws-efs-csi-driver/pkg/driver/efs-ns/health_checks.go:556.23,558.3 1 0
github.com/kubernetes-sigs/aws-efs-csi-driver/pkg/driver/efs-ns/health_checks.go:560.2,562.49 1 0
github.com/kubernetes-sigs/aws-efs-csi-driver/pkg/driver/efs-ns/logging.go:41.52,42.21 1 33
github.com/kubernetes-sigs/aws-efs-csi-driver/pkg/driver/efs-ns/logging.go:42.21,44.3 1 1
github.com/kubernetes-sigs/aws-efs-csi-driver/pkg/driver/efs-ns/logging.go:45.2,47.3 1 33
github.com/kubernetes-sigs/aws-efs-csi-driver/pkg/driver/efs-ns/logging.go:53.109,63.2 1 1
github.com/kubernetes-sigs/aws-efs-csi-driver/pkg/driver/efs-ns/logging.go:66.111,76.2 1 1
github.com/kubernetes-sigs/aws-efs-csi-driver/pkg/driver/efs-ns/logging.go:79.115,81.18 2 2
github.com/kubernetes-sigs/aws-efs-csi-driver/pkg/driver/efs-ns/logging.go:81.18,92.3 1 1
github.com/kubernetes-sigs/aws-efs-csi-driver/pkg/driver/efs-ns/logging.go:92.8,101.3 1 1
github.com/kubernetes-sigs/aws-efs-csi-driver/pkg/driver/efs-ns/logging.go:105.95,113.2 1 1
github.com/kubernetes-sigs/aws-efs-csi-driver/pkg/driver/efs-ns/logging.go:116.111,126.2 1 1
github.com/kubernetes-sigs/aws-efs-csi-driver/pkg/driver/efs-ns/logging.go:129.129,131.18 2 2
github.com/kubernetes-sigs/aws-efs-csi-driver/pkg/driver/efs-ns/logging.go:131.18,143.3 1 1
github.com/kubernetes-sigs/aws-efs-csi-driver/pkg/driver/efs-ns/logging.go:143.8,153.3 1 1
github.com/kubernetes-sigs/aws-efs-csi-driver/pkg/driver/efs-ns/logging.go:157.128,167.2 1 1
github.com/kubernetes-sigs/aws-efs-csi-driver/pkg/driver/efs-ns/logging.go:172.105,181.2 1 1
github.com/kubernetes-sigs/aws-efs-csi-driver/pkg/driver/efs-ns/logging.go:184.126,195.2 1 1
github.com/kubernetes-sigs/aws-efs-csi-driver/pkg/driver/efs-ns/logging.go:198.129,200.18 2 2
github.com/kubernetes-sigs/aws-efs-csi-driver/pkg/driver/efs-ns/logging.go:200.18,212.3 1 1
github.com/kubernetes-sigs/aws-efs-csi-driver/pkg/driver/efs-ns/logging.go:212.8,222.3 1 1
github.com/kubernetes-sigs/aws-efs-csi-driver/pkg/driver/efs-ns/logging.go:226.116,236.2 1 1
github.com/kubernetes-sigs/aws-efs-csi-driver/pkg/driver/efs-ns/logging.go:241.88,250.2 1 1
github.com/kubernetes-sigs/aws-efs-csi-driver/pkg/driver/efs-ns/logging.go:253.89,262.2 1 1
github.com/kubernetes-sigs/aws-efs-csi-driver/pkg/driver/efs-ns/logging.go:265.95,266.13 1 2
github.com/kubernetes-sigs/aws-efs-csi-driver/pkg/driver/efs-ns/logging.go:266.13,274.3 1 1
github.com/kubernetes-sigs/aws-efs-csi-driver/pkg/driver/efs-ns/logging.go:274.8,282.3 1 1
github.com/kubernetes-sigs/aws-efs-csi-driver/pkg/driver/efs-ns/logging.go:288.72,296.2 1 1
github.com/kubernetes-sigs/aws-efs-csi-driver/pkg/driver/efs-ns/logging.go:299.85,307.2 1 2
github.com/kubernetes-sigs/aws-efs-csi-driver/pkg/driver/efs-ns/logging.go:310.93,312.18 2 2
github.com/kubernetes-sigs/aws-efs-csi-driver/pkg/driver/efs-ns/logging.go:312.18,322.3 1 1
github.com/kubernetes-sigs/aws-efs-csi-driver/pkg/driver/efs-ns/logging.go:322.8,330.3 1 1
github.com/kubernetes-sigs/aws-efs-csi-driver/pkg/driver/efs-ns/logging.go:336.113,346.2 1 1
github.com/kubernetes-sigs/aws-efs-csi-driver/pkg/driver/efs-ns/logging.go:349.106,358.2 1 1
github.com/kubernetes-sigs/aws-efs-csi-driver/pkg/driver/efs-ns/logging.go:363.106,373.2 1 1
github.com/kubernetes-sigs/aws-efs-csi-driver/pkg/driver/efs-ns/logging.go:376.92,385.2 1 1
github.com/kubernetes-sigs/aws-efs-csi-driver/pkg/driver/efs-ns/logging.go:388.122,390.18 2 2
github.com/kubernetes-sigs/aws-efs-csi-driver/pkg/driver/efs-ns/logging.go:390.18,402.3 1 1
github.com/kubernetes-sigs/aws-efs-csi-driver/pkg/driver/efs-ns/logging.go:402.8,412.3 1 1
github.com/kubernetes-sigs/aws-efs-csi-driver/pkg/driver/efs-ns/logging.go:418.102,419.13 1 2
github.com/kubernetes-sigs/aws-efs-csi-driver/pkg/driver/efs-ns/logging.go:419.13,428.3 1 1
github.com/kubernetes-sigs/aws-efs-csi-driver/pkg/driver/efs-ns/logging.go:428.8,437.3 1 1
github.com/kubernetes-sigs/aws-efs-csi-driver/pkg/driver/efs-ns/logging.go:441.115,450.2 1 1
github.com/kubernetes-sigs/aws-efs-csi-driver/pkg/driver/efs-ns/logging.go:453.100,462.2 1 1
github.com/kubernetes-sigs/aws-efs-csi-driver/pkg/driver/efs-ns/logging.go:467.110,468.13 1 2
github.com/kubernetes-sigs/aws-efs-csi-driver/pkg/driver/efs-ns/logging.go:468.13,477.3 1 1
github.com/kubernetes-sigs/aws-efs-csi-driver/pkg/driver/efs-ns/logging.go:477.8,486.3 1 1
github.com/kubernetes-sigs/aws-efs-csi-driver/pkg/driver/efs-ns/logging.go:490.108,499.2 1 1
github.com/kubernetes-sigs/aws-efs-csi-driver/pkg/driver/efs-ns/logging.go:504.94,513.2 1 1
github.com/kubernetes-sigs/aws-efs-csi-driver/pkg/driver/efs-ns/logging.go:516.96,525.2 1 1
github.com/kubernetes-sigs/aws-efs-csi-driver/pkg/driver/efs-ns/logging.go:530.69,537.2 1 1
github.com/kubernetes-sigs/aws-efs-csi-driver/pkg/driver/efs-ns/logging.go:540.49,545.2 1 1
github.com/kubernetes-sigs/aws-efs-csi-driver/pkg/driver/efs-ns/logging.go:548.104,556.2 1 1
github.com/kubernetes-sigs/aws-efs-csi-driver/pkg/driver/efs-ns/logging.go:561.124,564.16 2 3
github.com/kubernetes-sigs/aws-efs-csi-driver/pkg/driver/efs-ns/logging.go:564.16,565.46 1 2
github.com/kubernetes-sigs/aws-efs-csi-driver/pkg/driver/efs-ns/logging.go:565.46,566.36 1 1
github.com/kubernetes-sigs/aws-efs-csi-driver/pkg/driver/efs-ns/logging.go:566.36,568.5 1 1
github.com/kubernetes-sigs/aws-efs-csi-driver/pkg/driver/efs-ns/logging.go:572.2,579.21 2 3
github.com/kubernetes-sigs/aws-efs-csi-driver/pkg/driver/efs-ns/logging.go:579.21,581.3 1 1
github.com/kubernetes-sigs/aws-efs-csi-driver/pkg/driver/efs-ns/logging.go:583.2,583.33 1 3
github.com/kubernetes-sigs/aws-efs-csi-driver/pkg/driver/efs-ns/logging.go:583.33,585.3 1 6
github.com/kubernetes-sigs/aws-efs-csi-driver/pkg/driver/efs-ns/logging.go:587.2,587.63 1 3
github.com/kubernetes-sigs/aws-efs-csi-driver/pkg/driver/efs-ns/logging.go:591.150,594.16 2 3
github.com/kubernetes-sigs/aws-efs-csi-driver/pkg/driver/efs-ns/logging.go:594.16,595.46 1 2
github.com/kubernetes-sigs/aws-efs-csi-driver/pkg/driver/efs-ns/logging.go:595.46,596.36 1 1
github.com/kubernetes-sigs/aws-efs-csi-driver/pkg/driver/efs-ns/logging.go:596.36,598.5 1 1
github.com/kubernetes-sigs/aws-efs-csi-driver/pkg/driver/efs-ns/logging.go:602.2,611.21 2 3
github.com/kubernetes-sigs/aws-efs-csi-driver/pkg/driver/efs-ns/logging.go:611.21,613.3 1 1
github.com/kubernetes-sigs/aws-efs-csi-driver/pkg/driver/efs-ns/logging.go:615.2,615.33 1 3
github.com/kubernetes-sigs/aws-efs-csi-driver/pkg/driver/efs-ns/logging.go:615.33,617.3 1 6
github.com/kubernetes-sigs/aws-efs-csi-driver/pkg/driver/efs-ns/logging.go:619.2,619.78 1 3
github.com/kubernetes-sigs/aws-efs-csi-driver/pkg/driver/efs-ns/logging.go:623.78,630.2 3 5
github.com/kubernetes-sigs/aws-efs-csi-driver/pkg/driver/efs-ns/logging.go:633.77,640.2 3 11
github.com/kubernetes-sigs/aws-efs-csi-driver/pkg/driver/efs-ns/logging.go:643.80,650.2 3 2
github.com/kubernetes-sigs/aws-efs-csi-driver/pkg/driver/efs-ns/logging.go:653.89,660.43 3 3
github.com/kubernetes-sigs/aws-efs-csi-driver/pkg/driver/efs-ns/logging.go:660.43,663.3 2 1
github.com/kubernetes-sigs/aws-efs-csi-driver/pkg/driver/efs-ns/logging.go:665.2,665.58 1 3
github.com/kubernetes-sigs/aws-efs-csi-driver/pkg/driver/efs-ns/manager.go:100.30,110.2 1 1
github.com/kubernetes-sigs/aws-efs-csi-driver/pkg/driver/efs-ns/manager.go:117.28,118.21 1 3
github.com/kubernetes-sigs/aws-efs-csi-driver/pkg/driver/efs-ns/manager.go:118.21,120.3 1 1
github.com/kubernetes-sigs/aws-efs-csi-driver/pkg/driver/efs-ns/manager.go:122.2,122.20 1 2
github.com/kubernetes-sigs/aws-efs-csi-driver/pkg/driver/efs-ns/manager.go:122.20,124.3 1 0
github.com/kubernetes-sigs/aws-efs-csi-driver/pkg/driver/efs-ns/manager.go:126.2,126.43 1 2
github.com/kubernetes-sigs/aws-efs-csi-driver/pkg/driver/efs-ns/manager.go:126.43,128.3 1 0
github.com/kubernetes-sigs/aws-efs-csi-driver/pkg/driver/efs-ns/manager.go:130.2,133.52 2 2
github.com/kubernetes-sigs/aws-efs-csi-driver/pkg/driver/efs-ns/manager.go:133.52,136.3 2 1
github.com/kubernetes-sigs/aws-efs-csi-driver/pkg/driver/efs-ns/manager.go:139.2,143.52 3 1
github.com/kubernetes-sigs/aws-efs-csi-driver/pkg/driver/efs-ns/manager.go:143.52,146.3 2 0
github.com/kubernetes-sigs/aws-efs-csi-driver/pkg/driver/efs-ns/manager.go:149.2,150.16 2 1
github.com/kubernetes-sigs/aws-efs-csi-driver/pkg/driver/efs-ns/manager.go:150.16,153.3 1 0
github.com/kubernetes-sigs/aws-efs-csi-driver/pkg/driver/efs-ns/manager.go:155.2,155.23 1 1
github.com/kubernetes-sigs/aws-efs-csi-driver/pkg/driver/efs-ns/manager.go:155.23,159.3 3 0
github.com/kubernetes-sigs/aws-efs-csi-driver/pkg/driver/efs-ns/manager.go:162.2,164.16 3 1
github.com/kubernetes-sigs/aws-efs-csi-driver/pkg/driver/efs-ns/manager.go:164.16,167.3 1 0
github.com/kubernetes-sigs/aws-efs-csi-driver/pkg/driver/efs-ns/manager.go:170.2,173.20 3 1
github.com/kubernetes-sigs/aws-efs-csi-driver/pkg/driver/efs-ns/manager.go:181.9,182.21 1 2
github.com/kubernetes-sigs/aws-efs-csi-driver/pkg/driver/efs-ns/manager.go:182.21,184.3 1 0
github.com/kubernetes-sigs/aws-efs-csi-driver/pkg/driver/efs-ns/manager.go:186.2,186.20 1 2
github.com/kubernetes-sigs/aws-efs-csi-driver/pkg/driver/efs-ns/manager.go:186.20,188.3 1 0
github.com/kubernetes-sigs/aws-efs-csi-driver/pkg/driver/efs-ns/manager.go:190.2,194.16 3 2
github.com/kubernetes-sigs/aws-efs-csi-driver/pkg/driver/efs-ns/manager.go:194.16,197.3 1 0
github.com/kubernetes-sigs/aws-efs-csi-driver/pkg/driver/efs-ns/manager.go:200.2,201.16 2 2
github.com/kubernetes-sigs/aws-efs-csi-driver/pkg/driver/efs-ns/manager.go:201.16,204.3 1 0
github.com/kubernetes-sigs/aws-efs-csi-driver/pkg/driver/efs-ns/manager.go:206.2,206.18 1 2
github.com/kubernetes-sigs/aws-efs-csi-driver/pkg/driver/efs-ns/manager.go:206.18,210.3 2 1
github.com/kubernetes-sigs/aws-efs-csi-driver/pkg/driver/efs-ns/manager.go:213.2,214.16 2 1
github.com/kubernetes-sigs/aws-efs-csi-driver/pkg/driver/efs-ns/manager.go:214.16,216.47 1 1
github.com/kubernetes-sigs/aws-efs-csi-driver/pkg/driver/efs-ns/manager.go:216.47,220.4 3 1
github.com/kubernetes-sigs/aws-efs-csi-driver/pkg/driver/efs-ns/manager.go:221.3,222.41 1 0
github.com/kubernetes-sigs/aws-efs-csi-driver/pkg/driver/efs-ns/manager.go:225.2,225.28 1 0
github.com/kubernetes-sigs/aws-efs-csi-driver/pkg/driver/efs-ns/manager.go:225.28,228.3 1 0
github.com/kubernetes-sigs/aws-efs-csi-driver/pkg/driver/efs-ns/manager.go:230.2,234.16 3 0
github.com/kubernetes-sigs/aws-efs-csi-driver/pkg/driver/efs-ns/manager.go:234.16,237.3 1 0
github.com/kubernetes-sigs/aws-efs-csi-driver/pkg/driver/efs-ns/manager.go:240.2,241.16 2 0
github.com/kubernetes-sigs/aws-efs-csi-driver/pkg/driver/efs-ns/manager.go:241.16,244.3 1 0
github.com/kubernetes-sigs/aws-efs-csi-driver/pkg/driver/efs-ns/manager.go:247.2,250.12 3 0
github.com/kubernetes-sigs/aws-efs-csi-driver/pkg/driver/efs-ns/manager.go:257.28,258.21 1 3
github.com/kubernetes-sigs/aws-efs-csi-driver/pkg/driver/efs-ns/manager.go:258.21,260.3 1 0
github.com/kubernetes-sigs/aws-efs-csi-driver/pkg/driver/efs-ns/manager.go:262.2,265.52 2 3
github.com/kubernetes-sigs/aws-efs-csi-driver/pkg/driver/efs-ns/manager.go:265.52,268.3 2 1
github.com/kubernetes-sigs/aws-efs-csi-driver/pkg/driver/efs-ns/manager.go:271.2,272.16 2 2
github.com/kubernetes-sigs/aws-efs-csi-driver/pkg/driver/efs-ns/manager.go:272.16,275.3 1 0
github.com/kubernetes-sigs/aws-efs-csi-driver/pkg/driver/efs-ns/manager.go:277.2,277.19 1 2
github.com/kubernetes-sigs/aws-efs-csi-driver/pkg/driver/efs-ns/manager.go:277.19,280.3 1 2
github.com/kubernetes-sigs/aws-efs-csi-driver/pkg/driver/efs-ns/manager.go:283.2,285.20 2 0
github.com/kubernetes-sigs/aws-efs-csi-driver/pkg/driver/efs-ns/manager.go:292.30,293.21 1 0
github.com/kubernetes-sigs/aws-efs-csi-driver/pkg/driver/efs-ns/manager.go:293.21,295.3 1 0
github.com/kubernetes-sigs/aws-efs-csi-driver/pkg/driver/efs-ns/manager.go:297.2,301.16 3 0
github.com/kubernetes-sigs/aws-efs-csi-driver/pkg/driver/efs-ns/manager.go:301.16,302.47 1 0
github.com/kubernetes-sigs/aws-efs-csi-driver/pkg/driver/efs-ns/manager.go:302.47,304.4 1 0
github.com/kubernetes-sigs/aws-efs-csi-driver/pkg/driver/efs-ns/manager.go:305.3,305.18 1 0
github.com/kubernetes-sigs/aws-efs-csi-driver/pkg/driver/efs-ns/manager.go:308.2,308.39 1 0
github.com/kubernetes-sigs/aws-efs-csi-driver/pkg/driver/efs-ns/manager.go:312.77,318.40 3 0
github.com/kubernetes-sigs/aws-efs-csi-driver/pkg/driver/efs-ns/manager.go:318.40,321.17 2 0
github.com/kubernetes-sigs/aws-efs-csi-driver/pkg/driver/efs-ns/manager.go:321.17,324.12 2 0
github.com/kubernetes-sigs/aws-efs-csi-driver/pkg/driver/efs-ns/manager.go:327.3,327.25 1 0
github.com/kubernetes-sigs/aws-efs-csi-driver/pkg/driver/efs-ns/manager.go:327.25,332.12 3 0
github.com/kubernetes-sigs/aws-efs-csi-driver/pkg/driver/efs-ns/manager.go:336.3,338.59 2 0
github.com/kubernetes-sigs/aws-efs-csi-driver/pkg/driver/efs-ns/manager.go:341.2,341.12 1 0
github.com/kubernetes-sigs/aws-efs-csi-driver/pkg/driver/efs-ns/manager.go:348.28,356.16 4 3
github.com/kubernetes-sigs/aws-efs-csi-driver/pkg/driver/efs-ns/manager.go:356.16,358.3 1 0
github.com/kubernetes-sigs/aws-efs-csi-driver/pkg/driver/efs-ns/manager.go:361.2,361.38 1 3
github.com/kubernetes-sigs/aws-efs-csi-driver/pkg/driver/efs-ns/manager.go:361.38,362.49 1 2
github.com/kubernetes-sigs/aws-efs-csi-driver/pkg/driver/efs-ns/manager.go:362.49,364.43 1 0
github.com/kubernetes-sigs/aws-efs-csi-driver/pkg/driver/efs-ns/manager.go:364.43,366.19 2 0
github.com/kubernetes-sigs/aws-efs-csi-driver/pkg/driver/efs-ns/manager.go:366.19,368.14 2 0
github.com/kubernetes-sigs/aws-efs-csi-driver/pkg/driver/efs-ns/manager.go:370.5,370.23 1 0
github.com/kubernetes-sigs/aws-efs-csi-driver/pkg/driver/efs-ns/manager.go:375.2,375.17 1 3
github.com/kubernetes-sigs/aws-efs-csi-driver/pkg/driver/efs-ns/manager.go:382.28,388.16 3 0
github.com/kubernetes-sigs/aws-efs-csi-driver/pkg/driver/efs-ns/manager.go:388.16,390.3 1 0
github.com/kubernetes-sigs/aws-efs-csi-driver/pkg/driver/efs-ns/manager.go:392.2,392.32 1 0
github.com/kubernetes-sigs/aws-efs-csi-driver/pkg/driver/efs-ns/manager.go:392.32,394.3 1 0
github.com/kubernetes-sigs/aws-efs-csi-driver/pkg/driver/efs-ns/manager.go:396.2,400.30 3 0
github.com/kubernetes-sigs/aws-efs-csi-driver/pkg/driver/efs-ns/manager.go:400.30,401.52 1 0
github.com/kubernetes-sigs/aws-efs-csi-driver/pkg/driver/efs-ns/manager.go:401.52,402.24 1 0
github.com/kubernetes-sigs/aws-efs-csi-driver/pkg/driver/efs-ns/manager.go:402.24,404.5 1 0
github.com/kubernetes-sigs/aws-efs-csi-driver/pkg/driver/efs-ns/manager.go:405.4,405.9 1 0
github.com/kubernetes-sigs/aws-efs-csi-driver/pkg/driver/efs-ns/manager.go:409.2,409.21 1 0
github.com/kubernetes-sigs/aws-efs-csi-driver/pkg/driver/efs-ns/manager.go:409.21,411.3 1 0
github.com/kubernetes-sigs/aws-efs-csi-driver/pkg/driver/efs-ns/manager.go:413.2,413.58 1 0
github.com/kubernetes-sigs/aws-efs-csi-driver/pkg/driver/efs-ns/manager.go:421.28,422.28 1 0
github.com/kubernetes-sigs/aws-efs-csi-driver/pkg/driver/efs-ns/manager.go:422.28,424.3 1 0
github.com/kubernetes-sigs/aws-efs-csi-driver/pkg/driver/efs-ns/manager.go:427.2,428.16 2 0
github.com/kubernetes-sigs/aws-efs-csi-driver/pkg/driver/efs-ns/manager.go:428.16,430.3 1 0
github.com/kubernetes-sigs/aws-efs-csi-driver/pkg/driver/efs-ns/manager.go:433.2,434.16 2 0
github.com/kubernetes-sigs/aws-efs-csi-driver/pkg/driver/efs-ns/manager.go:434.16,437.3 2 0
github.com/kubernetes-sigs/aws-efs-csi-driver/pkg/driver/efs-ns/manager.go:440.2,441.30 2 0
github.com/kubernetes-sigs/aws-efs-csi-driver/pkg/driver/efs-ns/manager.go:441.30,442.41 1 0
github.com/kubernetes-sigs/aws-efs-csi-driver/pkg/driver/efs-ns/manager.go:442.41,444.4 1 0
github.com/kubernetes-sigs/aws-efs-csi-driver/pkg/driver/efs-ns/manager.go:448.2,467.20 3 0
github.com/kubernetes-sigs/aws-efs-csi-driver/pkg/driver/efs-ns/manager.go:474.46,480.16 3 14
github.com/kubernetes-sigs/aws-efs-csi-driver/pkg/driver/efs-ns/manager.go:480.16,482.3 1 2
github.com/kubernetes-sigs/aws-efs-csi-driver/pkg/driver/efs-ns/manager.go:484.2,484.31 1 12
github.com/kubernetes-sigs/aws-efs-csi-driver/pkg/driver/efs-ns/manager.go:492.28,502.35 3 1
github.com/kubernetes-sigs/aws-efs-csi-driver/pkg/driver/efs-ns/manager.go:502.35,504.3 1 1
github.com/kubernetes-sigs/aws-efs-csi-driver/pkg/driver/efs-ns/manager.go:504.8,506.3 1 0
github.com/kubernetes-sigs/aws-efs-csi-driver/pkg/driver/efs-ns/manager.go:509.2,509.34 1 1
github.com/kubernetes-sigs/aws-efs-csi-driver/pkg/driver/efs-ns/manager.go:509.34,511.3 1 1
github.com/kubernetes-sigs/aws-efs-csi-driver/pkg/driver/efs-ns/manager.go:511.8,513.3 1 0
github.com/kubernetes-sigs/aws-efs-csi-driver/pkg/driver/efs-ns/manager.go:516.2,516.92 1 1
github.com/kubernetes-sigs/aws-efs-csi-driver/pkg/driver/efs-ns/manager.go:516.92,519.3 2 1
github.com/kubernetes-sigs/aws-efs-csi-driver/pkg/driver/efs-ns/manager.go:522.2,523.30 2 1
github.com/kubernetes-sigs/aws-efs-csi-driver/pkg/driver/efs-ns/manager.go:523.30,525.3 1 1
github.com/kubernetes-sigs/aws-efs-csi-driver/pkg/driver/efs-ns/manager.go:526.2,529.69 2 1
github.com/kubernetes-sigs/aws-efs-csi-driver/pkg/driver/efs-ns/manager.go:529.69,531.3 1 0
github.com/kubernetes-sigs/aws-efs-csi-driver/pkg/driver/efs-ns/manager.go:533.2,538.16 3 1
github.com/kubernetes-sigs/aws-efs-csi-driver/pkg/driver/efs-ns/manager.go:538.16,540.3 1 0
github.com/kubernetes-sigs/aws-efs-csi-driver/pkg/driver/efs-ns/manager.go:542.2,542.30 1 1
github.com/kubernetes-sigs/aws-efs-csi-driver/pkg/driver/efs-ns/manager.go:542.30,544.3 1 0
github.com/kubernetes-sigs/aws-efs-csi-driver/pkg/driver/efs-ns/manager.go:546.2,551.16 4 1
github.com/kubernetes-sigs/aws-efs-csi-driver/pkg/driver/efs-ns/manager.go:551.16,555.3 2 0
github.com/kubernetes-sigs/aws-efs-csi-driver/pkg/driver/efs-ns/manager.go:558.2,559.16 2 1
github.com/kubernetes-sigs/aws-efs-csi-driver/pkg/driver/efs-ns/manager.go:559.16,561.3 1 0
github.com/kubernetes-sigs/aws-efs-csi-driver/pkg/driver/efs-ns/manager.go:564.2,565.16 2 1
github.com/kubernetes-sigs/aws-efs-csi-driver/pkg/driver/efs-ns/manager.go:565.16,567.3 1 0
github.com/kubernetes-sigs/aws-efs-csi-driver/pkg/driver/efs-ns/manager.go:570.2,571.16 2 1
github.com/kubernetes-sigs/aws-efs-csi-driver/pkg/driver/efs-ns/manager.go:571.16,575.3 2 0
github.com/kubernetes-sigs/aws-efs-csi-driver/pkg/driver/efs-ns/manager.go:578.2,592.20 2 1
github.com/kubernetes-sigs/aws-efs-csi-driver/pkg/driver/efs-ns/manager.go:599.9,606.6 5 1
github.com/kubernetes-sigs/aws-efs-csi-driver/pkg/driver/efs-ns/manager.go:606.6,607.10 1 1
github.com/kubernetes-sigs/aws-efs-csi-driver/pkg/driver/efs-ns/manager.go:608.21,609.20 1 0
github.com/kubernetes-sigs/aws-efs-csi-driver/pkg/driver/efs-ns/manager.go:610.18,611.92 1 0
github.com/kubernetes-sigs/aws-efs-csi-driver/pkg/driver/efs-ns/manager.go:612.19,618.18 3 1
github.com/kubernetes-sigs/aws-efs-csi-driver/pkg/driver/efs-ns/manager.go:618.18,620.5 1 0
github.com/kubernetes-sigs/aws-efs-csi-driver/pkg/driver/efs-ns/manager.go:622.4,622.34 1 1
github.com/kubernetes-sigs/aws-efs-csi-driver/pkg/driver/efs-ns/manager.go:622.34,624.5 1 0
github.com/kubernetes-sigs/aws-efs-csi-driver/pkg/driver/efs-ns/manager.go:626.4,629.61 3 1
github.com/kubernetes-sigs/aws-efs-csi-driver/pkg/driver/efs-ns/manager.go:629.61,631.5 1 1
github.com/kubernetes-sigs/aws-efs-csi-driver/pkg/driver/efs-ns/manager.go:633.4,633.57 1 0
github.com/kubernetes-sigs/aws-efs-csi-driver/pkg/driver/efs-ns/manager.go:633.57,635.5 1 0
github.com/kubernetes-sigs/aws-efs-csi-driver/pkg/driver/efs-ns/manager.go:646.9,650.31 3 1
github.com/kubernetes-sigs/aws-efs-csi-driver/pkg/driver/efs-ns/manager.go:650.31,655.3 1 6
github.com/kubernetes-sigs/aws-efs-csi-driver/pkg/driver/efs-ns/manager.go:657.2,663.16 3 1
github.com/kubernetes-sigs/aws-efs-csi-driver/pkg/driver/efs-ns/manager.go:663.16,665.3 1 0
github.com/kubernetes-sigs/aws-efs-csi-driver/pkg/driver/efs-ns/manager.go:667.2,667.12 1 1
github.com/kubernetes-sigs/aws-efs-csi-driver/pkg/driver/efs-ns/manager.go:675.9,687.16 3 1
github.com/kubernetes-sigs/aws-efs-csi-driver/pkg/driver/efs-ns/manager.go:687.16,689.3 1 0
github.com/kubernetes-sigs/aws-efs-csi-driver/pkg/driver/efs-ns/manager.go:691.2,691.12 1 1
github.com/kubernetes-sigs/aws-efs-csi-driver/pkg/driver/efs-ns/manager.go:698.21,709.25 2 2
github.com/kubernetes-sigs/aws-efs-csi-driver/pkg/driver/efs-ns/manager.go:709.25,710.40 1 0
github.com/kubernetes-sigs/aws-efs-csi-driver/pkg/driver/efs-ns/manager.go:710.40,712.49 1 0
github.com/kubernetes-sigs/aws-efs-csi-driver/pkg/driver/efs-ns/manager.go:712.49,714.5 1 0
github.com/kubernetes-sigs/aws-efs-csi-driver/pkg/driver/efs-ns/manager.go:718.2,718.13 1 2
github.com/kubernetes-sigs/aws-efs-csi-driver/pkg/driver/efs-ns/manager.go:726.9,731.16 3 5
github.com/kubernetes-sigs/aws-efs-csi-driver/pkg/driver/efs-ns/manager.go:731.16,733.3 1 0
github.com/kubernetes-sigs/aws-efs-csi-driver/pkg/driver/efs-ns/manager.go:735.2,735.23 1 5
github.com/kubernetes-sigs/aws-efs-csi-driver/pkg/driver/efs-ns/manager.go:735.23,737.3 1 1
github.com/kubernetes-sigs/aws-efs-csi-driver/pkg/driver/efs-ns/manager.go:740.2,741.16 2 4
github.com/kubernetes-sigs/aws-efs-csi-driver/pkg/driver/efs-ns/manager.go:741.16,743.3 1 1
github.com/kubernetes-sigs/aws-efs-csi-driver/pkg/driver/efs-ns/manager.go:746.2,747.33 2 3
github.com/kubernetes-sigs/aws-efs-csi-driver/pkg/driver/efs-ns/manager.go:747.33,748.28 1 5
github.com/kubernetes-sigs/aws-efs-csi-driver/pkg/driver/efs-ns/manager.go:748.28,751.4 2 5
github.com/kubernetes-sigs/aws-efs-csi-driver/pkg/driver/efs-ns/manager.go:755.2,756.36 2 3
github.com/kubernetes-sigs/aws-efs-csi-driver/pkg/driver/efs-ns/manager.go:756.36,757.35 1 5
github.com/kubernetes-sigs/aws-efs-csi-driver/pkg/driver/efs-ns/manager.go:757.35,759.4 1 1
github.com/kubernetes-sigs/aws-efs-csi-driver/pkg/driver/efs-ns/manager.go:762.2,762.21 1 3
github.com/kubernetes-sigs/aws-efs-csi-driver/pkg/driver/efs-ns/manager.go:762.21,764.3 1 1
github.com/kubernetes-sigs/aws-efs-csi-driver/pkg/driver/efs-ns/manager.go:767.2,768.16 2 2
github.com/kubernetes-sigs/aws-efs-csi-driver/pkg/driver/efs-ns/manager.go:768.16,770.3 1 0
github.com/kubernetes-sigs/aws-efs-csi-driver/pkg/driver/efs-ns/manager.go:772.2,773.12 2 2
github.com/kubernetes-sigs/aws-efs-csi-driver/pkg/driver/efs-ns/manager.go:782.9,790.16 3 5
github.com/kubernetes-sigs/aws-efs-csi-driver/pkg/driver/efs-ns/manager.go:790.16,792.3 1 1
github.com/kubernetes-sigs/aws-efs-csi-driver/pkg/driver/efs-ns/manager.go:794.2,794.12 1 4
github.com/kubernetes-sigs/aws-efs-csi-driver/pkg/driver/efs-ns/manager.go:801.9,809.16 4 0
github.com/kubernetes-sigs/aws-efs-csi-driver/pkg/driver/efs-ns/manager.go:809.16,811.3 1 0
github.com/kubernetes-sigs/aws-efs-csi-driver/pkg/driver/efs-ns/manager.go:813.2,813.12 1 0
github.com/kubernetes-sigs/aws-efs-csi-driver/pkg/driver/efs-ns/manager.go:820.9,825.16 3 3
github.com/kubernetes-sigs/aws-efs-csi-driver/pkg/driver/efs-ns/manager.go:825.16,827.3 1 0
github.com/kubernetes-sigs/aws-efs-csi-driver/pkg/driver/efs-ns/manager.go:830.2,831.34 2 3
github.com/kubernetes-sigs/aws-efs-csi-driver/pkg/driver/efs-ns/manager.go:831.34,832.33 1 3
github.com/kubernetes-sigs/aws-efs-csi-driver/pkg/driver/efs-ns/manager.go:832.33,835.4 2 3
github.com/kubernetes-sigs/aws-efs-csi-driver/pkg/driver/efs-ns/manager.go:839.2,840.41 2 3
github.com/kubernetes-sigs/aws-efs-csi-driver/pkg/driver/efs-ns/manager.go:840.41,841.35 1 3
github.com/kubernetes-sigs/aws-efs-csi-driver/pkg/driver/efs-ns/manager.go:841.35,843.4 1 1
github.com/kubernetes-sigs/aws-efs-csi-driver/pkg/driver/efs-ns/manager.go:846.2,846.21 1 3
github.com/kubernetes-sigs/aws-efs-csi-driver/pkg/driver/efs-ns/manager.go:846.21,848.3 1 1
github.com/kubernetes-sigs/aws-efs-csi-driver/pkg/driver/efs-ns/manager.go:851.2,852.16 2 2
github.com/kubernetes-sigs/aws-efs-csi-driver/pkg/driver/efs-ns/manager.go:852.16,854.3 1 0
github.com/kubernetes-sigs/aws-efs-csi-driver/pkg/driver/efs-ns/manager.go:856.2,856.12 1 2
github.com/kubernetes-sigs/aws-efs-csi-driver/pkg/driver/efs-ns/manager.go:863.9,869.16 3 3
github.com/kubernetes-sigs/aws-efs-csi-driver/pkg/driver/efs-ns/manager.go:869.16,871.3 1 1
github.com/kubernetes-sigs/aws-efs-csi-driver/pkg/driver/efs-ns/manager.go:873.2,873.12 1 2
github.com/kubernetes-sigs/aws-efs-csi-driver/pkg/driver/efs-ns/manager.go:880.9,885.16 3 4
github.com/kubernetes-sigs/aws-efs-csi-driver/pkg/driver/efs-ns/manager.go:885.16,887.3 1 1
github.com/kubernetes-sigs/aws-efs-csi-driver/pkg/driver/efs-ns/manager.go:888.2,888.28 1 3
github.com/kubernetes-sigs/aws-efs-csi-driver/pkg/driver/efs-ns/manager.go:888.28,891.3 2 2
github.com/kubernetes-sigs/aws-efs-csi-driver/pkg/driver/efs-ns/manager.go:893.2,897.6 4 1
github.com/kubernetes-sigs/aws-efs-csi-driver/pkg/driver/efs-ns/manager.go:897.6,898.10 1 1
github.com/kubernetes-sigs/aws-efs-csi-driver/pkg/driver/efs-ns/manager.go:899.21,900.20 1 0
github.com/kubernetes-sigs/aws-efs-csi-driver/pkg/driver/efs-ns/manager.go:901.18,902.72 1 0
github.com/kubernetes-sigs/aws-efs-csi-driver/pkg/driver/efs-ns/manager.go:903.19,905.18 2 1
github.com/kubernetes-sigs/aws-efs-csi-driver/pkg/driver/efs-ns/manager.go:905.18,907.5 1 0
github.com/kubernetes-sigs/aws-efs-csi-driver/pkg/driver/efs-ns/manager.go:909.4,909.30 1 1
github.com/kubernetes-sigs/aws-efs-csi-driver/pkg/driver/efs-ns/manager.go:909.30,911.5 1 1
github.com/kubernetes-sigs/aws-efs-csi-driver/pkg/driver/efs-ns/manager.go:913.4,913.90 1 0
github.com/kubernetes-sigs/aws-efs-csi-driver/pkg/driver/efs-ns/manager.go:922.9,927.16 3 5
github.com/kubernetes-sigs/aws-efs-csi-driver/pkg/driver/efs-ns/manager.go:927.16,929.3 1 1
github.com/kubernetes-sigs/aws-efs-csi-driver/pkg/driver/efs-ns/manager.go:931.2,931.27 1 4
github.com/kubernetes-sigs/aws-efs-csi-driver/pkg/driver/efs-ns/manager.go:931.27,933.35 2 4
github.com/kubernetes-sigs/aws-efs-csi-driver/pkg/driver/efs-ns/manager.go:933.35,935.25 2 6
github.com/kubernetes-sigs/aws-efs-csi-driver/pkg/driver/efs-ns/manager.go:935.25,937.5 1 1
github.com/kubernetes-sigs/aws-efs-csi-driver/pkg/driver/efs-ns/manager.go:938.4,938.29 1 5
github.com/kubernetes-sigs/aws-efs-csi-driver/pkg/driver/efs-ns/manager.go:938.29,940.5 1 1
github.com/kubernetes-sigs/aws-efs-csi-driver/pkg/driver/efs-ns/manager.go:942.3,942.19 1 3
github.com/kubernetes-sigs/aws-efs-csi-driver/pkg/driver/efs-ns/manager.go:942.19,945.4 2 2
github.com/kubernetes-sigs/aws-efs-csi-driver/pkg/driver/efs-ns/manager.go:948.2,952.6 4 1
github.com/kubernetes-sigs/aws-efs-csi-driver/pkg/driver/efs-ns/manager.go:952.6,953.10 1 1
github.com/kubernetes-sigs/aws-efs-csi-driver/pkg/driver/efs-ns/manager.go:954.21,955.20 1 0
github.com/kubernetes-sigs/aws-efs-csi-driver/pkg/driver/efs-ns/manager.go:956.18,957.78 1 0
github.com/kubernetes-sigs/aws-efs-csi-driver/pkg/driver/efs-ns/manager.go:958.19,960.18 2 1
github.com/kubernetes-sigs/aws-efs-csi-driver/pkg/driver/efs-ns/manager.go:960.18,962.5 1 0
github.com/kubernetes-sigs/aws-efs-csi-driver/pkg/driver/efs-ns/manager.go:964.4,964.30 1 1
github.com/kubernetes-sigs/aws-efs-csi-driver/pkg/driver/efs-ns/manager.go:964.30,966.13 2 0
github.com/kubernetes-sigs/aws-efs-csi-driver/pkg/driver/efs-ns/manager.go:969.4,971.36 3 1
github.com/kubernetes-sigs/aws-efs-csi-driver/pkg/driver/efs-ns/manager.go:971.36,975.26 3 1
github.com/kubernetes-sigs/aws-efs-csi-driver/pkg/driver/efs-ns/manager.go:975.26,977.6 1 0
github.com/kubernetes-sigs/aws-efs-csi-driver/pkg/driver/efs-ns/manager.go:979.5,979.30 1 1
github.com/kubernetes-sigs/aws-efs-csi-driver/pkg/driver/efs-ns/manager.go:979.30,981.6 1 0
github.com/kubernetes-sigs/aws-efs-csi-driver/pkg/driver/efs-ns/manager.go:984.4,986.20 2 1
github.com/kubernetes-sigs/aws-efs-csi-driver/pkg/driver/efs-ns/manager.go:986.20,989.5 2 1
github.com/kubernetes-sigs/aws-efs-csi-driver/pkg/driver/efs-ns/manager.go:991.4,991.74 1 0
github.com/kubernetes-sigs/aws-efs-csi-driver/pkg/driver/efs-ns/manager.go:999.89,1000.27 1 0
github.com/kubernetes-sigs/aws-efs-csi-driver/pkg/driver/efs-ns/manager.go:1000.27,1001.41 1 0
github.com/kubernetes-sigs/aws-efs-csi-driver/pkg/driver/efs-ns/manager.go:1001.41,1002.70 1 0
github.com/kubernetes-sigs/aws-efs-csi-driver/pkg/driver/efs-ns/manager.go:1002.70,1004.5 1 0
github.com/kubernetes-sigs/aws-efs-csi-driver/pkg/driver/efs-ns/manager.go:1005.4,1005.70 1 0
github.com/kubernetes-sigs/aws-efs-csi-driver/pkg/driver/efs-ns/manager.go:1005.70,1007.5 1 0
github.com/kubernetes-sigs/aws-efs-csi-driver/pkg/driver/efs-ns/manager.go:1010.2,1010.14 1 0
github.com/kubernetes-sigs/aws-efs-csi-driver/pkg/driver/efs-ns/manager.go:1014.96,1017.37 2 0
github.com/kubernetes-sigs/aws-efs-csi-driver/pkg/driver/efs-ns/manager.go:1017.37,1025.3 2 0
github.com/kubernetes-sigs/aws-efs-csi-driver/pkg/driver/efs-ns/manager.go:1027.2,1027.21 1 0
github.com/kubernetes-sigs/aws-efs-csi-driver/pkg/driver/efs-ns/manager.go:1031.79,1032.18 1 0
github.com/kubernetes-sigs/aws-efs-csi-driver/pkg/driver/efs-ns/manager.go:1033.39,1034.33 1 0
github.com/kubernetes-sigs/aws-efs-csi-driver/pkg/driver/efs-ns/manager.go:1035.40,1036.34 1 0
github.com/kubernetes-sigs/aws-efs-csi-driver/pkg/driver/efs-ns/manager.go:1037.39,1038.33 1 0
github.com/kubernetes-sigs/aws-efs-csi-driver/pkg/driver/efs-ns/manager.go:1039.38,1040.32 1 0
github.com/kubernetes-sigs/aws-efs-csi-driver/pkg/driver/efs-ns/manager.go:1041.10,1042.30 1 0
github.com/kubernetes-sigs/aws-efs-csi-driver/pkg/driver/efs-ns/manager.go:1047.100,1058.16 3 8
github.com/kubernetes-sigs/aws-efs-csi-driver/pkg/driver/efs-ns/manager.go:1058.16,1060.3 1 0
github.com/kubernetes-sigs/aws-efs-csi-driver/pkg/driver/efs-ns/manager.go:1062.2,1062.26 1 8
github.com/kubernetes-sigs/aws-efs-csi-driver/pkg/driver/efs-ns/manager.go:1070.19,1112.16 6 4
github.com/kubernetes-sigs/aws-efs-csi-driver/pkg/driver/efs-ns/manager.go:1112.16,1114.3 1 1
github.com/kubernetes-sigs/aws-efs-csi-driver/pkg/driver/efs-ns/manager.go:1116.2,1121.16 4 3
github.com/kubernetes-sigs/aws-efs-csi-driver/pkg/driver/efs-ns/manager.go:1121.16,1125.3 2 0
github.com/kubernetes-sigs/aws-efs-csi-driver/pkg/driver/efs-ns/manager.go:1127.2,1127.29 1 3
github.com/kubernetes-sigs/aws-efs-csi-driver/pkg/driver/efs-ns/manager.go:1134.9,1137.16 2 3
github.com/kubernetes-sigs/aws-efs-csi-driver/pkg/driver/efs-ns/manager.go:1137.16,1139.3 1 0
github.com/kubernetes-sigs/aws-efs-csi-driver/pkg/driver/efs-ns/manager.go:1141.2,1159.16 3 3
github.com/kubernetes-sigs/aws-efs-csi-driver/pkg/driver/efs-ns/manager.go:1159.16,1161.3 1 0
github.com/kubernetes-sigs/aws-efs-csi-driver/pkg/driver/efs-ns/manager.go:1163.2,1163.12 1 3
github.com/kubernetes-sigs/aws-efs-csi-driver/pkg/driver/efs-ns/manager.go:1167.86,1170.16 2 3
github.com/kubernetes-sigs/aws-efs-csi-driver/pkg/driver/efs-ns/manager.go:1170.16,1172.3 1 0
github.com/kubernetes-sigs/aws-efs-csi-driver/pkg/driver/efs-ns/manager.go:1174.2,1174.23 1 3
github.com/kubernetes-sigs/aws-efs-csi-driver/pkg/driver/efs-ns/manager.go:1174.23,1176.3 1 0
github.com/kubernetes-sigs/aws-efs-csi-driver/pkg/driver/efs-ns/manager.go:1180.2,1183.46 2 3
github.com/kubernetes-sigs/aws-efs-csi-driver/pkg/driver/efs-ns/manager.go:1183.46,1185.3 1 3
github.com/kubernetes-sigs/aws-efs-csi-driver/pkg/driver/efs-ns/manager.go:1185.8,1185.54 1 0
github.com/kubernetes-sigs/aws-efs-csi-driver/pkg/driver/efs-ns/manager.go:1185.54,1187.3 1 0
github.com/kubernetes-sigs/aws-efs-csi-driver/pkg/driver/efs-ns/manager.go:1187.8,1187.58 1 0
github.com/kubernetes-sigs/aws-efs-csi-driver/pkg/driver/efs-ns/manager.go:1187.58,1189.3 1 0
github.com/kubernetes-sigs/aws-efs-csi-driver/pkg/driver/efs-ns/manager.go:1192.2,1192.29 1 0
github.com/kubernetes-sigs/aws-efs-csi-driver/pkg/driver/efs-ns/manager.go:1199.9,1207.16 4 0
github.com/kubernetes-sigs/aws-efs-csi-driver/pkg/driver/efs-ns/manager.go:1207.16,1209.3 1 0
github.com/kubernetes-sigs/aws-efs-csi-driver/pkg/driver/efs-ns/manager.go:1211.2,1211.12 1 0
github.com/kubernetes-sigs/aws-efs-csi-driver/pkg/driver/efs-ns/metrics.go:89.55,98.2 4 37
github.com/kubernetes-sigs/aws-efs-csi-driver/pkg/driver/efs-ns/metrics.go:101.58,179.2 7 37
github.com/kubernetes-sigs/aws-efs-csi-driver/pkg/driver/efs-ns/metrics.go:182.109,184.2 1 2014
github.com/kubernetes-sigs/aws-efs-csi-driver/pkg/driver/efs-ns/metrics.go:187.113,189.2 1 3
github.com/kubernetes-sigs/aws-efs-csi-driver/pkg/driver/efs-ns/metrics.go:192.123,194.2 1 2020
github.com/kubernetes-sigs/aws-efs-csi-driver/pkg/driver/efs-ns/metrics.go:197.96,199.2 1 9
github.com/kubernetes-sigs/aws-efs-csi-driver/pkg/driver/efs-ns/metrics.go:202.71,205.2 2 1506
github.com/kubernetes-sigs/aws-efs-csi-driver/pkg/driver/efs-ns/metrics.go:208.72,211.2 2 604
github.com/kubernetes-sigs/aws-efs-csi-driver/pkg/driver/efs-ns/metrics.go:214.91,216.2 1 0
github.com/kubernetes-sigs/aws-efs-csi-driver/pkg/driver/efs-ns/metrics.go:219.83,223.36 3 2110
github.com/kubernetes-sigs/aws-efs-csi-driver/pkg/driver/efs-ns/metrics.go:223.36,225.3 1 107
github.com/kubernetes-sigs/aws-efs-csi-driver/pkg/driver/efs-ns/metrics.go:227.2,228.9 2 2110
github.com/kubernetes-sigs/aws-efs-csi-driver/pkg/driver/efs-ns/metrics.go:228.9,230.3 1 1506
github.com/kubernetes-sigs/aws-efs-csi-driver/pkg/driver/efs-ns/metrics.go:230.8,232.3 1 604
github.com/kubernetes-sigs/aws-efs-csi-driver/pkg/driver/efs-ns/metrics.go:234.2,235.15 2 2110
github.com/kubernetes-sigs/aws-efs-csi-driver/pkg/driver/efs-ns/metrics.go:235.15,238.3 2 2110
github.com/kubernetes-sigs/aws-efs-csi-driver/pkg/driver/efs-ns/metrics.go:242.61,244.2 1 0
github.com/kubernetes-sigs/aws-efs-csi-driver/pkg/driver/efs-ns/metrics.go:247.85,251.18 3 19
github.com/kubernetes-sigs/aws-efs-csi-driver/pkg/driver/efs-ns/metrics.go:251.18,253.3 1 1
github.com/kubernetes-sigs/aws-efs-csi-driver/pkg/driver/efs-ns/metrics.go:255.2,265.33 2 18
github.com/kubernetes-sigs/aws-efs-csi-driver/pkg/driver/efs-ns/metrics.go:265.33,266.51 1 126
github.com/kubernetes-sigs/aws-efs-csi-driver/pkg/driver/efs-ns/metrics.go:266.51,268.38 1 0
github.com/kubernetes-sigs/aws-efs-csi-driver/pkg/driver/efs-ns/metrics.go:268.38,270.5 1 0
github.com/kubernetes-sigs/aws-efs-csi-driver/pkg/driver/efs-ns/metrics.go:271.4,272.39 1 0
github.com/kubernetes-sigs/aws-efs-csi-driver/pkg/driver/efs-ns/metrics.go:276.2,278.12 3 18
github.com/kubernetes-sigs/aws-efs-csi-driver/pkg/driver/efs-ns/metrics.go:282.86,286.19 3 4
github.com/kubernetes-sigs/aws-efs-csi-driver/pkg/driver/efs-ns/metrics.go:286.19,288.3 1 1
github.com/kubernetes-sigs/aws-efs-csi-driver/pkg/driver/efs-ns/metrics.go:290.2,301.33 3 3
github.com/kubernetes-sigs/aws-efs-csi-driver/pkg/driver/efs-ns/metrics.go:301.33,302.35 1 21
github.com/kubernetes-sigs/aws-efs-csi-driver/pkg/driver/efs-ns/metrics.go:302.35,305.4 2 0
github.com/kubernetes-sigs/aws-efs-csi-driver/pkg/driver/efs-ns/metrics.go:308.2,308.13 1 3
github.com/kubernetes-sigs/aws-efs-csi-driver/pkg/driver/efs-ns/metrics.go:308.13,311.3 2 3
github.com/kubernetes-sigs/aws-efs-csi-driver/pkg/driver/efs-ns/metrics.go:313.2,313.16 1 3
github.com/kubernetes-sigs/aws-efs-csi-driver/pkg/driver/efs-ns/metrics.go:325.99,332.2 1 3
github.com/kubernetes-sigs/aws-efs-csi-driver/pkg/driver/efs-ns/metrics.go:335.43,339.2 3 2
github.com/kubernetes-sigs/aws-efs-csi-driver/pkg/driver/efs-ns/metrics.go:342.50,347.41 4 1
github.com/kubernetes-sigs/aws-efs-csi-driver/pkg/driver/efs-ns/metrics.go:347.41,350.3 1 1
github.com/kubernetes-sigs/aws-efs-csi-driver/pkg/driver/efs-ns/metrics.go:350.8,353.3 1 0
github.com/kubernetes-sigs/aws-efs-csi-driver/pkg/driver/efs-ns/metrics.go:363.51,364.24 1 3
github.com/kubernetes-sigs/aws-efs-csi-driver/pkg/driver/efs-ns/metrics.go:364.24,366.3 1 1
github.com/kubernetes-sigs/aws-efs-csi-driver/pkg/driver/efs-ns/metrics.go:367.2,367.31 1 3
github.com/kubernetes-sigs/aws-efs-csi-driver/pkg/driver/efs-ns/metrics.go:371.60,373.2 1 1
github.com/kubernetes-sigs/aws-efs-csi-driver/pkg/driver/efs-ns/metrics_cache.go:34.110,35.21 1 12
github.com/kubernetes-sigs/aws-efs-csi-driver/pkg/driver/efs-ns/metrics_cache.go:35.21,37.3 1 1
github.com/kubernetes-sigs/aws-efs-csi-driver/pkg/driver/efs-ns/metrics_cache.go:39.2,43.3 1 12
github.com/kubernetes-sigs/aws-efs-csi-driver/pkg/driver/efs-ns/metrics_cache.go:47.75,53.11 3 6
github.com/kubernetes-sigs/aws-efs-csi-driver/pkg/driver/efs-ns/metrics_cache.go:53.11,56.3 2 3
github.com/kubernetes-sigs/aws-efs-csi-driver/pkg/driver/efs-ns/metrics_cache.go:56.8,59.3 2 3
github.com/kubernetes-sigs/aws-efs-csi-driver/pkg/driver/efs-ns/metrics_cache.go:62.2,64.12 3 6
github.com/kubernetes-sigs/aws-efs-csi-driver/pkg/driver/efs-ns/metrics_cache.go:64.12,66.3 1 3
github.com/kubernetes-sigs/aws-efs-csi-driver/pkg/driver/efs-ns/metrics_cache.go:67.2,69.22 2 6
github.com/kubernetes-sigs/aws-efs-csi-driver/pkg/driver/efs-ns/metrics_cache.go:73.75,83.19 5 2
github.com/kubernetes-sigs/aws-efs-csi-driver/pkg/driver/efs-ns/metrics_cache.go:83.19,86.3 2 2
github.com/kubernetes-sigs/aws-efs-csi-driver/pkg/driver/efs-ns/metrics_cache.go:90.54,103.28 6 2
github.com/kubernetes-sigs/aws-efs-csi-driver/pkg/driver/efs-ns/metrics_cache.go:103.28,106.3 2 2
github.com/kubernetes-sigs/aws-efs-csi-driver/pkg/driver/efs-ns/metrics_cache.go:110.63,124.2 7 1
github.com/kubernetes-sigs/aws-efs-csi-driver/pkg/driver/efs-ns/metrics_cache.go:127.82,132.16 3 1
[...]
github.com/kubernetes-sigs/aws-efs-csi-driver/pkg/driver/efs-ns/security_group.go:213.27,214.41 1 36
github.com/kubernetes-sigs/aws-efs-csi-driver/pkg/driver/efs-ns/security_group.go:214.41,216.4 1 36
github.com/kubernetes-sigs/aws-efs-csi-driver/pkg/driver/efs-ns/security_group.go:219.2,231.20 3 6
github.com/kubernetes-sigs/aws-efs-csi-driver/pkg/driver/efs-ns/security_group.go:238.9,239.27 1 3
github.com/kubernetes-sigs/aws-efs-csi-driver/pkg/driver/efs-ns/security_group.go:239.27,242.3 1 1
github.com/kubernetes-sigs/aws-efs-csi-driver/pkg/driver/efs-ns/security_group.go:244.2,248.16 3 2
github.com/kubernetes-sigs/aws-efs-csi-driver/pkg/driver/efs-ns/security_group.go:248.16,250.3 1 0
github.com/kubernetes-sigs/aws-efs-csi-driver/pkg/driver/efs-ns/security_group.go:250.8,250.18 1 2
github.com/kubernetes-sigs/aws-efs-csi-driver/pkg/driver/efs-ns/security_group.go:250.18,253.3 1 0
github.com/kubernetes-sigs/aws-efs-csi-driver/pkg/driver/efs-ns/security_group.go:255.2,263.16 5 2
github.com/kubernetes-sigs/aws-efs-csi-driver/pkg/driver/efs-ns/security_group.go:263.16,265.63 1 1
github.com/kubernetes-sigs/aws-efs-csi-driver/pkg/driver/efs-ns/security_group.go:265.63,268.4 2 1
github.com/kubernetes-sigs/aws-efs-csi-driver/pkg/driver/efs-ns/security_group.go:269.3,270.93 1 0
github.com/kubernetes-sigs/aws-efs-csi-driver/pkg/driver/efs-ns/security_group.go:273.2,274.12 2 1
github.com/kubernetes-sigs/aws-efs-csi-driver/pkg/driver/efs-ns/security_group.go:281.31,282.21 1 9
github.com/kubernetes-sigs/aws-efs-csi-driver/pkg/driver/efs-ns/security_group.go:282.21,285.3 1 0
github.com/kubernetes-sigs/aws-efs-csi-driver/pkg/driver/efs-ns/security_group.go:288.2,322.16 7 9
github.com/kubernetes-sigs/aws-efs-csi-driver/pkg/driver/efs-ns/security_group.go:322.16,325.3 1 0
github.com/kubernetes-sigs/aws-efs-csi-driver/pkg/driver/efs-ns/security_group.go:328.2,329.41 2 9
github.com/kubernetes-sigs/aws-efs-csi-driver/pkg/driver/efs-ns/security_group.go:329.41,330.59 1 2
github.com/kubernetes-sigs/aws-efs-csi-driver/pkg/driver/efs-ns/security_group.go:330.59,332.9 2 2
github.com/kubernetes-sigs/aws-efs-csi-driver/pkg/driver/efs-ns/security_group.go:336.2,336.23 1 9
github.com/kubernetes-sigs/aws-efs-csi-driver/pkg/driver/efs-ns/security_group.go:336.23,339.3 1 7
github.com/kubernetes-sigs/aws-efs-csi-driver/pkg/driver/efs-ns/security_group.go:342.2,343.20 2 2
github.com/kubernetes-sigs/aws-efs-csi-driver/pkg/driver/efs-ns/security_group.go:350.31,351.27 1 0
github.com/kubernetes-sigs/aws-efs-csi-driver/pkg/driver/efs-ns/security_group.go:351.27,354.3 1 0
github.com/kubernetes-sigs/aws-efs-csi-driver/pkg/driver/efs-ns/security_group.go:356.2,364.16 5 0
github.com/kubernetes-sigs/aws-efs-csi-driver/pkg/driver/efs-ns/security_group.go:364.16,365.63 1 0
github.com/kubernetes-sigs/aws-efs-csi-driver/pkg/driver/efs-ns/security_group.go:365.63,368.4 1 0
github.com/kubernetes-sigs/aws-efs-csi-driver/pkg/driver/efs-ns/security_group.go:369.3,370.45 1 0
github.com/kubernetes-sigs/aws-efs-csi-driver/pkg/driver/efs-ns/security_group.go:373.2,373.35 1 0
github.com/kubernetes-sigs/aws-efs-csi-driver/pkg/driver/efs-ns/security_group.go:373.35,376.3 1 0
github.com/kubernetes-sigs/aws-efs-csi-driver/pkg/driver/efs-ns/security_group.go:378.2,382.30 3 0
github.com/kubernetes-sigs/aws-efs-csi-driver/pkg/driver/efs-ns/security_group.go:382.30,383.74 1 0
github.com/kubernetes-sigs/aws-efs-csi-driver/pkg/driver/efs-ns/security_group.go:383.74,385.9 2 0
github.com/kubernetes-sigs/aws-efs-csi-driver/pkg/driver/efs-ns/security_group.go:389.2,390.20 2 0
github.com/kubernetes-sigs/aws-efs-csi-driver/pkg/driver/efs-ns/security_group.go:396.33,424.16 6 1
github.com/kubernetes-sigs/aws-efs-csi-driver/pkg/driver/efs-ns/security_group.go:424.16,427.3 1 0
github.com/kubernetes-sigs/aws-efs-csi-driver/pkg/driver/efs-ns/security_group.go:429.2,430.41 2 1
github.com/kubernetes-sigs/aws-efs-csi-driver/pkg/driver/efs-ns/security_group.go:430.41,433.31 2 2
github.com/kubernetes-sigs/aws-efs-csi-driver/pkg/driver/efs-ns/security_group.go:433.31,434.75 1 2
github.com/kubernetes-sigs/aws-efs-csi-driver/pkg/driver/efs-ns/security_group.go:434.75,436.10 2 2
github.com/kubernetes-sigs/aws-efs-csi-driver/pkg/driver/efs-ns/security_group.go:440.3,441.36 2 2
github.com/kubernetes-sigs/aws-efs-csi-driver/pkg/driver/efs-ns/security_group.go:444.2,444.21 1 1
github.com/kubernetes-sigs/aws-efs-csi-driver/pkg/driver/efs-ns/security_group.go:452.9,453.27 1 10
github.com/kubernetes-sigs/aws-efs-csi-driver/pkg/driver/efs-ns/security_group.go:453.27,456.3 1 1
github.com/kubernetes-sigs/aws-efs-csi-driver/pkg/driver/efs-ns/security_group.go:457.2,457.19 1 9
github.com/kubernetes-sigs/aws-efs-csi-driver/pkg/driver/efs-ns/security_group.go:457.19,460.3 1 1
github.com/kubernetes-sigs/aws-efs-csi-driver/pkg/driver/efs-ns/security_group.go:462.2,486.16 6 8
github.com/kubernetes-sigs/aws-efs-csi-driver/pkg/driver/efs-ns/security_group.go:486.16,488.67 1 1
github.com/kubernetes-sigs/aws-efs-csi-driver/pkg/driver/efs-ns/security_group.go:488.67,491.4 2 1
github.com/kubernetes-sigs/aws-efs-csi-driver/pkg/driver/efs-ns/security_group.go:492.3,493.110 1 0
github.com/kubernetes-sigs/aws-efs-csi-driver/pkg/driver/efs-ns/security_group.go:496.2,497.12 2 7
github.com/kubernetes-sigs/aws-efs-csi-driver/pkg/driver/efs-ns/security_group.go:504.17,505.27 1 4
github.com/kubernetes-sigs/aws-efs-csi-driver/pkg/driver/efs-ns/security_group.go:505.27,508.3 1 1
github.com/kubernetes-sigs/aws-efs-csi-driver/pkg/driver/efs-ns/security_group.go:513.2,516.19 2 3
github.com/kubernetes-sigs/aws-efs-csi-driver/pkg/driver/efs-ns/security_group.go:520.82,529.16 5 6
github.com/kubernetes-sigs/aws-efs-csi-driver/pkg/driver/efs-ns/security_group.go:529.16,531.3 1 0
github.com/kubernetes-sigs/aws-efs-csi-driver/pkg/driver/efs-ns/security_group.go:533.2,533.25 1 6
github.com/kubernetes-sigs/aws-efs-csi-driver/pkg/driver/efs-ns/security_group.go:533.25,535.3 1 0
github.com/kubernetes-sigs/aws-efs-csi-driver/pkg/driver/efs-ns/security_group.go:537.2,538.26 2 6
github.com/kubernetes-sigs/aws-efs-csi-driver/pkg/driver/efs-ns/security_group.go:538.26,540.3 1 0
github.com/kubernetes-sigs/aws-efs-csi-driver/pkg/driver/efs-ns/security_group.go:542.2,542.28 1 6
github.com/kubernetes-sigs/aws-efs-csi-driver/pkg/driver/efs-ns/security_group.go:549.22,551.30 2 4
github.com/kubernetes-sigs/aws-efs-csi-driver/pkg/driver/efs-ns/security_group.go:551.30,552.41 1 10
github.com/kubernetes-sigs/aws-efs-csi-driver/pkg/driver/efs-ns/security_group.go:552.41,554.4 1 10
github.com/kubernetes-sigs/aws-efs-csi-driver/pkg/driver/efs-ns/security_group.go:557.2,571.15 3 4
github.com/kubernetes-sigs/aws-efs-csi-driver/pkg/driver/efs-ns/tracker.go:83.97,88.2 1 4
github.com/kubernetes-sigs/aws-efs-csi-driver/pkg/driver/efs-ns/tracker.go:91.102,92.21 1 8
github.com/kubernetes-sigs/aws-efs-csi-driver/pkg/driver/efs-ns/tracker.go:92.21,94.3 1 1
github.com/kubernetes-sigs/aws-efs-csi-driver/pkg/driver/efs-ns/tracker.go:95.2,95.19 1 7
github.com/kubernetes-sigs/aws-efs-csi-driver/pkg/driver/efs-ns/tracker.go:95.19,97.3 1 1
github.com/kubernetes-sigs/aws-efs-csi-driver/pkg/driver/efs-ns/tracker.go:98.2,98.20 1 6
github.com/kubernetes-sigs/aws-efs-csi-driver/pkg/driver/efs-ns/tracker.go:98.20,100.3 1 1
github.com/kubernetes-sigs/aws-efs-csi-driver/pkg/driver/efs-ns/tracker.go:103.2,104.16 2 5
github.com/kubernetes-sigs/aws-efs-csi-driver/pkg/driver/efs-ns/tracker.go:104.16,107.3 1 1
github.com/kubernetes-sigs/aws-efs-csi-driver/pkg/driver/efs-ns/tracker.go:109.2,120.16 7 4
github.com/kubernetes-sigs/aws-efs-csi-driver/pkg/driver/efs-ns/tracker.go:120.16,121.29 1 2
github.com/kubernetes-sigs/aws-efs-csi-driver/pkg/driver/efs-ns/tracker.go:121.29,138.4 2 2
github.com/kubernetes-sigs/aws-efs-csi-driver/pkg/driver/efs-ns/tracker.go:138.9,141.4 1 0
github.com/kubernetes-sigs/aws-efs-csi-driver/pkg/driver/efs-ns/tracker.go:145.2,146.16 2 4
github.com/kubernetes-sigs/aws-efs-csi-driver/pkg/driver/efs-ns/tracker.go:146.16,149.3 1 0
github.com/kubernetes-sigs/aws-efs-csi-driver/pkg/driver/efs-ns/tracker.go:152.2,162.16 3 4
github.com/kubernetes-sigs/aws-efs-csi-driver/pkg/driver/efs-ns/tracker.go:162.16,165.3 1 0
github.com/kubernetes-sigs/aws-efs-csi-driver/pkg/driver/efs-ns/tracker.go:167.2,170.20 2 4
github.com/kubernetes-sigs/aws-efs-csi-driver/pkg/driver/efs-ns/tracker.go:170.20,172.17 2 2
github.com/kubernetes-sigs/aws-efs-csi-driver/pkg/driver/efs-ns/tracker.go:172.17,175.4 1 0
github.com/kubernetes-sigs/aws-efs-csi-driver/pkg/driver/efs-ns/tracker.go:176.8,178.17 2 2
github.com/kubernetes-sigs/aws-efs-csi-driver/pkg/driver/efs-ns/tracker.go:178.17,181.4 1 0
github.com/kubernetes-sigs/aws-efs-csi-driver/pkg/driver/efs-ns/tracker.go:184.2,187.12 2 4
github.com/kubernetes-sigs/aws-efs-csi-driver/pkg/driver/efs-ns/tracker.go:191.103,192.21 1 2
github.com/kubernetes-sigs/aws-efs-csi-driver/pkg/driver/efs-ns/tracker.go:192.21,194.3 1 0
github.com/kubernetes-sigs/aws-efs-csi-driver/pkg/driver/efs-ns/tracker.go:195.2,195.19 1 2
github.com/kubernetes-sigs/aws-efs-csi-driver/pkg/driver/efs-ns/tracker.go:195.19,197.3 1 0
github.com/kubernetes-sigs/aws-efs-csi-driver/pkg/driver/efs-ns/tracker.go:199.2,209.16 6 2
github.com/kubernetes-sigs/aws-efs-csi-driver/pkg/driver/efs-ns/tracker.go:209.16,210.29 1 0
github.com/kubernetes-sigs/aws-efs-csi-driver/pkg/driver/efs-ns/tracker.go:210.29,215.4 2 0
github.com/kubernetes-sigs/aws-efs-csi-driver/pkg/driver/efs-ns/tracker.go:216.3,217.66 1 0
github.com/kubernetes-sigs/aws-efs-csi-driver/pkg/driver/efs-ns/tracker.go:221.2,222.16 2 2
github.com/kubernetes-sigs/aws-efs-csi-driver/pkg/driver/efs-ns/tracker.go:222.16,225.3 1 0
github.com/kubernetes-sigs/aws-efs-csi-driver/pkg/driver/efs-ns/tracker.go:228.2,232.13 3 2
github.com/kubernetes-sigs/aws-efs-csi-driver/pkg/driver/efs-ns/tracker.go:232.13,235.44 2 1
github.com/kubernetes-sigs/aws-efs-csi-driver/pkg/driver/efs-ns/tracker.go:235.44,238.4 1 0
github.com/kubernetes-sigs/aws-efs-csi-driver/pkg/driver/efs-ns/tracker.go:239.3,240.59 1 1
github.com/kubernetes-sigs/aws-efs-csi-driver/pkg/driver/efs-ns/tracker.go:241.8,244.17 2 1
github.com/kubernetes-sigs/aws-efs-csi-driver/pkg/driver/efs-ns/tracker.go:244.17,247.4 1 0
github.com/kubernetes-sigs/aws-efs-csi-driver/pkg/driver/efs-ns/tracker.go:249.3,251.17 3 1
github.com/kubernetes-sigs/aws-efs-csi-driver/pkg/driver/efs-ns/tracker.go:251.17,254.4 1 0
github.com/kubernetes-sigs/aws-efs-csi-driver/pkg/driver/efs-ns/tracker.go:255.3,256.59 1 1
github.com/kubernetes-sigs/aws-efs-csi-driver/pkg/driver/efs-ns/tracker.go:259.2,262.21 2 2
github.com/kubernetes-sigs/aws-efs-csi-driver/pkg/driver/efs-ns/tracker.go:266.97,267.21 1 5
github.com/kubernetes-sigs/aws-efs-csi-driver/pkg/driver/efs-ns/tracker.go:267.21,269.3 1 0
github.com/kubernetes-sigs/aws-efs-csi-driver/pkg/driver/efs-ns/tracker.go:271.2,278.16 5 5
github.com/kubernetes-sigs/aws-efs-csi-driver/pkg/driver/efs-ns/tracker.go:278.16,279.29 1 2
github.com/kubernetes-sigs/aws-efs-csi-driver/pkg/driver/efs-ns/tracker.go:279.29,282.4 1 2
github.com/kubernetes-sigs/aws-efs-csi-driver/pkg/driver/efs-ns/tracker.go:283.3,284.66 1 0
github.com/kubernetes-sigs/aws-efs-csi-driver/pkg/driver/efs-ns/tracker.go:288.2,289.16 2 3
github.com/kubernetes-sigs/aws-efs-csi-driver/pkg/driver/efs-ns/tracker.go:289.16,292.3 1 0
github.com/kubernetes-sigs/aws-efs-csi-driver/pkg/driver/efs-ns/tracker.go:294.2,297.19 3 3
github.com/kubernetes-sigs/aws-efs-csi-driver/pkg/driver/efs-ns/tracker.go:301.108,302.21 1 1
github.com/kubernetes-sigs/aws-efs-csi-driver/pkg/driver/efs-ns/tracker.go:302.21,304.3 1 0
github.com/kubernetes-sigs/aws-efs-csi-driver/pkg/driver/efs-ns/tracker.go:306.2,313.16 5 1
github.com/kubernetes-sigs/aws-efs-csi-driver/pkg/driver/efs-ns/tracker.go:313.16,314.29 1 0
github.com/kubernetes-sigs/aws-efs-csi-driver/pkg/driver/efs-ns/tracker.go:314.29,317.4 1 0
github.com/kubernetes-sigs/aws-efs-csi-driver/pkg/driver/efs-ns/tracker.go:318.3,319.66 1 0
github.com/kubernetes-sigs/aws-efs-csi-driver/pkg/driver/efs-ns/tracker.go:323.2,324.16 2 1
github.com/kubernetes-sigs/aws-efs-csi-driver/pkg/driver/efs-ns/tracker.go:324.16,327.3 1 0
github.com/kubernetes-sigs/aws-efs-csi-driver/pkg/driver/efs-ns/tracker.go:329.2,330.32 2 1
github.com/kubernetes-sigs/aws-efs-csi-driver/pkg/driver/efs-ns/tracker.go:330.32,332.3 1 1
github.com/kubernetes-sigs/aws-efs-csi-driver/pkg/driver/efs-ns/tracker.go:334.2,336.22 2 1
github.com/kubernetes-sigs/aws-efs-csi-driver/pkg/driver/efs-ns/tracker.go:340.74,354.16 6 1
github.com/kubernetes-sigs/aws-efs-csi-driver/pkg/driver/efs-ns/tracker.go:354.16,357.3 1 0
github.com/kubernetes-sigs/aws-efs-csi-driver/pkg/driver/efs-ns/tracker.go:359.2,360.48 2 1
github.com/kubernetes-sigs/aws-efs-csi-driver/pkg/driver/efs-ns/tracker.go:360.48,362.28 2 1
github.com/kubernetes-sigs/aws-efs-csi-driver/pkg/driver/efs-ns/tracker.go:362.28,364.12 2 0
github.com/kubernetes-sigs/aws-efs-csi-driver/pkg/driver/efs-ns/tracker.go:367.3,367.75 1 1
github.com/kubernetes-sigs/aws-efs-csi-driver/pkg/driver/efs-ns/tracker.go:367.75,370.4 2 0
github.com/kubernetes-sigs/aws-efs-csi-driver/pkg/driver/efs-ns/tracker.go:373.2,373.25 1 1
github.com/kubernetes-sigs/aws-efs-csi-driver/pkg/driver/efs-ns/tracker.go:373.25,376.3 1 0
github.com/kubernetes-sigs/aws-efs-csi-driver/pkg/driver/efs-ns/tracker.go:378.2,379.12 2 1
github.com/kubernetes-sigs/aws-efs-csi-driver/pkg/driver/efs-ns/tracker.go:383.119,386.16 2 1
github.com/kubernetes-sigs/aws-efs-csi-driver/pkg/driver/efs-ns/tracker.go:386.16,388.3 1 0
github.com/kubernetes-sigs/aws-efs-csi-driver/pkg/driver/efs-ns/tracker.go:391.2,392.16 2 1
github.com/kubernetes-sigs/aws-efs-csi-driver/pkg/driver/efs-ns/tracker.go:392.16,394.3 1 0
github.com/kubernetes-sigs/aws-efs-csi-driver/pkg/driver/efs-ns/tracker.go:397.2,398.36 2 1
github.com/kubernetes-sigs/aws-efs-csi-driver/pkg/driver/efs-ns/tracker.go:398.36,400.39 1 0
github.com/kubernetes-sigs/aws-efs-csi-driver/pkg/driver/efs-ns/tracker.go:400.39,402.18 2 0
github.com/kubernetes-sigs/aws-efs-csi-driver/pkg/driver/efs-ns/tracker.go:402.18,404.13 2 0
github.com/kubernetes-sigs/aws-efs-csi-driver/pkg/driver/efs-ns/tracker.go:407.4,407.108 1 0
github.com/kubernetes-sigs/aws-efs-csi-driver/pkg/driver/efs-ns/tracker.go:407.108,409.5 1 0
github.com/kubernetes-sigs/aws-efs-csi-driver/pkg/driver/efs-ns/tracker.go:414.2,415.32 2 1
github.com/kubernetes-sigs/aws-efs-csi-driver/pkg/driver/efs-ns/tracker.go:415.32,416.27 1 1
github.com/kubernetes-sigs/aws-efs-csi-driver/pkg/driver/efs-ns/tracker.go:416.27,420.4 3 1
github.com/kubernetes-sigs/aws-efs-csi-driver/pkg/driver/efs-ns/tracker.go:424.2,424.13 1 1
github.com/kubernetes-sigs/aws-efs-csi-driver/pkg/driver/efs-ns/tracker.go:424.13,425.25 1 1
github.com/kubernetes-sigs/aws-efs-csi-driver/pkg/driver/efs-ns/tracker.go:425.25,428.45 2 1
github.com/kubernetes-sigs/aws-efs-csi-driver/pkg/driver/efs-ns/tracker.go:428.45,430.5 1 0
github.com/kubernetes-sigs/aws-efs-csi-driver/pkg/driver/efs-ns/tracker.go:431.4,431.111 1 1
github.com/kubernetes-sigs/aws-efs-csi-driver/pkg/driver/efs-ns/tracker.go:432.9,435.18 2 0
github.com/kubernetes-sigs/aws-efs-csi-driver/pkg/driver/efs-ns/tracker.go:435.18,437.5 1 0
github.com/kubernetes-sigs/aws-efs-csi-driver/pkg/driver/efs-ns/tracker.go:439.4,441.18 3 0
github.com/kubernetes-sigs/aws-efs-csi-driver/pkg/driver/efs-ns/tracker.go:441.18,443.5 1 0
github.com/kubernetes-sigs/aws-efs-csi-driver/pkg/driver/efs-ns/tracker.go:444.4,444.112 1 0
github.com/kubernetes-sigs/aws-efs-csi-driver/pkg/driver/efs-ns/tracker.go:448.2,448.12 1 1
github.com/kubernetes-sigs/aws-efs-csi-driver/pkg/driver/efs-ns/tracker.go:452.73,454.2 1 12
github.com/kubernetes-sigs/aws-efs-csi-driver/pkg/driver/efs-ns/tracker.go:457.95,458.32 1 11
github.com/kubernetes-sigs/aws-efs-csi-driver/pkg/driver/efs-ns/tracker.go:458.32,460.3 1 2
github.com/kubernetes-sigs/aws-efs-csi-driver/pkg/driver/efs-ns/tracker.go:462.2,463.64 2 9
github.com/kubernetes-sigs/aws-efs-csi-driver/pkg/driver/efs-ns/tracker.go:463.64,465.3 1 0
github.com/kubernetes-sigs/aws-efs-csi-driver/pkg/driver/efs-ns/tracker.go:467.2,467.21 1 9
github.com/kubernetes-sigs/aws-efs-csi-driver/pkg/driver/efs-ns/tracker.go:467.21,469.3 1 0
github.com/kubernetes-sigs/aws-efs-csi-driver/pkg/driver/efs-ns/tracker.go:471.2,471.22 1 9
github.com/kubernetes-sigs/aws-efs-csi-driver/pkg/driver/efs-ns/tracker.go:475.103,476.24 1 5
github.com/kubernetes-sigs/aws-efs-csi-driver/pkg/driver/efs-ns/tracker.go:476.24,478.3 1 0
github.com/kubernetes-sigs/aws-efs-csi-driver/pkg/driver/efs-ns/tracker.go:480.2,481.16 2 5
github.com/kubernetes-sigs/aws-efs-csi-driver/pkg/driver/efs-ns/tracker.go:481.16,483.3 1 0
github.com/kubernetes-sigs/aws-efs-csi-driver/pkg/driver/efs-ns/tracker.go:485.2,485.26 1 5
github.com/kubernetes-sigs/aws-efs-csi-driver/pkg/driver/efs-ns/types.go:71.41,77.2 1 6
github.com/kubernetes-sigs/aws-efs-csi-driver/pkg/driver/efs-ns/types.go:80.66,81.20 1 18
github.com/kubernetes-sigs/aws-efs-csi-driver/pkg/driver/efs-ns/types.go:81.20,83.3 1 1
github.com/kubernetes-sigs/aws-efs-csi-driver/pkg/driver/efs-ns/types.go:85.2,86.21 2 17
github.com/kubernetes-sigs/aws-efs-csi-driver/pkg/driver/efs-ns/types.go:86.21,89.3 1 3
github.com/kubernetes-sigs/aws-efs-csi-driver/pkg/driver/efs-ns/types.go:91.2,91.32 1 14
github.com/kubernetes-sigs/aws-efs-csi-driver/pkg/driver/efs-ns/types.go:91.32,94.3 1 1
github.com/kubernetes-sigs/aws-efs-csi-driver/pkg/driver/efs-ns/types.go:96.2,100.21 4 13
github.com/kubernetes-sigs/aws-efs-csi-driver/pkg/driver/efs-ns/types.go:100.21,102.3 1 1
github.com/kubernetes-sigs/aws-efs-csi-driver/pkg/driver/efs-ns/types.go:103.2,103.24 1 12
github.com/kubernetes-sigs/aws-efs-csi-driver/pkg/driver/efs-ns/types.go:103.24,105.3 1 1
github.com/kubernetes-sigs/aws-efs-csi-driver/pkg/driver/efs-ns/types.go:106.2,106.21 1 11
github.com/kubernetes-sigs/aws-efs-csi-driver/pkg/driver/efs-ns/types.go:106.21,108.3 1 1
github.com/kubernetes-sigs/aws-efs-csi-driver/pkg/driver/efs-ns/types.go:110.2,114.8 1 10
github.com/kubernetes-sigs/aws-efs-csi-driver/pkg/driver/efs-ns/types.go:129.41,130.11 1 7
github.com/kubernetes-sigs/aws-efs-csi-driver/pkg/driver/efs-ns/types.go:131.128,132.14 1 5
github.com/kubernetes-sigs/aws-efs-csi-driver/pkg/driver/efs-ns/types.go:134.2,134.14 1 2
github.com/kubernetes-sigs/aws-efs-csi-driver/pkg/driver/efs-ns/types.go:185.41,187.2 1 10
github.com/kubernetes-sigs/aws-efs-csi-driver/pkg/driver/efs-ns/types.go:190.46,192.2 1 6
github.com/kubernetes-sigs/aws-efs-csi-driver/pkg/driver/efs-ns/types.go:216.46,217.102 1 11
github.com/kubernetes-sigs/aws-efs-csi-driver/pkg/driver/efs-ns/types.go:217.102,220.3 1 1
github.com/kubernetes-sigs/aws-efs-csi-driver/pkg/driver/efs-ns/types.go:222.2,222.99 1 10
github.com/kubernetes-sigs/aws-efs-csi-driver/pkg/driver/efs-ns/types.go:222.99,225.3 1 1
github.com/kubernetes-sigs/aws-efs-csi-driver/pkg/driver/efs-ns/types.go:227.2,227.122 1 9
github.com/kubernetes-sigs/aws-efs-csi-driver/pkg/driver/efs-ns/types.go:227.122,230.3 1 3
github.com/kubernetes-sigs/aws-efs-csi-driver/pkg/driver/efs-ns/types.go:232.2,232.12 1 6
github.com/kubernetes-sigs/aws-efs-csi-driver/pkg/driver/efs-ns/types.go:245.44,246.23 1 5
github.com/kubernetes-sigs/aws-efs-csi-driver/pkg/driver/efs-ns/types.go:246.23,248.3 1 1
github.com/kubernetes-sigs/aws-efs-csi-driver/pkg/driver/efs-ns/types.go:249.2,249.21 1 4
github.com/kubernetes-sigs/aws-efs-csi-driver/pkg/driver/efs-ns/types.go:249.21,251.3 1 1
github.com/kubernetes-sigs/aws-efs-csi-driver/pkg/driver/efs-ns/types.go:252.2,252.22 1 3
github.com/kubernetes-sigs/aws-efs-csi-driver/pkg/driver/efs-ns/types.go:252.22,254.3 1 1
github.com/kubernetes-sigs/aws-efs-csi-driver/pkg/driver/efs-ns/types.go:255.2,255.26 1 2
github.com/kubernetes-sigs/aws-efs-csi-driver/pkg/driver/efs-ns/types.go:255.26,257.3 1 1
github.com/kubernetes-sigs/aws-efs-csi-driver/pkg/driver/efs-ns/types.go:258.2,258.12 1 1
